"../../../Engine/Content/Functions/Engine_MaterialFunctions01/Shading/PowerToRoughness.uasset" 0
"../../../Engine/Content/Functions/Engine_MaterialFunctions01/Shading/ConvertFromDiffSpec.uasset" 1
"../../../Engine/Content/EngineMaterials/DefaultDiffuse.uasset" 2
"../../../Engine/Content/EngineMaterials/DefaultDeferredDecalMaterial.uasset" 3
"../../../Engine/Content/EngineMaterials/DefaultLightFunctionMaterial.uasset" 4
"../../../Engine/Content/Functions/Engine_MaterialFunctions02/Utility/BreakOutFloat2Components.uasset" 5
"../../../Engine/Content/EngineMaterials/DefaultPostProcessMaterial.uasset" 6
"../../../Engine/Content/EditorMaterials/Camera/CineMat.uasset" 7
"../../../Engine/Content/EditorMaterials/Camera/MI_CineMat_Rig.uasset" 8
"../../../Engine/Content/EditorMeshes/Camera/SM_CraneRig_Base.uasset" 9
"../../../Engine/Content/EditorMeshes/Camera/SM_CraneRig_Arm.uasset" 10
"../../../Engine/Content/EditorMeshes/Camera/SM_CraneRig_Mount.uasset" 11
"../../../Engine/Content/EditorMeshes/Camera/SM_CraneRig_Body.uasset" 12
"../../../Engine/Content/EditorMeshes/Camera/SM_RailRig_Track.uasset" 13
"../../../Engine/Content/EditorMeshes/Camera/SM_RailRig_Mount.uasset" 14
"../../../Engine/Content/EngineResources/AICON-Red.uasset" 15
"../../../Engine/Content/EngineResources/AICON-Green.uasset" 16
"../../../Engine/Content/EngineFonts/Roboto.uasset" 17
"../../../Engine/Content/EngineResources/DefaultTexture.uasset" 18
"../../../Engine/Content/Functions/Engine_MaterialFunctions01/Texturing/ScaleUVsByCenter.uasset" 19
"../../../Engine/Content/Functions/Engine_MaterialFunctions02/ScreenResolution.uasset" 20
"../../../Engine/Content/Functions/Engine_MaterialFunctions02/Texturing/ScreenAlignedUVs.uasset" 21
"../../../Engine/Content/EngineResources/WhiteSquareTexture.uasset" 22
"../../../Engine/Content/EngineMaterials/Widget3DPassThrough.uasset" 23
"../../../Engine/Content/EngineMaterials/Widget3DPassThrough_Translucent.uasset" 24
"../../../Engine/Content/EngineMaterials/Widget3DPassThrough_Translucent_OneSided.uasset" 25
"../../../Engine/Content/EngineMaterials/Widget3DPassThrough_Opaque.uasset" 26
"../../../Engine/Content/EngineMaterials/Widget3DPassThrough_Opaque_OneSided.uasset" 27
"../../../Engine/Content/EngineMaterials/Widget3DPassThrough_Masked.uasset" 28
"../../../Engine/Content/EngineMaterials/Widget3DPassThrough_Masked_OneSided.uasset" 29
"../../../Engine/Content/EditorResources/S_Actor.uasset" 30
"../../../Engine/Content/EditorMaterials/AssetViewer/EpicQuadPanorama_CC+EV1.uasset" 31
"../../../Engine/Content/EditorResources/RGBTable16x1_AssetViewer.uasset" 32
"../../../Engine/Content/Maps/Templates/Thumbnails/Default.uasset" 33
"../../../Engine/Content/Maps/Templates/Thumbnails/VR-Basic.uasset" 34
"../../../Engine/Content/EditorMaterials/ParticleSystems/PSysThumbnail_NoImage.uasset" 35
"../../../Engine/Content/EditorMaterials/ParticleSystems/PSysThumbnail_OOD.uasset" 36
"../../../Engine/Content/EditorLandscapeResources/DataLayer.uasset" 37
"../../../Engine/Content/EngineDamageTypes/DmgTypeBP_Environmental.uasset" 38
"../../../Engine/Content/EngineMeshes/Sphere.uasset" 39
"../../../Engine/Content/EngineFonts/RobotoDistanceField.uasset" 40
"../../../Engine/Content/EngineMaterials/DefaultTextMaterialOpaque.uasset" 41
"../../../Engine/Content/EditorResources/S_Trigger.uasset" 42
"../../../Engine/Content/EngineResources/GradientTexture0.uasset" 43
"../../../Engine/Content/EngineResources/Black.uasset" 44
"../../../Engine/Content/EditorMaterials/MatineeGroups/MAT_Groups_Float.uasset" 45
"../../../Engine/Content/EditorMaterials/MatineeGroups/MAT_Groups_Director.uasset" 46
"../../../Engine/Content/EditorMaterials/MatineeGroups/MAT_Groups_Event.uasset" 47
"../../../Engine/Content/EditorMaterials/MatineeGroups/MAT_Groups_Anim.uasset" 48
"../../../Engine/Content/EditorMaterials/MatineeGroups/MAT_Groups_Fade.uasset" 49
"../../../Engine/Content/EditorMaterials/MatineeGroups/MAT_Groups_Move.uasset" 50
"../../../Engine/Content/EditorMaterials/MatineeGroups/MAT_Groups_Slomo.uasset" 51
"../../../Engine/Content/EditorMaterials/MatineeGroups/MAT_ColorTrack.uasset" 52
"../../../Engine/Content/EditorMaterials/MAT_Groups_Toggle.uasset" 53
"../../../Engine/Content/EditorMaterials/MatineeGroups/MAT_Groups_AudioMaster.uasset" 54
"../../../Engine/Content/EditorMaterials/MatineeGroups/MAT_Groups_Sound.uasset" 55
"../../../Engine/Content/EditorMaterials/MatineeGroups/MAT_Groups_Vector.uasset" 56
"../../../Engine/Content/EditorMaterials/MAT_Groups_Visibility.uasset" 57
"../../../Engine/Content/EngineResources/DefaultTextureCube.uasset" 58
"../../../Engine/Content/Functions/Engine_MaterialFunctions01/Opacity/CameraDepthFade.uasset" 59
"../../../Engine/Content/EngineMaterials/T_Default_Material_Grid_M.uasset" 60
"../../../Engine/Content/EngineMaterials/T_Default_Material_Grid_N.uasset" 61
"../../../Engine/Content/EngineMaterials/DefaultMaterial.uasset" 62
"../../../Engine/Content/EngineMeshes/Cylinder.uasset" 63
"../../../Engine/Content/EngineTireTypes/DefaultTireType.uasset" 64
"../../../Engine/Content/VREditor/LaserPointer/VR_LaserPower_01.uasset" 65
"../../../Engine/Content/VREditor/TransformGizmo/TransformGizmoMaterial.uasset" 66
"../../../Engine/Content/VREditor/TransformGizmo/TranslucentTransformGizmoMaterial.uasset" 67
"../../../Engine/Content/VREditor/TransformGizmo/UniformScaleHandle.uasset" 68
"../../../Engine/Content/VREditor/TransformGizmo/TranslateHandleLong.uasset" 69
"../../../Engine/Content/VREditor/TransformGizmo/PlaneTranslationHandle.uasset" 70
"../../../Engine/Content/VREditor/TransformGizmo/RotationHandleFull.uasset" 71
"../../../Engine/Content/VREditor/TransformGizmo/StretchingHandle.uasset" 72
"../../../Engine/Content/VREditor/TransformGizmo/BoundingBoxCorner.uasset" 73
"../../../Engine/Content/VREditor/TransformGizmo/BoundingBoxEdge.uasset" 74
"../../../Engine/Content/VREditor/UI/SelectionBarMesh.uasset" 75
"../../../Engine/Content/VREditor/UI/CloseButtonMesh.uasset" 76
"../../../Engine/Content/VREditor/FloatingText/LineMaterial.uasset" 77
"../../../Engine/Content/VREditor/FloatingText/LineSegmentCylinder.uasset" 78
"../../../Engine/Content/VREditor/FloatingText/JointSphere.uasset" 79
"../../../Engine/Content/VREditor/Fonts/VRText_RobotoLarge.uasset" 80
"../../../Engine/Content/VREditor/Fonts/VRTextMaterial.uasset" 81
"../../../Engine/Content/VREditor/Fonts/TranslucentVRTextMaterial.uasset" 82
"../../../Engine/Content/VREditor/TransformGizmo/TranslationHandle.uasset" 83
"../../../Engine/Content/VREditor/TransformGizmo/RotationHandle.uasset" 84
"../../../Engine/Content/VREditor/Devices/Generic/GenericHMDMaterial.uasset" 85
"../../../Engine/Content/VREditor/Devices/Generic/GenericHMD.uasset" 86
"../../../Engine/Content/Functions/Engine_MaterialFunctions01/Gradient/RadialGradient.uasset" 87
"../../../Engine/Content/EditorLandscapeResources/FlattenHeightMat.uasset" 88
"../../../Engine/Content/VREditor/WorldMovementGrid/PlaneMesh.uasset" 89
"../../../Engine/Content/VREditor/WorldMovementGrid/SimpleGrid.uasset" 90
"../../../Engine/Content/VREditor/WorldMovementGrid/GridMaterial.uasset" 91
"../../../Engine/Content/VREditor/LaserPointer/LaserPointerMaterial.uasset" 92
"../../../Engine/Content/VREditor/LaserPointer/LaserPointerMaterialInst.uasset" 93
"../../../Engine/Content/VREditor/LaserPointer/TranslucentLaserPointerMaterialInst.uasset" 94
"../../../Engine/Content/VREditor/LaserPointer/LaserPointerMesh.uasset" 95
"../../../Engine/Content/Functions/Engine_MaterialFunctions01/Density/ExponentialDensity.uasset" 96
"../../../Engine/Content/VREditor/WorldMovementGrid/GridPostProcess.uasset" 97
"../../../Engine/Content/VREditor/Sounds/VR_teleport_Cue.uasset" 98
"../../../Engine/Content/VREditor/Sounds/VR_grab_Cue.uasset" 99
"../../../Engine/Content/Tutorial/Basics/TutorialAssets/icon_tab_Levels_40x.uasset" 100
"../../../Engine/Content/Tutorial/ContentIntroCurve.uasset" 101
"../../../Engine/Plugins/2D/Paper2D/Content/PlaceholderTextures/DummySpriteTexture.uasset" 102
"../../../Engine/Plugins/2D/Paper2D/Content/DefaultSpriteMaterial.uasset" 103
"../../../Engine/Plugins/2D/Paper2D/Content/MaskedUnlitSpriteMaterial.uasset" 104
"../../../Engine/Plugins/2D/Paper2D/Content/OpaqueUnlitSpriteMaterial.uasset" 105
"../../../Engine/Plugins/2D/Paper2D/Content/DummySprite.uasset" 106
"../../../Engine/Plugins/2D/Paper2D/Content/DefaultPaperTerrainMaterial.uasset" 107
"../../../Engine/Content/EngineMaterials/RemoveSurfaceMaterial.uasset" 108
"../../../Engine/Content/EngineDebugMaterials/DebugMeshMaterial.uasset" 109
"../../../Engine/Content/EngineMaterials/InvalidLightmapSettings.uasset" 110
"../../../Engine/Content/EngineMaterials/M_InvalidLightmapSettings.uasset" 111
"../../../Engine/Content/EditorMaterials/GizmoMaterial.uasset" 112
"../../../Engine/Content/EngineMaterials/PhAT_JointLimitMaterial.uasset" 113
"../../../Engine/Content/EngineMaterials/DefaultBokeh.uasset" 114
"../../../Engine/Content/EngineMaterials/PreintegratedSkinBRDF.uasset" 115
"../../../Engine/Content/EngineMaterials/MiniFont.uasset" 116
"../../../Engine/Content/EngineMaterials/WeightMapPlaceholderTexture.uasset" 117
"../../../Engine/Content/EngineMaterials/DefaultWhiteGrid.uasset" 118
"../../../Engine/Content/EngineMaterials/DefaultPhysicalMaterial.uasset" 119
"../../../Engine/Content/EngineFonts/RobotoTiny.uasset" 120
"../../../Engine/Content/EditorSounds/Notifications/CompileSuccess.uasset" 121
"../../../Engine/Content/EditorSounds/Notifications/CompileStart_Cue.uasset" 122
"../../../Engine/Content/EditorSounds/Notifications/CompileSuccess_Cue.uasset" 123
"../../../Engine/Content/EditorSounds/Notifications/CompileFailed.uasset" 124
"../../../Engine/Content/EditorSounds/Notifications/CompileFailed_Cue.uasset" 125
"../../../Engine/Content/EditorResources/AudioIcons/S_AudioComponent.uasset" 126
"../../../Engine/Content/MobileResources/HUD/MobileHUDButtonFire.uasset" 127
"../../../Engine/Content/MobileResources/HUD/MobileHUDDirectionPad.uasset" 128
"../../../Engine/Content/MobileResources/HUD/MobileHUDDirectionPad3.uasset" 129
"../../../Engine/Content/MobileResources/HUD/T_Castle_ThumbstickOutter.uasset" 130
"../../../Engine/Content/MobileResources/HUD/T_Castle_ThumbstickInner.uasset" 131
"../../../Engine/Content/EditorBlueprintResources/StandardMacros.uasset" 132
"../../../Engine/Content/BasicShapes/BasicShapeMaterial.uasset" 133
"../../../PartyGame/Content/PlayerCharacter/Materials/M_BaseMaterial.uasset" 134
"../../../Engine/Content/EngineMaterials/WorldGridMaterial.uasset" 135
"../../../Engine/Content/BasicShapes/Cube.uasset" 136
"../../../PartyGame/Content/GameModes/PoleJump/PoleCharacter.uasset" 137
"../../../Engine/Content/BasicShapes/Sphere.uasset" 138
"../../../PartyGame/Content/PushingProjectile.uasset" 139
"../../../PartyGame/Content/Environment/Materials/M_Red.uasset" 140
"../../../PartyGame/Content/Environment/Materials/M_Yellow.uasset" 141
"../../../PartyGame/Content/Environment/Textures/T_StoneWall_A.uasset" 142
"../../../PartyGame/Content/Environment/Materials/M_StoneWall_Master.uasset" 143
"../../../PartyGame/Content/Environment/Materials/M_StoneWall_A_Inst.uasset" 144
"../../../PartyGame/Content/Environment/Materials/M_StoneWall_FlatColor.uasset" 145
"../../../PartyGame/Content/Environment/Materials/M_StoneWall_FlatColor_Inst2.uasset" 146
"../../../PartyGame/Content/Environment/Meshes/SM_Castle_BlockRoof_A.uasset" 147
"../../../PartyGame/Content/Environment/Meshes/SM_Shape_Cube.uasset" 148
"../../../PartyGame/Content/Environment/Textures/T_Bumpy_N.uasset" 149
"../../../PartyGame/Content/Environment/Materials/M_Skybox_A.uasset" 150
"../../../PartyGame/Content/Environment/Materials/M_Skybox_A_Inst.uasset" 151
"../../../PartyGame/Content/Environment/Meshes/SM_SkyDome.uasset" 152
"../../../PartyGame/Content/Environment/Textures/T_BrushStrokes_B.uasset" 153
"../../../PartyGame/Content/Environment/Materials/M_Tree_Background.uasset" 154
"../../../PartyGame/Content/Environment/Materials/M_Tree_Background_Inst.uasset" 155
"../../../Engine/Content/Functions/Engine_MaterialFunctions03/Particles/Distance_Blend.uasset" 156
"../../../PartyGame/Content/Environment/Textures/T_BrushStrokes_A.uasset" 157
"../../../PartyGame/Content/Environment/Materials/M_Tree_Bark_A.uasset" 158
"../../../PartyGame/Content/Environment/Materials/M_Tree_Bark_A_Inst.uasset" 159
"../../../PartyGame/Content/Environment/Meshes/SM_Tree_Cluster_A.uasset" 160
"../../../Engine/Content/Functions/Engine_MaterialFunctions01/Gradient/LinearGradient.uasset" 161
"../../../Engine/Content/Functions/Engine_MaterialFunctions01/ImageAdjustment/CheapContrast.uasset" 162
"../../../Engine/Content/Functions/Engine_MaterialFunctions01/Texturing/WorldAlignedTexture.uasset" 163
"../../../PartyGame/Content/Environment/Textures/T_ShapeNormal.uasset" 164
"../../../PartyGame/Content/Environment/Textures/T_Water_Waves_M.uasset" 165
"../../../PartyGame/Content/Environment/Materials/M_Water_Waves.uasset" 166
"../../../PartyGame/Content/Environment/Materials/M_Water_Waves_Inst.uasset" 167
"../../../PartyGame/Content/Environment/Meshes/SM_Water_Waves.uasset" 168
"../../../PartyGame/Content/Environment/Textures/T_Grass_A.uasset" 169
"../../../PartyGame/Content/Environment/Materials/M_Grass_Masked.uasset" 170
"../../../PartyGame/Content/Environment/Materials/M_Grass_Masked_Water_A_Inst.uasset" 171
"../../../PartyGame/Content/Environment/Meshes/SM_Water_Waves_A.uasset" 172
"../../../PartyGame/Content/Environment/Meshes/SM_Water_Waves_B.uasset" 173
"../../../PartyGame/Content/GameModes/PoleJump/Sphere_DM.uasset" 174
"../../../PartyGame/Content/GameModes/Props/Teleporter/Teleporter.uasset" 175
"../../../PartyGame/Content/GameModes/Props/Trampoline/M_Trampoline.uasset" 176
"../../../PartyGame/Content/GameModes/PoleJump/TestProjectile.uasset" 177
"../../../PartyGame/Content/GameModes/Props/Turret/TestTurret.uasset" 178
"../../../PartyGame/Content/GameModes/StopAndGo/E_StopAndGo.uasset" 179
"../../../PartyGame/Content/Libs/PlayerColors.uasset" 180
"../../../PartyGame/Content/PlayerCharacter/The_limited_1_BodyMat.uasset" 181
"../../../PartyGame/Content/PlayerCharacter/The_limited_1_Eye_Cube_1Mat.uasset" 182
"../../../PartyGame/Content/PlayerCharacter/The_limited_1_Eye_CubeMat.uasset" 183
"../../../PartyGame/Content/PlayerCharacter/The_limited_1_Head_1Mat.uasset" 184
"../../../PartyGame/Content/PlayerCharacter/The_limited_1_mouthMat.uasset" 185
"../../../PartyGame/Content/PlayerCharacter/The_limited_1_N_Text___N1_N2_Cap_1Mat.uasset" 186
"../../../PartyGame/Content/PlayerCharacter/The_limited_1_N_Text___N1_N2_Cap_2Mat.uasset" 187
"../../../PartyGame/Content/PlayerCharacter/The_limited_1_N_Text___N1_N2Mat.uasset" 188
"../../../PartyGame/Content/PlayerCharacter/The_Limited_4.uasset" 189
"../../../PartyGame/Content/PlayerCharacter/Materials/M_BaseMaterial_Inst.uasset" 190
"../../../PartyGame/Content/StarterContent/Materials/M_Basic_Wall.uasset" 191
"../../../PartyGame/Content/StarterContent/Architecture/Pillar_50x500.uasset" 192
"../../../PartyGame/Content/StarterContent/Architecture/Wall_400x300.uasset" 193
"../../../PartyGame/Content/StarterContent/Architecture/Wall_400x400.uasset" 194
"../../../PartyGame/Content/StarterContent/Architecture/Wall_500x500.uasset" 195
"../../../PartyGame/Content/StarterContent/Architecture/Wall_Door_400x400.uasset" 196
"../../../PartyGame/Content/StarterContent/Architecture/Wall_Window_400x400.uasset" 197
"../../../PartyGame/Content/StarterContent/Audio/Light01_Cue.uasset" 198
"../../../PartyGame/Content/StarterContent/Audio/Light02_Cue.uasset" 199
"../../../PartyGame/Content/StarterContent/Audio/Explosion_Cue.uasset" 200
"../../../PartyGame/Content/StarterContent/Textures/T_Burst_M.uasset" 201
"../../../PartyGame/Content/StarterContent/Particles/Materials/M_Burst.uasset" 202
"../../../PartyGame/Content/StarterContent/Textures/T_Explosion_SubUV.uasset" 203
"../../../PartyGame/Content/StarterContent/Particles/Materials/M_explosion_subUV.uasset" 204
"../../../PartyGame/Content/StarterContent/Particles/Materials/m_flare_01.uasset" 205
"../../../PartyGame/Content/StarterContent/Particles/Materials/M_radial_ramp.uasset" 206
"../../../PartyGame/Content/StarterContent/Textures/T_Smoke_SubUV.uasset" 207
"../../../PartyGame/Content/StarterContent/Textures/T_Smoke_Tiled_D.uasset" 208
"../../../PartyGame/Content/StarterContent/Particles/Materials/M_smoke_subUV.uasset" 209
"../../../PartyGame/Content/StarterContent/Particles/P_Explosion.uasset" 210
"../../../PartyGame/Content/StarterContent/Blueprints/Blueprint_Effect_Explosion.uasset" 211
"../../../Engine/Content/EditorMeshes/ColorCalibrator/T_ColorGrid.uasset" 212
"../../../PartyGame/Content/StarterContent/Materials/M_ColorGrid_LowSpec.uasset" 213
"../../../PartyGame/Content/StarterContent/Textures/T_Bush_D.uasset" 214
"../../../PartyGame/Content/StarterContent/Textures/T_Bush_N.uasset" 215
"../../../PartyGame/Content/StarterContent/Props/Materials/M_Bush.uasset" 216
"../../../PartyGame/Content/StarterContent/Props/SM_Bush.uasset" 217
"../../../PartyGame/Content/StarterContent/Textures/T_Chair_M.uasset" 218
"../../../PartyGame/Content/StarterContent/Textures/T_Chair_N.uasset" 219
"../../../PartyGame/Content/StarterContent/Props/Materials/M_Chair.uasset" 220
"../../../PartyGame/Content/StarterContent/Props/SM_Couch.uasset" 221
"../../../PartyGame/Content/StarterContent/Materials/M_Glass.uasset" 222
"../../../PartyGame/Content/StarterContent/Textures/T_Door_M.uasset" 223
"../../../PartyGame/Content/StarterContent/Textures/T_Door_N.uasset" 224
"../../../PartyGame/Content/StarterContent/Props/Materials/M_Door.uasset" 225
"../../../PartyGame/Content/StarterContent/Props/SM_Door.uasset" 226
"../../../PartyGame/Content/StarterContent/Props/Materials/M_MaterialSphere.uasset" 227
"../../../PartyGame/Content/StarterContent/Props/Materials/M_MaterialSphere_Plain.uasset" 228
"../../../PartyGame/Content/StarterContent/Props/SM_MatPreviewMesh_02.uasset" 229
"../../../Engine/Content/Functions/Engine_MaterialFunctions02/Utility/BlendAngleCorrectedNormals.uasset" 230
"../../../PartyGame/Content/StarterContent/Textures/T_Detail_Rocky_N.uasset" 231
"../../../PartyGame/Content/StarterContent/Textures/T_Rock_Basalt_D.uasset" 232
"../../../PartyGame/Content/StarterContent/Textures/T_RockMesh_M.uasset" 233
"../../../PartyGame/Content/StarterContent/Textures/T_RockMesh_N.uasset" 234
"../../../PartyGame/Content/StarterContent/Props/Materials/M_Rock.uasset" 235
"../../../PartyGame/Content/StarterContent/Props/SM_Rock.uasset" 236
"../../../PartyGame/Content/StarterContent/Textures/T_Shelf_M.uasset" 237
"../../../PartyGame/Content/StarterContent/Textures/T_Shelf_N.uasset" 238
"../../../PartyGame/Content/StarterContent/Props/Materials/M_Shelf.uasset" 239
"../../../PartyGame/Content/StarterContent/Props/SM_Shelf.uasset" 240
"../../../PartyGame/Content/StarterContent/Materials/M_Basic_Floor.uasset" 241
"../../../PartyGame/Content/StarterContent/Props/SM_Stairs.uasset" 242
"../../../PartyGame/Content/StarterContent/Shapes/Shape_Cone.uasset" 243
"../../../PartyGame/Content/StarterContent/Shapes/Shape_Cylinder.uasset" 244
"../../../PartyGame/Content/StarterContent/Shapes/Shape_NarrowCapsule.uasset" 245
"../../../PartyGame/Content/StarterContent/Shapes/Shape_Pipe.uasset" 246
"../../../PartyGame/Content/StarterContent/Shapes/Shape_Pipe_180.uasset" 247
"../../../PartyGame/Content/StarterContent/Shapes/Shape_Pipe_90.uasset" 248
"../../../PartyGame/Content/StarterContent/Shapes/Shape_Torus.uasset" 249
"../../../PartyGame/Content/StarterContent/Shapes/Shape_Trim.uasset" 250
"../../../PartyGame/Content/StarterContent/Shapes/Shape_Trim_90_In.uasset" 251
"../../../PartyGame/Content/StarterContent/Shapes/Shape_Trim_90_Out.uasset" 252
"../../../PartyGame/Content/StarterContent/Shapes/Shape_TriPyramid.uasset" 253
"../../../PartyGame/Content/StarterContent/Shapes/Shape_Tube.uasset" 254
"../../../PartyGame/Content/StarterContent/Shapes/Shape_Wedge_A.uasset" 255
"../../../PartyGame/Content/StarterContent/Shapes/Shape_Wedge_B.uasset" 256
"../../../PartyGame/Content/StarterContent/Shapes/Shape_WideCapsule.uasset" 257
"../../../PartyGame/Content/Libs/PGameInstance.uasset" 258
"../../../PartyGame/Content/Startlevel/GUI/PlayerCharacterImage.uasset" 259
"../../../PartyGame/Content/Startlevel/GUI/PlayerSelection.uasset" 260
"../../../PartyGame/Content/Startlevel/GUI/MenuController.uasset" 261
"../../../PartyGame/Content/Startlevel/GUI/SelectionPawn.uasset" 262
"../../../PartyGame/Content/Startlevel/GUI/PlayerSelectionGameMode.uasset" 263
"../../../PartyGame/Content/Libs/Score.uasset" 264
"../../../PartyGame/Content/Libs/PartyGameInstance2.uasset" 265
"../../../PartyGame/Content/Startlevel/GUI/LevelSelectButton.uasset" 266
"../../../Engine/Content/EditorResources/AudioIcons/S_AudioComponent_AutoActivate.uasset" 267
"../../../Engine/Content/EditorResources/LightIcons/S_LightError.uasset" 268
"../../../Engine/Content/EditorResources/EmptyActor.uasset" 269
"../../../Engine/Content/BasicShapes/Cone.uasset" 270
"../../../Engine/Content/BasicShapes/Cylinder.uasset" 271
"../../../Engine/Content/EditorMaterials/PreviewShadowIndicator.uasset" 272
"../../../Engine/Content/EditorMaterials/PreviewShadowIndicatorMaterial.uasset" 273
"../../../Engine/Content/EditorResources/BSPVertex.uasset" 274
"../../../Engine/Content/EngineDebugMaterials/HeatmapGradient.uasset" 275
"../../../Engine/Content/EngineDebugMaterials/BoneWeightMaterial.uasset" 276
"../../../Engine/Content/EngineDebugMaterials/GeomMaterial.uasset" 277
"../../../Engine/Content/EngineMaterials/EditorBrushMaterial.uasset" 278
"../../../Engine/Content/EngineMeshes/Cube.uasset" 279
"../../../Engine/Content/MobileResources/T_MobileControls_texture.uasset" 280
"../../../Engine/Content/MobileResources/T_MobileMenu2.uasset" 281
"../../../Engine/Content/MobileResources/HUD/AnalogHat.uasset" 282
"../../../Engine/Content/MobileResources/HUD/VirtualJoystick_Background.uasset" 283
"../../../Engine/Content/MobileResources/HUD/VirtualJoystick_Thumb.uasset" 284
"../../../Engine/Content/MobileResources/HUD/DefaultVirtualJoysticks.uasset" 285
"../../../Engine/Content/MobileResources/HUD/LeftVirtualJoystickOnly.uasset" 286
"../../../Engine/Content/MobileResources/HUD/MobileHUDButton1_off.uasset" 287
"../../../Engine/Content/MobileResources/HUD/MobileHUDButton1_on.uasset" 288
"../../../Engine/Content/MobileResources/HUD/MobileHUDButton2_off.uasset" 289
"../../../Engine/Content/MobileResources/HUD/MobileHUDButton2_on.uasset" 290
"../../../Engine/Content/MobileResources/HUD/MobileHUDButton3.uasset" 291
"../../../Engine/Content/MobileResources/HUD/MobileHUDDirectionPad2.uasset" 292
"../../../Engine/Content/MobileResources/HUD/MobileHUDDirectionStick.uasset" 293
"../../../Engine/Content/Tutorial/BlueprintTutorials/TutorialAssets/BlueprintInterface_64x.uasset" 294
"../../../Engine/Content/Tutorial/BlueprintTutorials/TutorialAssets/BlueprintMacroLibrary_64x.uasset" 295
"../../../Engine/Content/Tutorial/BlueprintTutorials/TutorialAssets/Blueprint_64x.uasset" 296
"../../../Engine/Content/Tutorial/BlueprintTutorials/TutorialAssets/Tutorial_BP_Interface.uasset" 297
"../../../Engine/Content/Tutorial/Foliage/TutorialAssets/Foliage.uasset" 298
"../../../Engine/Content/Tutorial/Landscape/TutorialAssets/Landscape.uasset" 299
"../../../Engine/Content/Tutorial/Paper2D/TutorialAssets/Paper2DFlipbook_TutorialIcon.uasset" 300
"../../../Engine/Content/Tutorial/Paper2D/TutorialAssets/Paper2DSprite_TutorialIcon.uasset" 301
"../../../Engine/Content/Tutorial/SubEditors/TutorialAssets/icon_Editor_Preferences_General_40x.uasset" 302
"../../../Engine/Content/Tutorial/SubEditors/TutorialAssets/icon_ShowSkeletalMeshes_40x.uasset" 303
"../../../Engine/Content/Tutorial/SubEditors/TutorialAssets/TutorialMaterial.uasset" 304
"../../../Engine/Content/Tutorial/SubEditors/TutorialAssets/T_SmokeSubUV_8X8.uasset" 305
"../../../Engine/Content/Tutorial/SubEditors/TutorialAssets/T_soft_smoke.uasset" 306
"../../../Engine/Content/Tutorial/SubEditors/TutorialAssets/M_smoke_subUV_blackbody.uasset" 307
"../../../Engine/Content/Tutorial/SubEditors/TutorialAssets/TutorialParticleSystem.uasset" 308
"../../../Engine/Content/EditorMeshes/EditorCube.uasset" 309
"../../../Engine/Content/Tutorial/SubEditors/TutorialAssets/Tutorial_DM.uasset" 310
"../../../PartyGame/Content/PlayerCharacter/PartyPlayerControllerInstance.uasset" 311
"../../../PartyGame/Content/PlayerCharacter/PC.uasset" 312
"../../../PartyGame/Content/PlayerCharacter/PartyGameMode.uasset" 313
"../../../PartyGame/Content/StartLevel.umap" 314
"../../../PartyGame/Content/GameModes/FootStooling/HealthSpawner.uasset" 315
"../../../PartyGame/Content/Environment/Textures/T_Mushroom_A.uasset" 316
"../../../PartyGame/Content/Environment/Materials/M_Mushroom_A.uasset" 317
"../../../PartyGame/Content/Environment/Materials/M_Mushroom_A_Inst.uasset" 318
"../../../PartyGame/Content/Environment/Meshes/SM_Mushroom_A.uasset" 319
"../../../PartyGame/Content/GameModes/Props/Trampoline/Trampoline_Bounce_Cue.uasset" 320
"../../../PartyGame/Content/GameModes/Props/Trampoline/Trampoline.uasset" 321
"../../../Engine/Content/EngineSky/C_Sky_Cloud_Color.uasset" 322
"../../../Engine/Content/EngineSky/C_Sky_Horizon_Color.uasset" 323
"../../../Engine/Content/EngineSky/C_Sky_Zenith_Color.uasset" 324
"../../../Engine/Content/EngineSky/T_Sky_Blue.uasset" 325
"../../../Engine/Content/EngineSky/T_Sky_Clouds_M.uasset" 326
"../../../Engine/Content/EngineSky/T_Sky_Stars.uasset" 327
"../../../Engine/Content/EngineSky/M_Sky_Panning_Clouds2.uasset" 328
"../../../Engine/Content/EngineSky/SM_SkySphere.uasset" 329
"../../../Engine/Content/EngineSky/BP_Sky_Sphere.uasset" 330
"../../../PartyGame/Content/GameModes/FootStooling/FootstoolingCharacter.uasset" 331
"../../../PartyGame/Content/PlayerCharacter/PartyPlayerState.uasset" 332
"../../../PartyGame/Content/GameModes/FootStooling/GUI/Footstooling_GUI_Player.uasset" 333
"../../../PartyGame/Content/GameModes/FootStooling/GUI/Footstooling_GUI.uasset" 334
"../../../PartyGame/Content/GUI/Score_GUI_Player.uasset" 335
"../../../PartyGame/Content/GUI/Score_GUI.uasset" 336
"../../../PartyGame/Content/GameModes/FootStooling/Footstooling.uasset" 337
"../../../Engine/Content/Functions/Engine_MaterialFunctions01/WorldPositionOffset/SimpleGrassWind.uasset" 338
"../../../PartyGame/Content/GameModes/FootStooling/Materials/M_HealthPickup.uasset" 339
"../../../PartyGame/Content/GameModes/FootStooling/HealthPickup.uasset" 340
"../../../PartyGame/Content/Libs/CameraMode.uasset" 341
"../../../PartyGame/Content/PlayerCharacter/Camera.uasset" 342
"../../../Engine/Content/Functions/Engine_MaterialFunctions01/AlphaBlend/WorldAlignedBlend.uasset" 343
"../../../PartyGame/Content/GameModes/World/M_FloorTexture.uasset" 344
"../../../Engine/Content/MapTemplates/SM_Template_Map_Floor.uasset" 345
"../../../PartyGame/Content/Environment/Textures/T_BackgroundHouses_A.uasset" 346
"../../../PartyGame/Content/Environment/Materials/M_BackgroundHouses_A.uasset" 347
"../../../PartyGame/Content/Environment/Meshes/SM_BackgroundHouses_A.uasset" 348
"../../../Engine/Content/Functions/Engine_MaterialFunctions02/Fresnel_Function.uasset" 349
"../../../PartyGame/Content/Environment/Materials/M_Bush_Clumps.uasset" 350
"../../../PartyGame/Content/Environment/Textures/T_Bush_Squiggly.uasset" 351
"../../../PartyGame/Content/Environment/Materials/M_Bush_Lines.uasset" 352
"../../../PartyGame/Content/Environment/Meshes/SM_Bushes_Cluster_A.uasset" 353
"../../../PartyGame/Content/Environment/Materials/M_StoneWall_FlatColor_Inst.uasset" 354
"../../../PartyGame/Content/Environment/Meshes/SM_Castle_Tower_A.uasset" 355
"../../../PartyGame/Content/Environment/Meshes/SM_Castle_Tower_B.uasset" 356
"../../../PartyGame/Content/Environment/Meshes/SM_Castle_Wall_A.uasset" 357
"../../../PartyGame/Content/Environment/Meshes/SM_Castle_Wall_Top.uasset" 358
"../../../PartyGame/Content/Environment/Materials/M_StoneWall_FlatColor_Inst3.uasset" 359
"../../../PartyGame/Content/Environment/Meshes/SM_Castle_Window_A.uasset" 360
"../../../Engine/Content/Functions/Engine_MaterialFunctions02/ObjectLocalBounds.uasset" 361
"../../../Engine/Content/Functions/Engine_MaterialFunctions02/Utility/BreakOutFloat3Components.uasset" 362
"../../../Engine/Content/Functions/Engine_MaterialFunctions02/UVs/BoundingBoxBased_0-1_UVW.uasset" 363
"../../../PartyGame/Content/Environment/Materials/Fake_Lighting_MPC.uasset" 364
"../../../PartyGame/Content/Environment/Materials/M_Cloud_Solid.uasset" 365
"../../../PartyGame/Content/Environment/Meshes/SM_Clouds_A.uasset" 366
"../../../Engine/Content/Functions/Engine_MaterialFunctions02/Texturing/WorldPositionWithScale.uasset" 367
"../../../PartyGame/Content/Environment/Textures/T_Wood_Sheet.uasset" 368
"../../../PartyGame/Content/Environment/Materials/M_Wood_Sheet_Master.uasset" 369
"../../../PartyGame/Content/Environment/Meshes/SM_Dock_Floor.uasset" 370
"../../../PartyGame/Content/Environment/Materials/M_Wood_Sheet_Pillar_Inst.uasset" 371
"../../../PartyGame/Content/Environment/Materials/M_Wood_Sheet_Rings_Inst.uasset" 372
"../../../PartyGame/Content/Environment/Meshes/SM_Dock_Pillar.uasset" 373
"../../../PartyGame/Content/Environment/Materials/M_Flag_Waving.uasset" 374
"../../../PartyGame/Content/Environment/Materials/M_Flag_Waving_Inst.uasset" 375
"../../../PartyGame/Content/Environment/Meshes/SM_Flag.uasset" 376
"../../../PartyGame/Content/Environment/Materials/M_Grass_Masked_D_Inst.uasset" 377
"../../../PartyGame/Content/Environment/Meshes/SM_Grass_02.uasset" 378
"../../../PartyGame/Content/Environment/Materials/M_Grass_Masked_B_Inst.uasset" 379
"../../../PartyGame/Content/Environment/Meshes/SM_Grass_03.uasset" 380
"../../../PartyGame/Content/Environment/Meshes/SM_Grass_03_B.uasset" 381
"../../../PartyGame/Content/Environment/Materials/M_Grass_Masked_C_Inst.uasset" 382
"../../../PartyGame/Content/Environment/Meshes/SM_Grass_04.uasset" 383
"../../../PartyGame/Content/Environment/Materials/M_Grass_Masked_E_Inst.uasset" 384
"../../../PartyGame/Content/Environment/Meshes/SM_Grass_05.uasset" 385
"../../../PartyGame/Content/Environment/Materials/M_Stone_Path.uasset" 386
"../../../PartyGame/Content/Environment/Materials/M_Stone_Path_Inst.uasset" 387
"../../../PartyGame/Content/Environment/Meshes/SM_Stone_Path_B.uasset" 388
"../../../PartyGame/Content/Environment/Materials/M_Tree_Type_B_Bark.uasset" 389
"../../../PartyGame/Content/Environment/Materials/M_Tree_Type_B_Bark_Inst.uasset" 390
"../../../PartyGame/Content/Environment/Meshes/SM_Tree_Type_B.uasset" 391
"../../../Engine/Content/Functions/Engine_MaterialFunctions02/Texturing/ScreenAlignedPixelToPixelUVs.uasset" 392
"../../../Engine/Content/EngineMaterials/Good64x64TilingNoiseHighFreq.uasset" 393
"../../../Engine/Content/Functions/Engine_MaterialFunctions02/Utility/DitherTemporalAA.uasset" 394
"../../../PartyGame/Content/Environment/Materials/M_Tree_Leaf_Base.uasset" 395
"../../../PartyGame/Content/Environment/Materials/M_Tree_Leaf_Base_Inst.uasset" 396
"../../../PartyGame/Content/Environment/Materials/M_Tree_Leaf_Base_Solid.uasset" 397
"../../../PartyGame/Content/Environment/Materials/M_Tree_Leaf_Base_Solid_Inst.uasset" 398
"../../../PartyGame/Content/Environment/Meshes/SM_Tree_Type_B_Leaves.uasset" 399
"../../../PartyGame/Content/Environment/Materials/M_Wood_Sheet_Fence_Inst.uasset" 400
"../../../PartyGame/Content/Environment/Meshes/SM_Wood_Fence.uasset" 401
"../../../PartyGame/Content/GameModes/FootStooling/ES_Pizza_Napolitana__60s_Pop_Version__-_Magnus_Ringblom_Cue.uasset" 402
"../../../PartyGame/Content/GameModes/FootStooling/Level_Footstooling.umap" 403
"../../../PartyGame/Content/GameModes/Platforms/Materials/M_Platform.uasset" 404
"../../../PartyGame/Content/GameModes/Platforms/Materials/M_Platform_Green.uasset" 405
"../../../PartyGame/Content/GameModes/Platforms/Platform.uasset" 406
"../../../PartyGame/Content/GameModes/Platforms/PlatformCharacter.uasset" 407
"../../../PartyGame/Content/GameModes/Platforms/Platforms_GUI.uasset" 408
"../../../PartyGame/Content/GameModes/Platforms/Platforms.uasset" 409
"../../../PartyGame/Content/Environment/Textures/T_CartoonWater.uasset" 410
"../../../PartyGame/Content/Environment/Materials/M_Water.uasset" 411
"../../../PartyGame/Content/GameModes/Platforms/Materials/M_Platform_Blue.uasset" 412
"../../../PartyGame/Content/GameModes/Platforms/Materials/M_Platform_Orange.uasset" 413
"../../../PartyGame/Content/GameModes/Platforms/Materials/M_Platform_Pink.uasset" 414
"../../../PartyGame/Content/GameModes/Platforms/Materials/M_Platform_Purple.uasset" 415
"../../../PartyGame/Content/GameModes/Platforms/Materials/M_Platform_Red.uasset" 416
"../../../PartyGame/Content/GameModes/Platforms/Materials/M_Platform_Teal.uasset" 417
"../../../PartyGame/Content/GameModes/Platforms/Materials/M_Platform_white.uasset" 418
"../../../PartyGame/Content/GameModes/Platforms/Materials/M_Platform_Yellow.uasset" 419
"../../../PartyGame/Content/GameModes/Platforms/Level_Platforms.umap" 420
"../../../PartyGame/Content/StarterContent/Textures/T_Perlin_Noise_M.uasset" 421
"../../../PartyGame/Content/StarterContent/Textures/T_Wood_Floor_Walnut_D.uasset" 422
"../../../PartyGame/Content/StarterContent/Textures/T_Wood_Floor_Walnut_M.uasset" 423
"../../../PartyGame/Content/StarterContent/Textures/T_Wood_Floor_Walnut_N.uasset" 424
"../../../PartyGame/Content/StarterContent/Materials/M_Wood_Floor_Walnut_Polished.uasset" 425
"../../../PartyGame/Content/GameModes/PoleJump/Pole.uasset" 426
"../../../PartyGame/Content/GameModes/PoleJump/GUI/Pole_GUI_Player.uasset" 427
"../../../PartyGame/Content/GameModes/PoleJump/GUI/Pole_GUI.uasset" 428
"../../../PartyGame/Content/GameModes/PoleJump/PoleJump.uasset" 429
"../../../PartyGame/Content/Environment/Meshes/SM_Shape_Plane.uasset" 430
"../../../PartyGame/Content/GameModes/PoleJump/Level_PoleJump.umap" 431
"../../../PartyGame/Content/GameModes/Props/WoodenFloorSpline.uasset" 432
"../../../PartyGame/Content/GameModes/Race/RaceCharacter.uasset" 433
"../../../PartyGame/Content/GameModes/Race/RaceGameMode.uasset" 434
"../../../PartyGame/Content/GameModes/Race/Level_Race.umap" 435
"../../../Engine/Content/Maps/Entry.umap" 436
"../../../PartyGame/Content/StarterContent/Blueprints/Assets/FogBrightnessLUT.uasset" 437
"../../../PartyGame/Content/StarterContent/Blueprints/Assets/SunlightColorLUT.uasset" 438
"../../../PartyGame/Content/StarterContent/Blueprints/Assets/M_LightStage_Arrows.uasset" 439
"../../../Engine/Content/MapTemplates/Sky/DaylightAmbientCubemap.uasset" 440
"../../../PartyGame/Content/StarterContent/Blueprints/Assets/M_LightStage_Skybox_Master.uasset" 441
"../../../PartyGame/Content/StarterContent/Blueprints/Assets/M_LightStage_Skybox_Black.uasset" 442
"../../../PartyGame/Content/StarterContent/Blueprints/Assets/M_LightStage_Skybox_HDRI.uasset" 443
"../../../Engine/Content/EditorMaterials/Thumbnails/SkySphereMaterial.uasset" 444
"../../../PartyGame/Content/StarterContent/Blueprints/Assets/Skybox.uasset" 445
"../../../PartyGame/Content/StarterContent/Blueprints/Assets/SM_Arrows.uasset" 446
"../../../PartyGame/Content/StarterContent/HDRI/HDRI_Epic_Courtyard_Daylight.uasset" 447
"../../../PartyGame/Content/StarterContent/Blueprints/BP_LightStudio.uasset" 448
"../../../PartyGame/Content/StarterContent/Materials/M_AssetPlatform.uasset" 449
"../../../Engine/Content/EditorMeshes/ColorCalibrator/M_ChromeBall.uasset" 450
"../../../Engine/Content/EditorMeshes/ColorCalibrator/M_ClearCoat.uasset" 451
"../../../Engine/Content/EditorMeshes/ColorCalibrator/M_ClearCoatBlack.uasset" 452
"../../../Engine/Content/EditorMeshes/ColorCalibrator/M_ColorGrid.uasset" 453
"../../../Engine/Content/EditorMeshes/ColorCalibrator/M_GreyBall.uasset" 454
"../../../Engine/Content/EditorMeshes/ColorCalibrator/SM_ColorCalibrator.uasset" 455
"../../../PartyGame/Content/StarterContent/Architecture/SM_AssetPlatform.uasset" 456
"../../../PartyGame/Content/StarterContent/Maps/Advanced_Lighting.umap" 457
"../../../PartyGame/Content/TestLevel.umap" 458
"../../../PartyGame/Content/GameModes/Select/SelectGroundColored.uasset" 459
"../../../PartyGame/Content/GameModes/Select/SelectCharacter.uasset" 460
"../../../PartyGame/Content/GameModes/Select/Select_GUI_Player.uasset" 461
"../../../PartyGame/Content/GameModes/Select/Select_GUI.uasset" 462
"../../../PartyGame/Content/GameModes/Select/Select.uasset" 463
"../../../PartyGame/Content/Environment/Materials/M_Blue.uasset" 464
"../../../PartyGame/Content/Environment/Materials/M_Grass.uasset" 465
"../../../PartyGame/Content/GameModes/Select/Level_Select.umap" 466
"../../../PartyGame/Content/Environment/Materials/M_Dirt.uasset" 467
"../../../PartyGame/Content/Environment/WorldPieces/Grass.uasset" 468
"../../../PartyGame/Content/GameModes/StopAndGo/StopAndGoCharacter.uasset" 469
"../../../PartyGame/Content/GameModes/StopAndGo/StopAndGo_GUI.uasset" 470
"../../../PartyGame/Content/GameModes/StopAndGo/StopAndGo.uasset" 471
"../../../PartyGame/Content/StarterContent/Shapes/Shape_Plane.uasset" 472
"../../../PartyGame/Content/GameModes/StopAndGo/Level_StopAndGo.umap" 473
"../../../PartyGame/Content/StarterContent/Textures/T_MacroVariation.uasset" 474
"../../../PartyGame/Content/StarterContent/Materials/M_Metal_Brushed_Nickel.uasset" 475
"../../../PartyGame/Content/StarterContent/Textures/T_Metal_Aluminum_D.uasset" 476
"../../../PartyGame/Content/StarterContent/Textures/T_Metal_Gold_N.uasset" 477
"../../../PartyGame/Content/StarterContent/Materials/M_Metal_Burnished_Steel.uasset" 478
"../../../PartyGame/Content/StarterContent/Textures/T_Metal_Copper_D.uasset" 479
"../../../PartyGame/Content/StarterContent/Materials/M_Metal_Copper.uasset" 480
"../../../PartyGame/Content/StarterContent/Textures/T_Statue_M.uasset" 481
"../../../PartyGame/Content/StarterContent/Textures/T_Statue_N.uasset" 482
"../../../PartyGame/Content/StarterContent/Props/Materials/M_StatueGlass.uasset" 483
"../../../PartyGame/Content/StarterContent/Architecture/Floor_400x400.uasset" 484
"../../../PartyGame/Content/StarterContent/Audio/Starter_Background_Cue.uasset" 485
"../../../PartyGame/Content/StarterContent/Props/SM_Chair.uasset" 486
"../../../PartyGame/Content/StarterContent/Props/Materials/M_Statue.uasset" 487
"../../../PartyGame/Content/StarterContent/Props/SM_Statue.uasset" 488
"../../../PartyGame/Content/StarterContent/Textures/T_TableRound_M.uasset" 489
"../../../PartyGame/Content/StarterContent/Textures/T_TableRound_N.uasset" 490
"../../../PartyGame/Content/StarterContent/Props/Materials/M_TableRound.uasset" 491
"../../../PartyGame/Content/StarterContent/Props/SM_TableRound.uasset" 492
"../../../PartyGame/Content/StarterContent/Maps/Minimal_Default.umap" 493
"../../../PartyGame/Content/StarterContent/Audio/Fire01_Cue.uasset" 494
"../../../PartyGame/Content/StarterContent/Textures/T_Fire_SubUV.uasset" 495
"../../../PartyGame/Content/StarterContent/Textures/T_Fire_Tiled_D.uasset" 496
"../../../PartyGame/Content/StarterContent/Particles/Materials/M_Fire_SubUV.uasset" 497
"../../../PartyGame/Content/StarterContent/Textures/T_Water_N.uasset" 498
"../../../PartyGame/Content/StarterContent/Particles/Materials/M_Heat_Distortion.uasset" 499
"../../../PartyGame/Content/StarterContent/Particles/Materials/M_Radial_Gradient.uasset" 500
"../../../PartyGame/Content/StarterContent/Particles/P_Fire.uasset" 501
"../../../PartyGame/Content/StarterContent/Blueprints/Blueprint_Effect_Fire.uasset" 502
"../../../PartyGame/Content/StarterContent/Audio/Smoke01_Cue.uasset" 503
"../../../PartyGame/Content/StarterContent/Particles/P_Smoke.uasset" 504
"../../../PartyGame/Content/StarterContent/Blueprints/Blueprint_Effect_Smoke.uasset" 505
"../../../PartyGame/Content/StarterContent/Audio/Fire_Sparks01_Cue.uasset" 506
"../../../PartyGame/Content/StarterContent/Textures/T_Spark_Core.uasset" 507
"../../../PartyGame/Content/StarterContent/Particles/Materials/M_Spark.uasset" 508
"../../../PartyGame/Content/StarterContent/Particles/P_Sparks.uasset" 509
"../../../PartyGame/Content/StarterContent/Blueprints/Blueprint_Effect_Sparks.uasset" 510
"../../../PartyGame/Content/StarterContent/Audio/Steam01_Cue.uasset" 511
"../../../PartyGame/Content/StarterContent/Particles/P_Steam_Lit.uasset" 512
"../../../PartyGame/Content/StarterContent/Blueprints/Blueprint_Effect_Steam.uasset" 513
"../../../PartyGame/Content/StarterContent/Textures/T_Lamp_M.uasset" 514
"../../../PartyGame/Content/StarterContent/Textures/T_Lamp_N.uasset" 515
"../../../PartyGame/Content/StarterContent/Props/Materials/M_Lamp.uasset" 516
"../../../PartyGame/Content/StarterContent/Props/SM_Lamp_Ceiling.uasset" 517
"../../../PartyGame/Content/StarterContent/Blueprints/Blueprint_CeilingLight.uasset" 518
"../../../PartyGame/Content/StarterContent/Props/SM_Lamp_Wall.uasset" 519
"../../../PartyGame/Content/StarterContent/Blueprints/Blueprint_WallSconce.uasset" 520
"../../../Engine/Content/Functions/Engine_MaterialFunctions03/Procedurals/ComputeFilterWidth.uasset" 521
"../../../Engine/Content/EngineMaterials/AntiAliasedTextMaterialTranslucent.uasset" 522
"../../../PartyGame/Content/StarterContent/Textures/T_Brick_Clay_Beveled_D.uasset" 523
"../../../PartyGame/Content/StarterContent/Textures/T_Brick_Clay_Beveled_M.uasset" 524
"../../../PartyGame/Content/StarterContent/Textures/T_Brick_Clay_Beveled_N.uasset" 525
"../../../PartyGame/Content/StarterContent/Materials/M_Brick_Clay_Beveled.uasset" 526
"../../../PartyGame/Content/StarterContent/Textures/T_Brick_Clay_New_D.uasset" 527
"../../../PartyGame/Content/StarterContent/Textures/T_Brick_Clay_New_M.uasset" 528
"../../../PartyGame/Content/StarterContent/Textures/T_Brick_Clay_New_N.uasset" 529
"../../../PartyGame/Content/StarterContent/Materials/M_Brick_Clay_New.uasset" 530
"../../../PartyGame/Content/StarterContent/Textures/T_Brick_Clay_Old_D.uasset" 531
"../../../PartyGame/Content/StarterContent/Textures/T_Brick_Clay_Old_N.uasset" 532
"../../../PartyGame/Content/StarterContent/Materials/M_Brick_Clay_Old.uasset" 533
"../../../PartyGame/Content/StarterContent/Textures/T_Brick_Cut_Stone_D.uasset" 534
"../../../PartyGame/Content/StarterContent/Textures/T_Brick_Cut_Stone_N.uasset" 535
"../../../PartyGame/Content/StarterContent/Materials/M_Brick_Cut_Stone.uasset" 536
"../../../PartyGame/Content/StarterContent/Textures/T_Brick_Hewn_Stone_D.uasset" 537
"../../../PartyGame/Content/StarterContent/Textures/T_Brick_Hewn_Stone_M.uasset" 538
"../../../PartyGame/Content/StarterContent/Textures/T_Brick_Hewn_Stone_N.uasset" 539
"../../../PartyGame/Content/StarterContent/Materials/M_Brick_Hewn_Stone.uasset" 540
"../../../PartyGame/Content/StarterContent/Textures/T_Ceramic_Tile_M.uasset" 541
"../../../PartyGame/Content/StarterContent/Textures/T_Ceramic_Tile_N.uasset" 542
"../../../PartyGame/Content/StarterContent/Textures/T_Rock_Marble_Polished_D.uasset" 543
"../../../PartyGame/Content/StarterContent/Materials/M_Ceramic_Tile_Checker.uasset" 544
"../../../PartyGame/Content/StarterContent/Textures/T_CobbleStone_Pebble_D.uasset" 545
"../../../PartyGame/Content/StarterContent/Textures/T_CobbleStone_Pebble_M.uasset" 546
"../../../PartyGame/Content/StarterContent/Textures/T_CobbleStone_Pebble_N.uasset" 547
"../../../PartyGame/Content/StarterContent/Materials/M_CobbleStone_Pebble.uasset" 548
"../../../PartyGame/Content/StarterContent/Textures/T_CobbleStone_Rough_D.uasset" 549
"../../../PartyGame/Content/StarterContent/Textures/T_CobbleStone_Rough_N.uasset" 550
"../../../PartyGame/Content/StarterContent/Textures/T_Gradinet_01.uasset" 551
"../../../PartyGame/Content/StarterContent/Textures/T_Rock_Smooth_Granite_D.uasset" 552
"../../../PartyGame/Content/StarterContent/Materials/M_CobbleStone_Rough.uasset" 553
"../../../PartyGame/Content/StarterContent/Textures/T_CobbleStone_Smooth_D.uasset" 554
"../../../PartyGame/Content/StarterContent/Textures/T_CobbleStone_Smooth_M.uasset" 555
"../../../PartyGame/Content/StarterContent/Textures/T_CobbleStone_Smooth_N.uasset" 556
"../../../PartyGame/Content/StarterContent/Materials/M_CobbleStone_Smooth.uasset" 557
"../../../PartyGame/Content/StarterContent/Textures/T_Concrete_Grime_D.uasset" 558
"../../../PartyGame/Content/StarterContent/Textures/T_Metal_Rust_N.uasset" 559
"../../../PartyGame/Content/StarterContent/Materials/M_Concrete_Grime.uasset" 560
"../../../PartyGame/Content/StarterContent/Textures/T_Concrete_Panels_D.uasset" 561
"../../../PartyGame/Content/StarterContent/Textures/T_Concrete_Panels_N.uasset" 562
"../../../PartyGame/Content/StarterContent/Materials/M_Concrete_Panels.uasset" 563
"../../../PartyGame/Content/StarterContent/Textures/T_Concrete_Poured_D.uasset" 564
"../../../PartyGame/Content/StarterContent/Textures/T_Concrete_Poured_N.uasset" 565
"../../../PartyGame/Content/StarterContent/Materials/M_Concrete_Poured.uasset" 566
"../../../PartyGame/Content/StarterContent/Textures/T_Concrete_Tiles_D.uasset" 567
"../../../PartyGame/Content/StarterContent/Textures/T_Concrete_Tiles_M.uasset" 568
"../../../PartyGame/Content/StarterContent/Textures/T_Concrete_Tiles_N.uasset" 569
"../../../PartyGame/Content/StarterContent/Textures/T_Concrete_Tiles_Variation_M.uasset" 570
"../../../PartyGame/Content/StarterContent/Materials/M_Concrete_Tiles.uasset" 571
"../../../PartyGame/Content/StarterContent/Textures/T_Ground_Grass_D.uasset" 572
"../../../PartyGame/Content/StarterContent/Textures/T_Ground_Grass_N.uasset" 573
"../../../PartyGame/Content/StarterContent/Materials/M_Ground_Grass.uasset" 574
"../../../PartyGame/Content/StarterContent/Textures/T_Ground_Gravel_D.uasset" 575
"../../../PartyGame/Content/StarterContent/Textures/T_Ground_Gravel_N.uasset" 576
"../../../PartyGame/Content/StarterContent/Materials/M_Ground_Gravel.uasset" 577
"../../../PartyGame/Content/StarterContent/Textures/T_ground_Moss_D.uasset" 578
"../../../PartyGame/Content/StarterContent/Textures/T_Ground_Moss_N.uasset" 579
"../../../PartyGame/Content/StarterContent/Materials/M_Ground_Moss.uasset" 580
"../../../PartyGame/Content/StarterContent/Materials/M_Metal_Chrome.uasset" 581
"../../../PartyGame/Content/StarterContent/Textures/T_Metal_Gold_D.uasset" 582
"../../../PartyGame/Content/StarterContent/Materials/M_Metal_Gold.uasset" 583
"../../../PartyGame/Content/StarterContent/Textures/T_Metal_Rust_D.uasset" 584
"../../../PartyGame/Content/StarterContent/Materials/M_Metal_Rust.uasset" 585
"../../../PartyGame/Content/StarterContent/Textures/T_Metal_Steel_D.uasset" 586
"../../../PartyGame/Content/StarterContent/Textures/T_Metal_Steel_N.uasset" 587
"../../../PartyGame/Content/StarterContent/Materials/M_Metal_Steel.uasset" 588
"../../../PartyGame/Content/StarterContent/Textures/T_Rock_Basalt_N.uasset" 589
"../../../PartyGame/Content/StarterContent/Materials/M_Rock_Basalt.uasset" 590
"../../../PartyGame/Content/StarterContent/Materials/M_Rock_Marble_Polished.uasset" 591
"../../../PartyGame/Content/StarterContent/Textures/T_Rock_Sandstone_D.uasset" 592
"../../../PartyGame/Content/StarterContent/Textures/T_Rock_Sandstone_N.uasset" 593
"../../../PartyGame/Content/StarterContent/Materials/M_Rock_Sandstone.uasset" 594
"../../../PartyGame/Content/StarterContent/Textures/T_Rock_Slate_D.uasset" 595
"../../../PartyGame/Content/StarterContent/Textures/T_Rock_Slate_N.uasset" 596
"../../../PartyGame/Content/StarterContent/Materials/M_Rock_Slate.uasset" 597
"../../../PartyGame/Content/StarterContent/Textures/T_Checker_Noise_M.uasset" 598
"../../../PartyGame/Content/StarterContent/Textures/T_Single_Tile_N.uasset" 599
"../../../PartyGame/Content/StarterContent/Textures/T_Tech_Dot_M.uasset" 600
"../../../PartyGame/Content/StarterContent/Textures/T_Tech_Dot_N.uasset" 601
"../../../PartyGame/Content/StarterContent/Materials/M_Tech_Checker_Dot.uasset" 602
"../../../PartyGame/Content/StarterContent/Textures/T_Tech_Hex_Tile_M.uasset" 603
"../../../PartyGame/Content/StarterContent/Textures/T_Tech_Hex_Tile_N.uasset" 604
"../../../PartyGame/Content/StarterContent/Materials/M_Tech_Hex_Tile.uasset" 605
"../../../PartyGame/Content/StarterContent/Materials/M_Tech_Hex_Tile_Pulse.uasset" 606
"../../../PartyGame/Content/StarterContent/Textures/T_Tech_Panel_M.uasset" 607
"../../../PartyGame/Content/StarterContent/Textures/T_Tech_Panel_N.uasset" 608
"../../../PartyGame/Content/StarterContent/Materials/M_Tech_Panel.uasset" 609
"../../../PartyGame/Content/StarterContent/Materials/M_Water_Lake.uasset" 610
"../../../PartyGame/Content/StarterContent/Textures/T_Water_M.uasset" 611
"../../../PartyGame/Content/StarterContent/Materials/M_Water_Ocean.uasset" 612
"../../../Engine/Content/Functions/Engine_MaterialFunctions01/Opacity/AlphaOffset.uasset" 613
"../../../PartyGame/Content/StarterContent/Materials/M_Wood_Floor_Walnut_Worn.uasset" 614
"../../../PartyGame/Content/StarterContent/Textures/T_Wood_Oak_D.uasset" 615
"../../../PartyGame/Content/StarterContent/Textures/T_Wood_Oak_N.uasset" 616
"../../../PartyGame/Content/StarterContent/Materials/M_Wood_Oak.uasset" 617
"../../../PartyGame/Content/StarterContent/Textures/T_Wood_Pine_D.uasset" 618
"../../../PartyGame/Content/StarterContent/Textures/T_Wood_Pine_N.uasset" 619
"../../../PartyGame/Content/StarterContent/Materials/M_Wood_Pine.uasset" 620
"../../../PartyGame/Content/StarterContent/Textures/T_Wood_Walnut_D.uasset" 621
"../../../PartyGame/Content/StarterContent/Textures/T_Wood_Walnut_N.uasset" 622
"../../../PartyGame/Content/StarterContent/Materials/M_Wood_Walnut.uasset" 623
"../../../PartyGame/Content/StarterContent/Architecture/Wall_400x200.uasset" 624
"../../../PartyGame/Content/StarterContent/Architecture/Wall_Door_400x300.uasset" 625
"../../../PartyGame/Content/StarterContent/Architecture/Wall_Window_400x300.uasset" 626
"../../../PartyGame/Content/StarterContent/Audio/Collapse_Cue.uasset" 627
"../../../PartyGame/Content/StarterContent/Audio/Starter_Music_Cue.uasset" 628
"../../../PartyGame/Content/StarterContent/Textures/T_Dust_Particle_D.uasset" 629
"../../../PartyGame/Content/StarterContent/Particles/Materials/M_Dust_Particle.uasset" 630
"../../../PartyGame/Content/StarterContent/Particles/P_Ambient_Dust.uasset" 631
"../../../PartyGame/Content/StarterContent/Props/MaterialSphere.uasset" 632
"../../../PartyGame/Content/StarterContent/Textures/T_Frame_M.uasset" 633
"../../../PartyGame/Content/StarterContent/Textures/T_Frame_N.uasset" 634
"../../../PartyGame/Content/StarterContent/Props/Materials/M_Frame.uasset" 635
"../../../PartyGame/Content/StarterContent/Props/SM_CornerFrame.uasset" 636
"../../../PartyGame/Content/StarterContent/Props/SM_DoorFrame.uasset" 637
"../../../PartyGame/Content/StarterContent/Props/SM_GlassWindow.uasset" 638
"../../../PartyGame/Content/StarterContent/Props/SM_PillarFrame.uasset" 639
"../../../PartyGame/Content/StarterContent/Props/SM_PillarFrame300.uasset" 640
"../../../PartyGame/Content/StarterContent/Props/SM_WindowFrame.uasset" 641
"../../../PartyGame/Content/StarterContent/Shapes/Shape_Cube.uasset" 642
"../../../PartyGame/Content/StarterContent/Shapes/Shape_QuadPyramid.uasset" 643
"../../../PartyGame/Content/StarterContent/Shapes/Shape_Sphere.uasset" 644
"../../../PartyGame/Content/StarterContent/Maps/StarterMap.umap" 645
