Log file open, 10/12/16 17:19:15
LogInit:Display: Running engine for game: PartyGame
LogPlatformFile: Not using cached read wrapper
LogInit:Display: RandInit(-1587753444) SRandInit(-1587753444).
LogTaskGraph: Started task graph with 5 named threads and 8 total threads with 1 sets of task threads.
LogStats: Stats thread started at 0.062957
LogPluginManager: Loaded Plugin Paper2D, From C:/Program Files (x86)/Epic Games/4.13/Engine/Plugins/2D/Paper2D/Paper2D.uplugin
LogPluginManager: Loaded Plugin LightPropagationVolume, From C:/Program Files (x86)/Epic Games/4.13/Engine/Plugins/Blendables/LightPropagationVolume/LightPropagationVolume.uplugin
LogPluginManager: Loaded Plugin BlankPlugin, From C:/Program Files (x86)/Epic Games/4.13/Engine/Plugins/Developer/BlankPlugin/BlankPlugin.uplugin
LogPluginManager: Loaded Plugin CodeLiteSourceCodeAccess, From C:/Program Files (x86)/Epic Games/4.13/Engine/Plugins/Developer/CodeLiteSourceCodeAccess/CodeLiteSourceCodeAccess.uplugin
LogPluginManager: Loaded Plugin GitSourceControl, From C:/Program Files (x86)/Epic Games/4.13/Engine/Plugins/Developer/GitSourceControl/GitSourceControl.uplugin
LogPluginManager: Loaded Plugin KDevelopSourceCodeAccess, From C:/Program Files (x86)/Epic Games/4.13/Engine/Plugins/Developer/KDevelopSourceCodeAccess/KDevelopSourceCodeAccess.uplugin
LogPluginManager: Loaded Plugin NullSourceCodeAccess, From C:/Program Files (x86)/Epic Games/4.13/Engine/Plugins/Developer/NullSourceCodeAccess/NullSourceCodeAccess.uplugin
LogPluginManager: Loaded Plugin OneSkyLocalizationService, From C:/Program Files (x86)/Epic Games/4.13/Engine/Plugins/Developer/OneSkyLocalizationService/OneSkyLocalizationService.uplugin
LogPluginManager: Loaded Plugin PerforceSourceControl, From C:/Program Files (x86)/Epic Games/4.13/Engine/Plugins/Developer/PerforceSourceControl/PerforceSourceControl.uplugin
LogPluginManager: Loaded Plugin SubversionSourceControl, From C:/Program Files (x86)/Epic Games/4.13/Engine/Plugins/Developer/SubversionSourceControl/SubversionSourceControl.uplugin
LogPluginManager: Loaded Plugin UObjectPlugin, From C:/Program Files (x86)/Epic Games/4.13/Engine/Plugins/Developer/UObjectPlugin/UObjectPlugin.uplugin
LogPluginManager: Loaded Plugin VisualStudioSourceCodeAccess, From C:/Program Files (x86)/Epic Games/4.13/Engine/Plugins/Developer/VisualStudioSourceCodeAccess/VisualStudioSourceCodeAccess.uplugin
LogPluginManager: Loaded Plugin XCodeSourceCodeAccess, From C:/Program Files (x86)/Epic Games/4.13/Engine/Plugins/Developer/XCodeSourceCodeAccess/XCodeSourceCodeAccess.uplugin
LogPluginManager: Loaded Plugin EpicSurvey, From C:/Program Files (x86)/Epic Games/4.13/Engine/Plugins/Editor/EpicSurvey/EpicSurvey.uplugin
LogPluginManager: Loaded Plugin MacGraphicsSwitching, From C:/Program Files (x86)/Epic Games/4.13/Engine/Plugins/Editor/MacGraphicsSwitching/MacGraphicsSwitching.uplugin
LogPluginManager: Loaded Plugin MobileLauncherProfileWizard, From C:/Program Files (x86)/Epic Games/4.13/Engine/Plugins/Editor/MobileLauncherProfileWizard/MobileLauncherProfileWizard.uplugin
LogPluginManager: Loaded Plugin PluginBrowser, From C:/Program Files (x86)/Epic Games/4.13/Engine/Plugins/Editor/PluginBrowser/PluginBrowser.uplugin
LogPluginManager: Loaded Plugin SpeedTreeImporter, From C:/Program Files (x86)/Epic Games/4.13/Engine/Plugins/Editor/SpeedTreeImporter/SpeedTreeImporter.uplugin
LogPluginManager: Loaded Plugin SuperSearchEditor, From C:/Program Files (x86)/Epic Games/4.13/Engine/Plugins/Editor/SuperSearchEditor/SuperSearchEditor.uplugin
LogPluginManager: Loaded Plugin AlembicImporter, From C:/Program Files (x86)/Epic Games/4.13/Engine/Plugins/Experimental/AlembicImporter/AlembicImporter.uplugin
LogPluginManager: Loaded Plugin BlueprintStats, From C:/Program Files (x86)/Epic Games/4.13/Engine/Plugins/Experimental/BlueprintStats/BlueprintStats.uplugin
LogPluginManager: Loaded Plugin CharacterAI, From C:/Program Files (x86)/Epic Games/4.13/Engine/Plugins/Experimental/CharacterAI/CharacterAI.uplugin
LogPluginManager: Loaded Plugin CodeEditor, From C:/Program Files (x86)/Epic Games/4.13/Engine/Plugins/Experimental/CodeEditor/CodeEditor.uplugin
LogPluginManager: Loaded Plugin CodeView, From C:/Program Files (x86)/Epic Games/4.13/Engine/Plugins/Experimental/CodeView/CodeView.uplugin
LogPluginManager: Loaded Plugin HTML5Networking, From C:/Program Files (x86)/Epic Games/4.13/Engine/Plugins/Experimental/HTML5Networking/HTML5Networking.uplugin
LogPluginManager: Loaded Plugin LiveEditor, From C:/Program Files (x86)/Epic Games/4.13/Engine/Plugins/Experimental/LiveEditor/LiveEditor.uplugin
LogPluginManager: Loaded Plugin OSVR, From C:/Program Files (x86)/Epic Games/4.13/Engine/Plugins/Experimental/OSVR/OSVR.uplugin
LogPluginManager: Loaded Plugin Phya, From C:/Program Files (x86)/Epic Games/4.13/Engine/Plugins/Experimental/Phya/Phya.uplugin
LogPluginManager: Loaded Plugin SignificanceManager, From C:/Program Files (x86)/Epic Games/4.13/Engine/Plugins/Experimental/SignificanceManager/SignificanceManager.uplugin
LogPluginManager: Loaded Plugin SimpleHMD, From C:/Program Files (x86)/Epic Games/4.13/Engine/Plugins/Experimental/SimpleHMD/SimpleHMD.uplugin
LogPluginManager: Loaded Plugin StereoPanorama, From C:/Program Files (x86)/Epic Games/4.13/Engine/Plugins/Experimental/StereoPanorama/StereoPanorama.uplugin
LogPluginManager: Loaded Plugin StructBox, From C:/Program Files (x86)/Epic Games/4.13/Engine/Plugins/Experimental/StructBox/StructBox.uplugin
LogPluginManager: Loaded Plugin AndroidMedia, From C:/Program Files (x86)/Epic Games/4.13/Engine/Plugins/Media/AndroidMedia/AndroidMedia.uplugin
LogPluginManager: Loaded Plugin AvfMedia, From C:/Program Files (x86)/Epic Games/4.13/Engine/Plugins/Media/AvfMedia/AvfMedia.uplugin
LogPluginManager: Loaded Plugin MediaPlayerEditor, From C:/Program Files (x86)/Epic Games/4.13/Engine/Plugins/Media/MediaPlayerEditor/MediaPlayerEditor.uplugin
LogPluginManager: Loaded Plugin WmfMedia, From C:/Program Files (x86)/Epic Games/4.13/Engine/Plugins/Media/WmfMedia/WmfMedia.uplugin
LogPluginManager: Loaded Plugin MessagingDebugger, From C:/Program Files (x86)/Epic Games/4.13/Engine/Plugins/Messaging/MessagingDebugger/MessagingDebugger.uplugin
LogPluginManager: Loaded Plugin TcpMessaging, From C:/Program Files (x86)/Epic Games/4.13/Engine/Plugins/Messaging/TcpMessaging/TcpMessaging.uplugin
LogPluginManager: Loaded Plugin UdpMessaging, From C:/Program Files (x86)/Epic Games/4.13/Engine/Plugins/Messaging/UdpMessaging/UdpMessaging.uplugin
LogPluginManager: Loaded Plugin LevelSequenceEditor, From C:/Program Files (x86)/Epic Games/4.13/Engine/Plugins/MovieScene/LevelSequenceEditor/LevelSequenceEditor.uplugin
LogPluginManager: Loaded Plugin MatineeToLevelSequence, From C:/Program Files (x86)/Epic Games/4.13/Engine/Plugins/MovieScene/MatineeToLevelSequence/MatineeToLevelSequence.uplugin
LogPluginManager: Loaded Plugin NetcodeUnitTest, From C:/Program Files (x86)/Epic Games/4.13/Engine/Plugins/NetcodeUnitTest/NetcodeUnitTest/NetcodeUnitTest.uplugin
LogPluginManager: Loaded Plugin NUTUnrealEngine4, From C:/Program Files (x86)/Epic Games/4.13/Engine/Plugins/NetcodeUnitTest/NUTUnrealEngine4/NUTUnrealEngine4.uplugin
LogPluginManager: Loaded Plugin OnlineSubsystemGooglePlay, From C:/Program Files (x86)/Epic Games/4.13/Engine/Plugins/Online/Android/OnlineSubsystemGooglePlay/OnlineSubsystemGooglePlay.uplugin
LogPluginManager: Loaded Plugin OnlineSubsystemIOS, From C:/Program Files (x86)/Epic Games/4.13/Engine/Plugins/Online/IOS/OnlineSubsystemIOS/OnlineSubsystemIOS.uplugin
LogPluginManager: Loaded Plugin OnlineFramework, From C:/Program Files (x86)/Epic Games/4.13/Engine/Plugins/Online/OnlineFramework/OnlineFramework.uplugin
LogPluginManager: Loaded Plugin OnlineSubsystem, From C:/Program Files (x86)/Epic Games/4.13/Engine/Plugins/Online/OnlineSubsystem/OnlineSubsystem.uplugin
LogPluginManager: Loaded Plugin OnlineSubsystemAmazon, From C:/Program Files (x86)/Epic Games/4.13/Engine/Plugins/Online/OnlineSubsystemAmazon/OnlineSubsystemAmazon.uplugin
LogPluginManager: Loaded Plugin OnlineSubsystemFacebook, From C:/Program Files (x86)/Epic Games/4.13/Engine/Plugins/Online/OnlineSubsystemFacebook/OnlineSubsystemFacebook.uplugin
LogPluginManager: Loaded Plugin OnlineSubsystemNull, From C:/Program Files (x86)/Epic Games/4.13/Engine/Plugins/Online/OnlineSubsystemNull/OnlineSubsystemNull.uplugin
LogPluginManager: Loaded Plugin OnlineSubsystemOculus, From C:/Program Files (x86)/Epic Games/4.13/Engine/Plugins/Online/OnlineSubsystemOculus/OnlineSubsystemOculus.uplugin
LogPluginManager: Loaded Plugin OnlineSubsystemSteam, From C:/Program Files (x86)/Epic Games/4.13/Engine/Plugins/Online/OnlineSubsystemSteam/OnlineSubsystemSteam.uplugin
LogPluginManager: Loaded Plugin OnlineSubsystemUtils, From C:/Program Files (x86)/Epic Games/4.13/Engine/Plugins/Online/OnlineSubsystemUtils/OnlineSubsystemUtils.uplugin
LogPluginManager: Loaded Plugin IOSTapJoy, From C:/Program Files (x86)/Epic Games/4.13/Engine/Plugins/Runtime/Advertising/IOSTapJoy/IOSTapJoy.uplugin
LogPluginManager: Loaded Plugin AnalyticsBlueprintLibrary, From C:/Program Files (x86)/Epic Games/4.13/Engine/Plugins/Runtime/Analytics/AnalyticsBlueprintLibrary/AnalyticsBlueprintLibrary.uplugin
LogPluginManager: Loaded Plugin AnalyticsMulticast, From C:/Program Files (x86)/Epic Games/4.13/Engine/Plugins/Runtime/Analytics/AnalyticsMulticast/AnalyticsMulticast.uplugin
LogPluginManager: Loaded Plugin Apsalar, From C:/Program Files (x86)/Epic Games/4.13/Engine/Plugins/Runtime/Analytics/Apsalar/Apsalar.uplugin
LogPluginManager: Loaded Plugin FileLogging, From C:/Program Files (x86)/Epic Games/4.13/Engine/Plugins/Runtime/Analytics/FileLogging/FileLogging.uplugin
LogPluginManager: Loaded Plugin Flurry, From C:/Program Files (x86)/Epic Games/4.13/Engine/Plugins/Runtime/Analytics/Flurry/Flurry.uplugin
LogPluginManager: Loaded Plugin AndroidDeviceProfileSelector, From C:/Program Files (x86)/Epic Games/4.13/Engine/Plugins/Runtime/AndroidDeviceProfileSelector/AndroidDeviceProfileSelector.uplugin
LogPluginManager: Loaded Plugin AndroidMoviePlayer, From C:/Program Files (x86)/Epic Games/4.13/Engine/Plugins/Runtime/AndroidMoviePlayer/AndroidMoviePlayer.uplugin
LogPluginManager: Loaded Plugin AppleMoviePlayer, From C:/Program Files (x86)/Epic Games/4.13/Engine/Plugins/Runtime/AppleMoviePlayer/AppleMoviePlayer.uplugin
LogPluginManager: Loaded Plugin ArchVisCharacter, From C:/Program Files (x86)/Epic Games/4.13/Engine/Plugins/Runtime/ArchVisCharacter/ArchVisCharacter.uplugin
LogPluginManager: Loaded Plugin CableComponent, From C:/Program Files (x86)/Epic Games/4.13/Engine/Plugins/Runtime/CableComponent/CableComponent.uplugin
LogPluginManager: Loaded Plugin CustomMeshComponent, From C:/Program Files (x86)/Epic Games/4.13/Engine/Plugins/Runtime/CustomMeshComponent/CustomMeshComponent.uplugin
LogPluginManager: Loaded Plugin ExampleDeviceProfileSelector, From C:/Program Files (x86)/Epic Games/4.13/Engine/Plugins/Runtime/ExampleDeviceProfileSelector/ExampleDeviceProfileSelector.uplugin
LogPluginManager: Loaded Plugin GearVR, From C:/Program Files (x86)/Epic Games/4.13/Engine/Plugins/Runtime/GearVR/GearVR.uplugin
LogPluginManager: Loaded Plugin GoogleVRController, From C:/Program Files (x86)/Epic Games/4.13/Engine/Plugins/Runtime/GoogleVR/GoogleVRController/GoogleVRController.uplugin
LogPluginManager: Loaded Plugin GoogleVRHMD, From C:/Program Files (x86)/Epic Games/4.13/Engine/Plugins/Runtime/GoogleVR/GoogleVRHMD/GoogleVRHMD.uplugin
LogPluginManager: Loaded Plugin IOSDeviceProfileSelector, From C:/Program Files (x86)/Epic Games/4.13/Engine/Plugins/Runtime/IOSDeviceProfileSelector/IOSDeviceProfileSelector.uplugin
LogPluginManager: Loaded Plugin LeapMotion, From C:/Program Files (x86)/Epic Games/4.13/Engine/Plugins/Runtime/LeapMotion/LeapMotion.uplugin
LogPluginManager: Loaded Plugin LinuxDeviceProfileSelector, From C:/Program Files (x86)/Epic Games/4.13/Engine/Plugins/Runtime/LinuxDeviceProfileSelector/LinuxDeviceProfileSelector.uplugin
LogPluginManager: Loaded Plugin LiveEditorListenServer, From C:/Program Files (x86)/Epic Games/4.13/Engine/Plugins/Runtime/LiveEditorListenServer/LiveEditorListenServer.uplugin
LogPluginManager: Loaded Plugin OculusAudio, From C:/Program Files (x86)/Epic Games/4.13/Engine/Plugins/Runtime/OculusAudio/OculusAudio.uplugin
LogPluginManager: Loaded Plugin OculusInput, From C:/Program Files (x86)/Epic Games/4.13/Engine/Plugins/Runtime/OculusInput/OculusInput.uplugin
LogPluginManager: Loaded Plugin OculusLibrary, From C:/Program Files (x86)/Epic Games/4.13/Engine/Plugins/Runtime/OculusLibrary/OculusLibrary.uplugin
LogPluginManager: Loaded Plugin OculusRift, From C:/Program Files (x86)/Epic Games/4.13/Engine/Plugins/Runtime/OculusRift/OculusRift.uplugin
LogPluginManager: Loaded Plugin Oodle, From C:/Program Files (x86)/Epic Games/4.13/Engine/Plugins/Runtime/PacketHandlers/CompressionComponents/Oodle/Oodle.uplugin
LogPluginManager: Loaded Plugin ProceduralMeshComponent, From C:/Program Files (x86)/Epic Games/4.13/Engine/Plugins/Runtime/ProceduralMeshComponent/ProceduralMeshComponent.uplugin
LogPluginManager: Loaded Plugin SoundMod, From C:/Program Files (x86)/Epic Games/4.13/Engine/Plugins/Runtime/SoundMod/SoundMod.uplugin
LogPluginManager: Loaded Plugin SoundVisualizations, From C:/Program Files (x86)/Epic Games/4.13/Engine/Plugins/Runtime/SoundVisualizations/SoundVisualizations.uplugin
LogPluginManager: Loaded Plugin SteamController, From C:/Program Files (x86)/Epic Games/4.13/Engine/Plugins/Runtime/Steam/SteamController/SteamController.uplugin
LogPluginManager: Loaded Plugin SteamVR, From C:/Program Files (x86)/Epic Games/4.13/Engine/Plugins/Runtime/Steam/SteamVR/SteamVR.uplugin
LogPluginManager: Loaded Plugin WebBrowserWidget, From C:/Program Files (x86)/Epic Games/4.13/Engine/Plugins/Runtime/WebBrowserWidget/WebBrowserWidget.uplugin
LogPluginManager: Loaded Plugin WindowsDeviceProfileSelector, From C:/Program Files (x86)/Epic Games/4.13/Engine/Plugins/Runtime/WindowsDeviceProfileSelector/WindowsDeviceProfileSelector.uplugin
LogPluginManager: Loaded Plugin WindowsMoviePlayer, From C:/Program Files (x86)/Epic Games/4.13/Engine/Plugins/Runtime/WindowsMoviePlayer/WindowsMoviePlayer.uplugin
LogPluginManager: Loaded Plugin ScriptPlugin, From C:/Program Files (x86)/Epic Games/4.13/Engine/Plugins/ScriptPlugin/ScriptPlugin.uplugin
LogPluginManager: Loaded Plugin SlateRemote, From C:/Program Files (x86)/Epic Games/4.13/Engine/Plugins/Slate/SlateRemote/SlateRemote.uplugin
LogInit: Using libcurl 7.47.1
LogInit:  - built for x86_64-pc-win32
LogInit:  - supports SSL with WinSSL
LogInit:  - other features:
LogInit:      CURL_VERSION_SSL
LogInit:      CURL_VERSION_IPV6
LogInit:      CURL_VERSION_ASYNCHDNS
LogInit:      CURL_VERSION_LARGEFILE
LogInit:      CURL_VERSION_IDN
LogInit:  CurlRequestOptions (configurable via config and command line):
LogInit:  - bVerifyPeer = false  - Libcurl will NOT verify peer certificate
LogInit:  - bUseHttpProxy = false  - Libcurl will NOT use HTTP proxy
LogInit:  - bDontReuseConnections = false  - Libcurl will reuse connections
LogInit:  - CertBundlePath = nullptr  - Libcurl will use whatever was configured at build time.
LogInit: Build: ++UE4+Release-4.13-CL-3142249
LogInit: Engine Version: 4.13.1-3142249+++UE4+Release-4.13
LogInit: Compatible Engine Version: 4.13.0-3106830+++UE4+Release-4.13
LogInit: Net CL: 3142249
LogDevObjectVersion: Number of dev versions registered: 13
LogDevObjectVersion:   Dev-Blueprints (B0D832E4-1F89-4F0D-ACCF-7EB736FD4AA2): 5
LogDevObjectVersion:   Dev-Build (E1C64328-A22C-4D53-A36C-8E866417BD8C): 0
LogDevObjectVersion:   Dev-Core (375EC13C-06E4-48FB-B500-84F0262A717E): 1
LogDevObjectVersion:   Dev-Editor (E4B068ED-F494-42E9-A231-DA0B2E46BB41): 6
LogDevObjectVersion:   Dev-Framework (CFFC743F-43B0-4480-9391-14DF171D2073): 12
LogDevObjectVersion:   Dev-Mobile (B02B49B5-BB20-44E9-A304-32B752E40360): 0
LogDevObjectVersion:   Dev-Networking (A4E4105C-59A1-49B5-A7C5-40C4547EDFEE): 0
LogDevObjectVersion:   Dev-Online (39C831C9-5AE6-47DC-9A44-9C173E1C8E7C): 0
LogDevObjectVersion:   Dev-Physics (78F01B33-EBEA-4F98-B9B4-84EACCB95AA2): 0
LogDevObjectVersion:   Dev-Platform (6631380F-2D4D-43E0-8009-CF276956A95A): 0
LogDevObjectVersion:   Dev-Rendering (12F88B9F-8875-4AFC-A67C-D90C383ABD29): 4
LogDevObjectVersion:   Dev-Sequencer (7B5AE74C-D270-4C10-A958-57980B212A5A): 0
LogDevObjectVersion:   Dev-VR (D7296918-1DD6-4BDD-9DE2-64A83CC13884): 0
LogInit: Compiled (64-bit): Sep 28 2016 02:12:12
LogInit: Compiled with Visual C++: 19.00.23026.00
LogInit: Build Configuration: Development
LogInit: Branch Name: ++UE4+Release-4.13
LogInit: Command line:  
LogInit: Base directory: C:/Program Files (x86)/Epic Games/4.13/Engine/Binaries/Win64/
LogInit: Installed Engine Build: 1
LogInit: Presizing for max 8388607 objects, including 0 objects not considered by GC, pre-allocating 0 bytes for permanent pool.
LogInit: Object subsystem initialized
[2016.10.12-15.19.15:203][  0]LogInit: Selected Device Profile: [Windows]
[2016.10.12-15.19.15:204][  0]LogInit: Applying CVar settings loaded from the selected device profile: [Windows]
[2016.10.12-15.19.15:212][  0]LogInit: Computer: FGWH030
[2016.10.12-15.19.15:212][  0]LogInit: User: fredriktumlin
[2016.10.12-15.19.15:212][  0]LogInit: CPU Page size=65536, Cores=4
[2016.10.12-15.19.15:212][  0]LogInit: High frequency timer resolution =3.416015 MHz
[2016.10.12-15.19.15:212][  0]LogMemory: Memory total: Physical=15.9GB (16GB approx)
[2016.10.12-15.19.15:212][  0]LogMemory: Platform Memory Stats for Windows
[2016.10.12-15.19.15:212][  0]LogMemory: Process Physical Memory: 256.43 MB used, 256.43 MB peak
[2016.10.12-15.19.15:212][  0]LogMemory: Process Virtual Memory: 260.63 MB used, 260.63 MB peak
[2016.10.12-15.19.15:212][  0]LogMemory: Physical Memory: 8113.38 MB used, 16327.00 MB total
[2016.10.12-15.19.15:212][  0]LogMemory: Virtual Memory: 591.65 MB used, 8388608.00 MB total
[2016.10.12-15.19.15:238][  0]LogTextLocalizationManager: No translations for ('sv-SE') exist, falling back to 'en' for localization and internationalization data.
[2016.10.12-15.19.15:724][  0]LogD3D11RHI: D3D11 adapters:
[2016.10.12-15.19.15:740][  0]LogD3D11RHI:    0. 'NVIDIA GeForce GTX 960' (Feature Level 11_0)
[2016.10.12-15.19.15:740][  0]LogD3D11RHI:       1969/0/2048 MB DedicatedVideo/DedicatedSystem/SharedSystem, Outputs:2, VendorId:0x10de
[2016.10.12-15.19.15:740][  0]LogD3D11RHI: Chosen D3D11 Adapter: 0
[2016.10.12-15.19.15:744][  0]LogD3D11RHI: Creating new Direct3DDevice
[2016.10.12-15.19.15:744][  0]LogD3D11RHI:     GPU DeviceId: 0x1401 (for the marketing name, search the web for "GPU Device Id")
[2016.10.12-15.19.15:744][  0]LogWindows: EnumDisplayDevices:
[2016.10.12-15.19.15:744][  0]LogWindows:    0. 'NVIDIA GeForce GTX 960' (P:1 D:1)
[2016.10.12-15.19.15:744][  0]LogWindows:    1. 'NVIDIA GeForce GTX 960' (P:0 D:1)
[2016.10.12-15.19.15:744][  0]LogWindows:    2. 'NVIDIA GeForce GTX 960' (P:0 D:0)
[2016.10.12-15.19.15:745][  0]LogWindows:    3. 'NVIDIA GeForce GTX 960' (P:0 D:0)
[2016.10.12-15.19.15:745][  0]LogWindows:    4. 'RDPDD Chained DD' (P:0 D:0)
[2016.10.12-15.19.15:745][  0]LogWindows:    5. 'RDP Encoder Mirror Driver' (P:0 D:0)
[2016.10.12-15.19.15:745][  0]LogWindows:    6. 'RDP Reflector Display Driver' (P:0 D:0)
[2016.10.12-15.19.15:745][  0]LogWindows: DebugString: GetVideoDriverDetailsInvalid PrimaryIsNotTheChoosenAdapter GetVideoDriverDetailsInvalid PrimaryIsNotTheChoosenAdapter GetVideoDriverDetailsInvalid PrimaryIsNotTheChoosenAdapter FoundDriverCount:4 
[2016.10.12-15.19.15:745][  0]LogD3D11RHI:     Adapter Name: NVIDIA GeForce GTX 960
[2016.10.12-15.19.15:745][  0]LogD3D11RHI:   Driver Version: 359.00 (internal:10.18.13.5900, unified:359.00)
[2016.10.12-15.19.15:745][  0]LogD3D11RHI:      Driver Date: 11-13-2015
[2016.10.12-15.19.15:745][  0]LogRHI: Texture pool is 1361 MB (70% of 1945 MB)
[2016.10.12-15.19.15:750][  0]LogD3D11RHI: Async texture creation enabled
[2016.10.12-15.19.15:764][  0]LogD3D11RHI: GPU Timing Frequency: 1000.000000 (Debug: 2 2)
[2016.10.12-15.19.15:764][  0]LogShaderCompilers: Guid format shader working directory is 19 characters bigger than the processId version (D:/GITProjects/PartyGame/PartyGame/Intermediate/Shaders/WorkingDirectory/9428/).
[2016.10.12-15.19.15:764][  0]LogShaderCompilers: Cleaned the shader compiler working directory 'C:/Users/FREDRI~1.TUM/AppData/Local/Temp/UnrealShaderWorkingDir/AC497B404F32E68E6843F9BFED349A6C/'.
[2016.10.12-15.19.15:764][  0]LogShaderCompilers:Display: Using Local Shader Compiler.
[2016.10.12-15.19.16:582][  0]LogTemp:Display: Loaded TP AllDesktopTargetPlatform
[2016.10.12-15.19.16:589][  0]LogTemp:Display: Loaded TP WindowsClientTargetPlatform
[2016.10.12-15.19.16:595][  0]LogTemp:Display: Loaded TP WindowsNoEditorTargetPlatform
[2016.10.12-15.19.16:601][  0]LogTemp:Display: Loaded TP WindowsServerTargetPlatform
[2016.10.12-15.19.16:608][  0]LogTemp:Display: Loaded TP WindowsTargetPlatform
[2016.10.12-15.19.16:614][  0]LogTemp:Display: Loaded TP AndroidTargetPlatform
[2016.10.12-15.19.16:620][  0]LogTemp:Display: Loaded TP Android_ASTCTargetPlatform
[2016.10.12-15.19.16:625][  0]LogTemp:Display: Loaded TP Android_ATCTargetPlatform
[2016.10.12-15.19.16:631][  0]LogTemp:Display: Loaded TP Android_DXTTargetPlatform
[2016.10.12-15.19.16:636][  0]LogTemp:Display: Loaded TP Android_ETC1TargetPlatform
[2016.10.12-15.19.16:641][  0]LogTemp:Display: Loaded TP Android_ETC2TargetPlatform
[2016.10.12-15.19.16:653][  0]LogTemp:Display: Loaded TP Android_MultiTargetPlatform
[2016.10.12-15.19.16:653][  0]LogTemp:Display: Loaded TP Android_PVRTCTargetPlatform
[2016.10.12-15.19.16:653][  0]LogTemp:Display: Loaded TP HTML5TargetPlatform
[2016.10.12-15.19.16:671][  0]LogTemp:Display: Loaded TP IOSTargetPlatform
[2016.10.12-15.19.16:676][  0]LogTemp:Display: Loaded TP TVOSTargetPlatform
[2016.10.12-15.19.16:682][  0]LogTemp:Display: Loaded TP LinuxClientTargetPlatform
[2016.10.12-15.19.16:687][  0]LogTemp:Display: Loaded TP LinuxNoEditorTargetPlatform
[2016.10.12-15.19.16:693][  0]LogTemp:Display: Loaded TP LinuxServerTargetPlatform
[2016.10.12-15.19.16:699][  0]LogTemp:Display: Loaded TP LinuxTargetPlatform
[2016.10.12-15.19.16:699][  0]LogTargetPlatformManager:Display: Building Assets For Windows
[2016.10.12-15.19.16:765][  0]LogDerivedDataCache:Display: Max Cache Size: 512 MB
[2016.10.12-15.19.16:820][  0]LogDerivedDataCache: Loaded boot cache 0.05s 62MB C:/Users/Fredrik.tumlin/AppData/Local/UnrealEngine/4.13/DerivedDataCache/Boot.ddc.
[2016.10.12-15.19.16:820][  0]LogDerivedDataCache:Display: Loaded Boot cache: C:/Users/Fredrik.tumlin/AppData/Local/UnrealEngine/4.13/DerivedDataCache/Boot.ddc
[2016.10.12-15.19.16:820][  0]LogDerivedDataCache: FDerivedDataBackendGraph:  Pak pak cache file D:/GITProjects/PartyGame/PartyGame/DerivedDataCache/DDC.ddp not found, will not use a pak cache.
[2016.10.12-15.19.16:820][  0]LogDerivedDataCache: Unable to find inner node Pak for hierarchical cache Hierarchy.
[2016.10.12-15.19.16:820][  0]LogDerivedDataCache: FDerivedDataBackendGraph:  CompressedPak pak cache file D:/GITProjects/PartyGame/PartyGame/DerivedDataCache/Compressed.ddp not found, will not use a pak cache.
[2016.10.12-15.19.16:820][  0]LogDerivedDataCache: Unable to find inner node CompressedPak for hierarchical cache Hierarchy.
[2016.10.12-15.19.16:836][  0]LogDerivedDataCache:Display: Pak cache opened for reading ../../../Engine/DerivedDataCache/Compressed.ddp.
[2016.10.12-15.19.16:847][  0]LogDerivedDataCache: Using Local data cache path C:/Users/Fredrik.tumlin/AppData/Local/UnrealEngine/Common/DerivedDataCache: Writable
[2016.10.12-15.19.17:014][  0]LogInit: Selected Device Profile: [Windows]
[2016.10.12-15.19.17:017][  0]LogMaterial: Uniform references updated for custom material expression Custom.
[2016.10.12-15.19.17:017][  0]LogContentStreaming: Texture pool size is 0.00 MB
[2016.10.12-15.19.17:139][  0]LogMeshUtilities: No automatic mesh reduction module available
[2016.10.12-15.19.17:139][  0]LogMeshUtilities: No automatic mesh merging module available
[2016.10.12-15.19.17:139][  0]LogMeshUtilities: No distributed automatic mesh merging module available
[2016.10.12-15.19.17:393][  0]LogNetVersion: GetLocalNetworkVersion: CL: 3106830, ProjectName: partygame, ProjectVersion: , EngineNetworkVersion: 1, GameNetworkVersion: 0, NetworkChecksum: 1851925081
[2016.10.12-15.19.17:426][  0]LogAssetRegistry: FAssetRegistry took 0.0199 seconds to start up
[2016.10.12-15.19.17:436][  0]LogPackageLocalizationCache: Processed 3 localized package path(s) for 1 prioritized culture(s) in 0.008359 seconds
[2016.10.12-15.19.17:440][  0]LogUObjectArray: 29778 objects as part of root set at end of initial load.
[2016.10.12-15.19.17:440][  0]LogUObjectAllocator: 6125456 out of 0 bytes used by permanent object pool.
[2016.10.12-15.19.17:440][  0]LogUObjectArray: CloseDisregardForGC: 0/0 objects in disregard for GC pool
[2016.10.12-15.19.17:445][  0]LogInit: WinSock: version 1.1 (2.2), MaxSocks=32767, MaxUdp=65467
[2016.10.12-15.19.17:609][  0]LogSlate: SlateFontCache - WITH_FREETYPE: 1, WITH_HARFBUZZ: 1
[2016.10.12-15.19.17:609][  0]LogSlate: SlateFontCache - WITH_FREETYPE: 1, WITH_HARFBUZZ: 1
[2016.10.12-15.19.18:129][  0]LogTcpMessaging: Initializing TcpMessaging bridge
[2016.10.12-15.19.18:150][  0]LogUdpMessaging: Initializing bridge on interface 0.0.0.0:0 to multicast group 230.0.0.1:6666.
[2016.10.12-15.19.18:373][  0]SourceControl: Info Source control is disabled
[2016.10.12-15.19.18:393][  0]SourceControl: Info Source control is disabled
[2016.10.12-15.19.18:404][  0]SourceControl: Info Source control is disabled
[2016.10.12-15.19.18:415][  0]SourceControl: Info Source control is disabled
[2016.10.12-15.19.18:782][  0]LogEngine: Initializing Engine...
[2016.10.12-15.19.18:782][  0]LogHMD: Failed to initialize OpenVR with code 110
[2016.10.12-15.19.18:899][  0]LogAIModule: Creating AISystem for world Untitled
[2016.10.12-15.19.18:908][  0]LogInit: XAudio2 using 'Högtalare (Realtek High Definition Audio)' : 2 channels at 48 kHz using 32 bits per sample (channel mask 0x3)
[2016.10.12-15.19.18:927][  0]LogInit: FAudioDevice initialized.
[2016.10.12-15.19.18:959][  0]LogDerivedDataCache: Saved boot cache 0.03s 62MB C:/Users/Fredrik.tumlin/AppData/Local/UnrealEngine/4.13/DerivedDataCache/Boot.ddc.
[2016.10.12-15.19.18:967][  0]LogInit: Texture streaming: Enabled
[2016.10.12-15.19.18:983][  0]LogInit: Transaction tracking system initialized
[2016.10.12-15.19.18:998][  0]BlueprintLog: New page: Editor Load
[2016.10.12-15.19.19:070][  0]LocalizationService: Info Localization service is disabled
[2016.10.12-15.19.19:136][  0]LogConsoleResponse:Display: 
[2016.10.12-15.19.19:225][  0]LogCook:Display: Max memory allowance for cook 16384mb min free memory 0mb
[2016.10.12-15.19.19:225][  0]LogCook:Display: Mobile HDR setting 1
[2016.10.12-15.19.19:379][  0]LogFileCache: Scanning file cache for directory 'D:/GITProjects/PartyGame/PartyGame/Content/' took 0.01s
[2016.10.12-15.19.19:379][  0]SourceControl: Info Source control is disabled
[2016.10.12-15.19.19:379][  0]Cmd: MAP LOAD FILE="../../../Engine/Content/Maps/Templates/Template_Default.umap" TEMPLATE=1 SHOWPROGRESS=1 FEATURELEVEL=3
[2016.10.12-15.19.19:379][  0]LightingResults: New page: Lighting Build
[2016.10.12-15.19.19:381][  0]MapCheck: New page: Map Check
[2016.10.12-15.19.19:381][  0]LightingResults: New page: Lighting Build
[2016.10.12-15.19.19:516][  0]LogAIModule: Creating AISystem for world Untitled_1
[2016.10.12-15.19.19:520][  0]LogEditorServer: Finished looking for orphan Actors (0.000 secs)
[2016.10.12-15.19.19:523][  0]Cmd: MAP CHECKDEP NOCLEARLOG
[2016.10.12-15.19.19:552][  0]MapCheck: Info Map check complete: 0 Error(s), 0 Warning(s), took 28.635ms to complete.
[2016.10.12-15.19.19:552][  0]LogFileHelpers: Loading map 'Template_Default' took 0.173
[2016.10.12-15.19.19:690][  0]LogCollectionManager: Loaded 0 collections in 0.001043 seconds
[2016.10.12-15.19.19:728][  0]LogFileCache: Scanning file cache for directory 'D:/GITProjects/PartyGame/PartyGame/Saved/Collections/' took 0.01s
[2016.10.12-15.19.19:728][  0]LogFileCache: Scanning file cache for directory 'D:/GITProjects/PartyGame/PartyGame/Content/Developers/fredriktumlin/Collections/' took 0.01s
[2016.10.12-15.19.19:728][  0]LogFileCache: Scanning file cache for directory 'D:/GITProjects/PartyGame/PartyGame/Content/Collections/' took 0.01s
[2016.10.12-15.19.19:728][  0]LogCollectionManager: Rebuilt the GUID cache for 0 collections in 0.000002 seconds
[2016.10.12-15.19.19:736][  0]LogContentBrowser: Native class hierarchy populated in 0.0080 seconds. Added 2146 classes and 418 folders.
[2016.10.12-15.19.19:739][  0]LogStats: UGameplayTagsManager::ConstructGameplayTagTree: Construct from data asset -  0.000 s
[2016.10.12-15.19.19:739][  0]LogStats: UGameplayTagsManager::ConstructGameplayTagTree: GameplayTagTreeChangedEvent.Broadcast -  0.000 s
[2016.10.12-15.19.19:740][  0]LogContentBrowser: Native class hierarchy updated for 'GameplayTags' in 0.0010 seconds. Added 12 classes and 0 folders.
[2016.10.12-15.19.19:744][  0]LogContentBrowser: Native class hierarchy updated for 'WidgetCarousel' in 0.0009 seconds. Added 0 classes and 0 folders.
[2016.10.12-15.19.19:774][  0]LogContentBrowser: Native class hierarchy updated for 'AddContentDialog' in 0.0010 seconds. Added 0 classes and 0 folders.
[2016.10.12-15.19.19:778][  0]LogContentBrowser: Native class hierarchy updated for 'SceneOutliner' in 0.0010 seconds. Added 1 classes and 2 folders.
[2016.10.12-15.19.19:816][  0]LogCrashTracker: Crashtracker disabled due to settings.
[2016.10.12-15.19.19:829][  0]LogUObjectGlobals:Warning: Failed to find object 'Class None.'
[2016.10.12-15.19.19:854][  0]LogContentBrowser: Native class hierarchy updated for 'HierarchicalLODOutliner' in 0.0010 seconds. Added 1 classes and 2 folders.
[2016.10.12-15.19.19:854][  0]LogLoad: (Engine Initialization) Total time: 5.61 seconds
[2016.10.12-15.19.19:854][  0]LogLoad: (Engine Initialization) Total Blueprint compile time: 0.04 seconds
[2016.10.12-15.19.19:854][  0]LogExternalProfiler: Found external profiler: VSPerf
[2016.10.12-15.19.19:854][  0]LogExternalProfiler: Using external profiler: VSPerf
[2016.10.12-15.19.19:867][  0]LogOcInput: OculusInput pre-init called
[2016.10.12-15.19.19:882][  0]LogAssetRegistry: Asset discovery search completed in 2.4772 seconds
[2016.10.12-15.19.19:882][  0]LogCollectionManager: Rebuilt the object cache for 0 collections in 0.000001 seconds (found 0 objects)
[2016.10.12-15.19.19:882][  0]LogCollectionManager: Fixed up redirectors for 0 collections in 0.000017 seconds (updated 0 objects)
[2016.10.12-15.19.19:884][  0]LogContentStreaming: Texture pool size now 1000 MB
[2016.10.12-15.19.20:010][  0]LogRenderer: Reallocating scene render targets to support 1196x556 (Frame:2).
[2016.10.12-15.19.45:171][936]LogContentBrowser: Native class hierarchy updated for 'BlueprintGraph' in 0.0013 seconds. Added 112 classes and 0 folders.
[2016.10.12-15.19.49:912][387]BlueprintLog: New page: Compile PartyGameInstance
[2016.10.12-15.19.50:347][423]Cmd: OBJ SAVEPACKAGE PACKAGE="/Game/Libs/PartyGameInstance" FILE="D:/GITProjects/PartyGame/PartyGame/Content/Libs/PartyGameInstance.uasset" SILENT=true
[2016.10.12-15.19.50:364][423]LogSavePackage: Save=13.60ms
[2016.10.12-15.19.50:364][423]LogSavePackage: Moving 'D:/GITProjects/PartyGame/PartyGame/Saved/PartyGameInstanceA4AF58D6458E081EB924009BA25D85B6.tmp' to 'D:/GITProjects/PartyGame/PartyGame/Content/Libs/PartyGameInstance.uasset'
[2016.10.12-15.19.50:365][423]LogSavePackage:Display: Finished SavePackage D:/GITProjects/PartyGame/PartyGame/Content/Libs/PartyGameInstance.uasset
[2016.10.12-15.20.32:748][367]BlueprintLog: New page: Compile MenuController
[2016.10.12-15.20.33:113][396]Cmd: OBJ SAVEPACKAGE PACKAGE="/Game/Startlevel/GUI/MenuController" FILE="D:/GITProjects/PartyGame/PartyGame/Content/Startlevel/GUI/MenuController.uasset" SILENT=true
[2016.10.12-15.20.33:131][396]LogSavePackage: Save=11.72ms
[2016.10.12-15.20.33:131][396]LogSavePackage: Moving 'D:/GITProjects/PartyGame/PartyGame/Saved/MenuController116EFBDE4554EF32731653BF79DE9C84.tmp' to 'D:/GITProjects/PartyGame/PartyGame/Content/Startlevel/GUI/MenuController.uasset'
[2016.10.12-15.20.33:132][396]LogSavePackage:Display: Finished SavePackage D:/GITProjects/PartyGame/PartyGame/Content/Startlevel/GUI/MenuController.uasset
[2016.10.12-15.20.33:662][457]LogPlayLevel: PlayLevel: No blueprints needed recompiling
[2016.10.12-15.20.33:663][457]PIE: New page: PIE session: Untitled_1 (Oct 12, 2016, 6:20:33 PM)
[2016.10.12-15.20.33:665][457]LogPlayLevel: Creating play world package: /Temp/UEDPIE_0_Untitled_1
[2016.10.12-15.20.33:667][457]LogPlayLevel: PIE: StaticDuplicateObject took: (0.001836s)
[2016.10.12-15.20.33:667][457]LogAIModule: Creating AISystem for world Untitled_1
[2016.10.12-15.20.33:667][457]LogPlayLevel: PIE: World Init took: (0.000644s)
[2016.10.12-15.20.33:668][457]LogPlayLevel: PIE: Created PIE world by copying editor world from /Temp/Untitled_1.Untitled_1 to /Temp/UEDPIE_0_Untitled_1.Untitled_1 (0.002791s)
[2016.10.12-15.20.33:686][457]LogInit: XAudio2 using 'Högtalare (Realtek High Definition Audio)' : 2 channels at 48 kHz using 32 bits per sample (channel mask 0x3)
[2016.10.12-15.20.33:692][457]LogInit: FAudioDevice initialized.
[2016.10.12-15.20.33:769][457]LogWorld: Game class is 'PartyGameMode_C'
[2016.10.12-15.20.33:771][457]LogWorld: Bringing World /Temp/UEDPIE_0_Untitled_1.Untitled_1 up for play (max tick rate 0) at 2016.10.12-17.20.33
[2016.10.12-15.20.33:771][457]LogWorld: Bringing up level for play took: 0.001046
[2016.10.12-15.20.33:776][457]LogContentBrowser: Native class hierarchy updated for 'MovieSceneCapture' in 0.0011 seconds. Added 11 classes and 0 folders.
[2016.10.12-15.20.33:776][457]LogGameMode:Display: Match State Changed from EnteringMap to WaitingToStart
[2016.10.12-15.20.33:776][457]LogGameState: Match State Changed from EnteringMap to WaitingToStart
[2016.10.12-15.20.33:776][457]LogGameMode:Display: Match State Changed from WaitingToStart to InProgress
[2016.10.12-15.20.33:779][457]LogGameState: Match State Changed from WaitingToStart to InProgress
[2016.10.12-15.20.33:781][457]PIE: Info Play in editor start time for /Temp/UEDPIE_0_Untitled_1 -0.597
[2016.10.12-15.20.33:798][457]LogRenderer: Reallocating scene render targets to support 1292x756 (Frame:5711).
[2016.10.12-15.20.38:285][980]LogAIModule: Creating AISystem for world StartLevel
[2016.10.12-15.20.39:557][980]Cmd: MAP LOAD FILE="D:/GITProjects/PartyGame/PartyGame/Content/StartLevel.umap" TEMPLATE=0 SHOWPROGRESS=1 FEATURELEVEL=3
[2016.10.12-15.20.39:579][980]LightingResults: New page: Lighting Build
[2016.10.12-15.20.39:580][980]LoadErrors: New page: Loading map: StartLevel.umap
[2016.10.12-15.20.39:580][980]MapCheck: New page: Map Check
[2016.10.12-15.20.39:580][980]LightingResults: New page: Lighting Build
[2016.10.12-15.20.39:661][980]LogEditorServer: Finished looking for orphan Actors (0.000 secs)
[2016.10.12-15.20.39:702][980]Cmd: MAP CHECKDEP NOCLEARLOG
[2016.10.12-15.20.39:745][980]MapCheck: Info Map check complete: 0 Error(s), 0 Warning(s), took 42.794ms to complete.
[2016.10.12-15.20.39:745][980]LogFileHelpers: Loading map 'StartLevel' took 1.445
[2016.10.12-15.20.40:816][105]LogBlueprintUserMessages: Early PlayInEditor Detection: Level '/Game/StartLevel.StartLevel:PersistentLevel' has LevelScriptBlueprint '/Game/StartLevel.StartLevel:PersistentLevel.StartLevel' with GeneratedClass '/Game/StartLevel.StartLevel_C' with ClassGeneratedBy '/Game/StartLevel.StartLevel:PersistentLevel.StartLevel'
[2016.10.12-15.20.40:816][105]LogPlayLevel: PlayLevel: No blueprints needed recompiling
[2016.10.12-15.20.40:816][105]PIE: New page: PIE session: StartLevel (Oct 12, 2016, 6:20:40 PM)
[2016.10.12-15.20.40:817][105]LogPlayLevel: Creating play world package: /Game/UEDPIE_0_StartLevel
[2016.10.12-15.20.40:818][105]LogPlayLevel: PIE: StaticDuplicateObject took: (0.000705s)
[2016.10.12-15.20.40:818][105]LogAIModule: Creating AISystem for world StartLevel
[2016.10.12-15.20.40:818][105]LogPlayLevel: PIE: World Init took: (0.000539s)
[2016.10.12-15.20.40:818][105]LogPlayLevel: PIE: Created PIE world by copying editor world from /Game/StartLevel.StartLevel to /Game/UEDPIE_0_StartLevel.StartLevel (0.001421s)
[2016.10.12-15.20.40:836][105]LogInit: XAudio2 using 'Högtalare (Realtek High Definition Audio)' : 2 channels at 48 kHz using 32 bits per sample (channel mask 0x3)
[2016.10.12-15.20.40:843][105]LogInit: FAudioDevice initialized.
[2016.10.12-15.20.40:875][105]LogWorld: Game class is 'PlayerSelectionGameMode_C'
[2016.10.12-15.20.40:876][105]LogWorld: Bringing World /Game/UEDPIE_0_StartLevel.StartLevel up for play (max tick rate 0) at 2016.10.12-17.20.40
[2016.10.12-15.20.40:876][105]LogWorld: Bringing up level for play took: 0.000566
[2016.10.12-15.20.40:877][105]LogGameMode:Display: Match State Changed from EnteringMap to WaitingToStart
[2016.10.12-15.20.40:877][105]LogGameState: Match State Changed from EnteringMap to WaitingToStart
[2016.10.12-15.20.40:877][105]LogGameMode:Display: Match State Changed from WaitingToStart to InProgress
[2016.10.12-15.20.40:877][105]LogBlueprintUserMessages: [MenuController_C_0] Hello
[2016.10.12-15.20.40:878][105]LogPlayerController:Error: EnableInput can only be specified on a PlayerController for itself
[2016.10.12-15.20.40:878][105]LogPlayerController:Error: EnableInput can only be specified on a PlayerController for itself
[2016.10.12-15.20.40:879][105]LogPlayerController:Error: EnableInput can only be specified on a PlayerController for itself
[2016.10.12-15.20.40:879][105]LogPlayerManagement:Error: Failed to Create Player: Maximum number of players (4) already created.  Unable to create more.
[2016.10.12-15.20.40:879][105]LogPlayerManagement:Error: Failed to Create Player: Maximum number of players (4) already created.  Unable to create more.
[2016.10.12-15.20.40:879][105]LogPlayerManagement:Error: Failed to Create Player: Maximum number of players (4) already created.  Unable to create more.
[2016.10.12-15.20.40:879][105]LogBlueprintUserMessages: [MenuController_C_1] Hello
[2016.10.12-15.20.40:879][105]LogBlueprintUserMessages: [MenuController_C_2] Hello
[2016.10.12-15.20.40:879][105]LogBlueprintUserMessages: [MenuController_C_3] Hello
[2016.10.12-15.20.40:879][105]LogGameState: Match State Changed from WaitingToStart to InProgress
[2016.10.12-15.20.40:879][105]PIE: Info Play in editor start time for /Game/UEDPIE_0_StartLevel 0.501
[2016.10.12-15.20.40:880][105]LogBlueprintUserMessages: Late PlayInEditor Detection: Level '/Game/StartLevel.StartLevel:PersistentLevel' has LevelScriptBlueprint '/Game/StartLevel.StartLevel:PersistentLevel.StartLevel' with GeneratedClass '/Game/StartLevel.StartLevel_C' with ClassGeneratedBy '/Game/StartLevel.StartLevel:PersistentLevel.StartLevel'
[2016.10.12-15.20.42:342][279]LogBlueprintUserMessages: [MenuController_C_0] 0
[2016.10.12-15.20.42:684][320]LogBlueprintUserMessages: [MenuController_C_0] 0
[2016.10.12-15.20.50:004][198]LogBlueprintUserMessages: [MenuController_C_1] 1
[2016.10.12-15.20.50:321][236]LogBlueprintUserMessages: [MenuController_C_1] 1
[2016.10.12-15.20.50:579][267]LogBlueprintUserMessages: [MenuController_C_1] 1
[2016.10.12-15.20.50:763][289]LogBlueprintUserMessages: [MenuController_C_1] 1
[2016.10.12-15.20.51:013][319]LogBlueprintUserMessages: [MenuController_C_1] 1
[2016.10.12-15.20.51:154][336]LogBlueprintUserMessages: [MenuController_C_1] 1
[2016.10.12-15.20.51:346][359]LogBlueprintUserMessages: [MenuController_C_1] 1
[2016.10.12-15.20.51:621][392]LogBlueprintUserMessages: [MenuController_C_1] 1
[2016.10.12-15.20.51:896][425]LogBlueprintUserMessages: [MenuController_C_1] 1
[2016.10.12-15.20.52:096][449]LogBlueprintUserMessages: [MenuController_C_1] 1
[2016.10.12-15.20.52:354][480]LogBlueprintUserMessages: [MenuController_C_1] 1
[2016.10.12-15.20.52:613][511]LogBlueprintUserMessages: [MenuController_C_1] 1
[2016.10.12-15.20.52:863][541]LogBlueprintUserMessages: [MenuController_C_1] 1
[2016.10.12-15.20.53:063][565]LogBlueprintUserMessages: [MenuController_C_1] 1
[2016.10.12-15.20.53:296][593]LogBlueprintUserMessages: [MenuController_C_1] 1
[2016.10.12-15.20.53:496][617]LogBlueprintUserMessages: [MenuController_C_1] 1
[2016.10.12-15.20.53:721][644]LogBlueprintUserMessages: [MenuController_C_1] 1
[2016.10.12-15.20.53:921][668]LogBlueprintUserMessages: [MenuController_C_1] 1
[2016.10.12-15.20.54:163][697]LogBlueprintUserMessages: [MenuController_C_1] 1
[2016.10.12-15.20.54:371][722]LogBlueprintUserMessages: [MenuController_C_1] 1
[2016.10.12-15.20.54:621][752]LogBlueprintUserMessages: [MenuController_C_1] 1
[2016.10.12-15.20.54:813][775]LogBlueprintUserMessages: [MenuController_C_1] 1
[2016.10.12-15.20.57:230][ 65]LogBlueprintUserMessages: Early EndPlayMap Detection: Level '/Game/StartLevel.StartLevel:PersistentLevel' has LevelScriptBlueprint '/Game/StartLevel.StartLevel:PersistentLevel.StartLevel' with GeneratedClass '/Game/StartLevel.StartLevel_C' with ClassGeneratedBy '/Game/StartLevel.StartLevel:PersistentLevel.StartLevel'
[2016.10.12-15.20.57:261][ 65]LogBlueprintUserMessages: Late EndPlayMap Detection: Level '/Game/StartLevel.StartLevel:PersistentLevel' has LevelScriptBlueprint '/Game/StartLevel.StartLevel:PersistentLevel.StartLevel' with GeneratedClass '/Game/StartLevel.StartLevel_C' with ClassGeneratedBy '/Game/StartLevel.StartLevel:PersistentLevel.StartLevel'
[2016.10.12-15.20.58:368][193]LogBlueprintUserMessages: Early PlayInEditor Detection: Level '/Game/StartLevel.StartLevel:PersistentLevel' has LevelScriptBlueprint '/Game/StartLevel.StartLevel:PersistentLevel.StartLevel' with GeneratedClass '/Game/StartLevel.StartLevel_C' with ClassGeneratedBy '/Game/StartLevel.StartLevel:PersistentLevel.StartLevel'
[2016.10.12-15.20.58:368][193]LogPlayLevel: PlayLevel: No blueprints needed recompiling
[2016.10.12-15.20.58:369][193]PIE: New page: PIE session: StartLevel (Oct 12, 2016, 6:20:58 PM)
[2016.10.12-15.20.58:369][193]LogPlayLevel: Creating play world package: /Game/UEDPIE_0_StartLevel
[2016.10.12-15.20.58:370][193]LogPlayLevel: PIE: StaticDuplicateObject took: (0.000689s)
[2016.10.12-15.20.58:370][193]LogAIModule: Creating AISystem for world StartLevel
[2016.10.12-15.20.58:370][193]LogPlayLevel: PIE: World Init took: (0.000569s)
[2016.10.12-15.20.58:371][193]LogPlayLevel: PIE: Created PIE world by copying editor world from /Game/StartLevel.StartLevel to /Game/UEDPIE_0_StartLevel.StartLevel (0.001486s)
[2016.10.12-15.20.58:389][193]LogInit: XAudio2 using 'Högtalare (Realtek High Definition Audio)' : 2 channels at 48 kHz using 32 bits per sample (channel mask 0x3)
[2016.10.12-15.20.58:396][193]LogInit: FAudioDevice initialized.
[2016.10.12-15.20.58:424][193]LogWorld: Game class is 'PlayerSelectionGameMode_C'
[2016.10.12-15.20.58:426][193]LogWorld: Bringing World /Game/UEDPIE_0_StartLevel.StartLevel up for play (max tick rate 0) at 2016.10.12-17.20.58
[2016.10.12-15.20.58:426][193]LogWorld: Bringing up level for play took: 0.000676
[2016.10.12-15.20.58:426][193]LogGameMode:Display: Match State Changed from EnteringMap to WaitingToStart
[2016.10.12-15.20.58:426][193]LogGameState: Match State Changed from EnteringMap to WaitingToStart
[2016.10.12-15.20.58:426][193]LogGameMode:Display: Match State Changed from WaitingToStart to InProgress
[2016.10.12-15.20.58:427][193]LogBlueprintUserMessages: [MenuController_C_0] Hello
[2016.10.12-15.20.58:427][193]LogPlayerController:Error: EnableInput can only be specified on a PlayerController for itself
[2016.10.12-15.20.58:428][193]LogPlayerController:Error: EnableInput can only be specified on a PlayerController for itself
[2016.10.12-15.20.58:428][193]LogPlayerController:Error: EnableInput can only be specified on a PlayerController for itself
[2016.10.12-15.20.58:428][193]LogPlayerManagement:Error: Failed to Create Player: Maximum number of players (4) already created.  Unable to create more.
[2016.10.12-15.20.58:428][193]LogPlayerManagement:Error: Failed to Create Player: Maximum number of players (4) already created.  Unable to create more.
[2016.10.12-15.20.58:429][193]LogPlayerManagement:Error: Failed to Create Player: Maximum number of players (4) already created.  Unable to create more.
[2016.10.12-15.20.58:429][193]LogBlueprintUserMessages: [MenuController_C_1] Hello
[2016.10.12-15.20.58:429][193]LogBlueprintUserMessages: [MenuController_C_2] Hello
[2016.10.12-15.20.58:429][193]LogBlueprintUserMessages: [MenuController_C_3] Hello
[2016.10.12-15.20.58:429][193]LogGameState: Match State Changed from WaitingToStart to InProgress
[2016.10.12-15.20.58:429][193]PIE: Info Play in editor start time for /Game/UEDPIE_0_StartLevel 0.052
[2016.10.12-15.20.58:429][193]LogBlueprintUserMessages: Late PlayInEditor Detection: Level '/Game/StartLevel.StartLevel:PersistentLevel' has LevelScriptBlueprint '/Game/StartLevel.StartLevel:PersistentLevel.StartLevel' with GeneratedClass '/Game/StartLevel.StartLevel_C' with ClassGeneratedBy '/Game/StartLevel.StartLevel:PersistentLevel.StartLevel'
[2016.10.12-15.20.59:706][346]LogBlueprintUserMessages: [MenuController_C_1] 1
[2016.10.12-15.21.00:122][396]LogBlueprintUserMessages: [MenuController_C_1] 1
[2016.10.12-15.21.00:973][498]LogBlueprintUserMessages: Early EndPlayMap Detection: Level '/Game/StartLevel.StartLevel:PersistentLevel' has LevelScriptBlueprint '/Game/StartLevel.StartLevel:PersistentLevel.StartLevel' with GeneratedClass '/Game/StartLevel.StartLevel_C' with ClassGeneratedBy '/Game/StartLevel.StartLevel:PersistentLevel.StartLevel'
[2016.10.12-15.21.01:000][498]LogBlueprintUserMessages: Late EndPlayMap Detection: Level '/Game/StartLevel.StartLevel:PersistentLevel' has LevelScriptBlueprint '/Game/StartLevel.StartLevel:PersistentLevel.StartLevel' with GeneratedClass '/Game/StartLevel.StartLevel_C' with ClassGeneratedBy '/Game/StartLevel.StartLevel:PersistentLevel.StartLevel'
[2016.10.12-15.21.02:889][721]LogBlueprintUserMessages: Early PlayInEditor Detection: Level '/Game/StartLevel.StartLevel:PersistentLevel' has LevelScriptBlueprint '/Game/StartLevel.StartLevel:PersistentLevel.StartLevel' with GeneratedClass '/Game/StartLevel.StartLevel_C' with ClassGeneratedBy '/Game/StartLevel.StartLevel:PersistentLevel.StartLevel'
[2016.10.12-15.21.02:889][721]LogPlayLevel: PlayLevel: No blueprints needed recompiling
[2016.10.12-15.21.02:889][721]PIE: New page: PIE session: StartLevel (Oct 12, 2016, 6:21:02 PM)
[2016.10.12-15.21.02:889][721]LogPlayLevel: Creating play world package: /Game/UEDPIE_0_StartLevel
[2016.10.12-15.21.02:890][721]LogPlayLevel: PIE: StaticDuplicateObject took: (0.000778s)
[2016.10.12-15.21.02:891][721]LogAIModule: Creating AISystem for world StartLevel
[2016.10.12-15.21.02:891][721]LogPlayLevel: PIE: World Init took: (0.000620s)
[2016.10.12-15.21.02:891][721]LogPlayLevel: PIE: Created PIE world by copying editor world from /Game/StartLevel.StartLevel to /Game/UEDPIE_0_StartLevel.StartLevel (0.001609s)
[2016.10.12-15.21.02:909][721]LogInit: XAudio2 using 'Högtalare (Realtek High Definition Audio)' : 2 channels at 48 kHz using 32 bits per sample (channel mask 0x3)
[2016.10.12-15.21.02:916][721]LogInit: FAudioDevice initialized.
[2016.10.12-15.21.02:946][721]LogWorld: Game class is 'PlayerSelectionGameMode_C'
[2016.10.12-15.21.02:948][721]LogWorld: Bringing World /Game/UEDPIE_0_StartLevel.StartLevel up for play (max tick rate 0) at 2016.10.12-17.21.02
[2016.10.12-15.21.02:948][721]LogWorld: Bringing up level for play took: 0.000683
[2016.10.12-15.21.02:949][721]LogGameMode:Display: Match State Changed from EnteringMap to WaitingToStart
[2016.10.12-15.21.02:949][721]LogGameState: Match State Changed from EnteringMap to WaitingToStart
[2016.10.12-15.21.02:949][721]LogGameMode:Display: Match State Changed from WaitingToStart to InProgress
[2016.10.12-15.21.02:949][721]LogBlueprintUserMessages: [MenuController_C_0] Hello
[2016.10.12-15.21.02:949][721]LogPlayerController:Error: EnableInput can only be specified on a PlayerController for itself
[2016.10.12-15.21.02:950][721]LogPlayerController:Error: EnableInput can only be specified on a PlayerController for itself
[2016.10.12-15.21.02:950][721]LogPlayerController:Error: EnableInput can only be specified on a PlayerController for itself
[2016.10.12-15.21.02:951][721]LogPlayerManagement:Error: Failed to Create Player: Maximum number of players (4) already created.  Unable to create more.
[2016.10.12-15.21.02:951][721]LogPlayerManagement:Error: Failed to Create Player: Maximum number of players (4) already created.  Unable to create more.
[2016.10.12-15.21.02:951][721]LogPlayerManagement:Error: Failed to Create Player: Maximum number of players (4) already created.  Unable to create more.
[2016.10.12-15.21.02:951][721]LogBlueprintUserMessages: [MenuController_C_1] Hello
[2016.10.12-15.21.02:951][721]LogBlueprintUserMessages: [MenuController_C_2] Hello
[2016.10.12-15.21.02:951][721]LogBlueprintUserMessages: [MenuController_C_3] Hello
[2016.10.12-15.21.02:951][721]LogGameState: Match State Changed from WaitingToStart to InProgress
[2016.10.12-15.21.02:951][721]PIE: Info Play in editor start time for /Game/UEDPIE_0_StartLevel 0.574
[2016.10.12-15.21.02:951][721]LogBlueprintUserMessages: Late PlayInEditor Detection: Level '/Game/StartLevel.StartLevel:PersistentLevel' has LevelScriptBlueprint '/Game/StartLevel.StartLevel:PersistentLevel.StartLevel' with GeneratedClass '/Game/StartLevel.StartLevel_C' with ClassGeneratedBy '/Game/StartLevel.StartLevel:PersistentLevel.StartLevel'
[2016.10.12-15.21.04:012][848]LogBlueprintUserMessages: [MenuController_C_1] 1
[2016.10.12-15.21.04:270][879]LogBlueprintUserMessages: [MenuController_C_1] 1
[2016.10.12-15.21.04:537][911]LogBlueprintUserMessages: [MenuController_C_1] 1
[2016.10.12-15.21.04:720][933]LogBlueprintUserMessages: [MenuController_C_1] 1
[2016.10.12-15.21.05:128][982]LogBlueprintUserMessages: [MenuController_C_1] 1
[2016.10.12-15.21.05:320][  5]LogBlueprintUserMessages: [MenuController_C_1] 1
[2016.10.12-15.21.05:528][ 30]LogBlueprintUserMessages: [MenuController_C_1] 1
[2016.10.12-15.21.05:845][ 68]LogBlueprintUserMessages: [MenuController_C_1] 1
[2016.10.12-15.21.06:137][103]LogBlueprintUserMessages: Early EndPlayMap Detection: Level '/Game/StartLevel.StartLevel:PersistentLevel' has LevelScriptBlueprint '/Game/StartLevel.StartLevel:PersistentLevel.StartLevel' with GeneratedClass '/Game/StartLevel.StartLevel_C' with ClassGeneratedBy '/Game/StartLevel.StartLevel:PersistentLevel.StartLevel'
[2016.10.12-15.21.06:164][103]LogBlueprintUserMessages: Late EndPlayMap Detection: Level '/Game/StartLevel.StartLevel:PersistentLevel' has LevelScriptBlueprint '/Game/StartLevel.StartLevel:PersistentLevel.StartLevel' with GeneratedClass '/Game/StartLevel.StartLevel_C' with ClassGeneratedBy '/Game/StartLevel.StartLevel:PersistentLevel.StartLevel'
[2016.10.12-15.21.30:639][ 34]BlueprintLog: New page: Compile MenuController
[2016.10.12-15.21.31:294][ 99]Cmd: OBJ SAVEPACKAGE PACKAGE="/Game/Startlevel/GUI/MenuController" FILE="D:/GITProjects/PartyGame/PartyGame/Content/Startlevel/GUI/MenuController.uasset" SILENT=true
[2016.10.12-15.21.31:308][ 99]LogSavePackage: Save=11.68ms
[2016.10.12-15.21.31:308][ 99]LogSavePackage: Moving 'D:/GITProjects/PartyGame/PartyGame/Saved/MenuControllerF5B7833A45C815BA04E2B8B36F944281.tmp' to 'D:/GITProjects/PartyGame/PartyGame/Content/Startlevel/GUI/MenuController.uasset'
[2016.10.12-15.21.31:309][ 99]LogSavePackage:Display: Finished SavePackage D:/GITProjects/PartyGame/PartyGame/Content/Startlevel/GUI/MenuController.uasset
[2016.10.12-15.21.33:116][314]LogBlueprintUserMessages: Early PlayInEditor Detection: Level '/Game/StartLevel.StartLevel:PersistentLevel' has LevelScriptBlueprint '/Game/StartLevel.StartLevel:PersistentLevel.StartLevel' with GeneratedClass '/Game/StartLevel.StartLevel_C' with ClassGeneratedBy '/Game/StartLevel.StartLevel:PersistentLevel.StartLevel'
[2016.10.12-15.21.33:116][314]LogPlayLevel: PlayLevel: No blueprints needed recompiling
[2016.10.12-15.21.33:116][314]PIE: New page: PIE session: StartLevel (Oct 12, 2016, 6:21:33 PM)
[2016.10.12-15.21.33:116][314]LogPlayLevel: Creating play world package: /Game/UEDPIE_0_StartLevel
[2016.10.12-15.21.33:117][314]LogPlayLevel: PIE: StaticDuplicateObject took: (0.000641s)
[2016.10.12-15.21.33:118][314]LogAIModule: Creating AISystem for world StartLevel
[2016.10.12-15.21.33:118][314]LogPlayLevel: PIE: World Init took: (0.000746s)
[2016.10.12-15.21.33:118][314]LogPlayLevel: PIE: Created PIE world by copying editor world from /Game/StartLevel.StartLevel to /Game/UEDPIE_0_StartLevel.StartLevel (0.001595s)
[2016.10.12-15.21.33:136][314]LogInit: XAudio2 using 'Högtalare (Realtek High Definition Audio)' : 2 channels at 48 kHz using 32 bits per sample (channel mask 0x3)
[2016.10.12-15.21.33:143][314]LogInit: FAudioDevice initialized.
[2016.10.12-15.21.33:178][314]LogWorld: Game class is 'PlayerSelectionGameMode_C'
[2016.10.12-15.21.33:183][314]LogWorld: Bringing World /Game/UEDPIE_0_StartLevel.StartLevel up for play (max tick rate 0) at 2016.10.12-17.21.33
[2016.10.12-15.21.33:183][314]LogWorld: Bringing up level for play took: 0.001971
[2016.10.12-15.21.33:185][314]LogGameMode:Display: Match State Changed from EnteringMap to WaitingToStart
[2016.10.12-15.21.33:185][314]LogGameState: Match State Changed from EnteringMap to WaitingToStart
[2016.10.12-15.21.33:185][314]LogGameMode:Display: Match State Changed from WaitingToStart to InProgress
[2016.10.12-15.21.33:186][314]LogBlueprintUserMessages: [MenuController_C_0] Hello
[2016.10.12-15.21.33:188][314]LogPlayerController:Error: EnableInput can only be specified on a PlayerController for itself
[2016.10.12-15.21.33:189][314]LogPlayerController:Error: EnableInput can only be specified on a PlayerController for itself
[2016.10.12-15.21.33:191][314]LogPlayerController:Error: EnableInput can only be specified on a PlayerController for itself
[2016.10.12-15.21.33:193][314]LogPlayerManagement:Error: Failed to Create Player: Maximum number of players (4) already created.  Unable to create more.
[2016.10.12-15.21.33:193][314]LogPlayerManagement:Error: Failed to Create Player: Maximum number of players (4) already created.  Unable to create more.
[2016.10.12-15.21.33:193][314]LogPlayerManagement:Error: Failed to Create Player: Maximum number of players (4) already created.  Unable to create more.
[2016.10.12-15.21.33:193][314]LogBlueprintUserMessages: [MenuController_C_1] Hello
[2016.10.12-15.21.33:193][314]LogBlueprintUserMessages: [MenuController_C_2] Hello
[2016.10.12-15.21.33:193][314]LogBlueprintUserMessages: [MenuController_C_3] Hello
[2016.10.12-15.21.33:194][314]LogGameState: Match State Changed from WaitingToStart to InProgress
[2016.10.12-15.21.33:194][314]PIE: Info Play in editor start time for /Game/UEDPIE_0_StartLevel 0.818
[2016.10.12-15.21.33:194][314]LogBlueprintUserMessages: Late PlayInEditor Detection: Level '/Game/StartLevel.StartLevel:PersistentLevel' has LevelScriptBlueprint '/Game/StartLevel.StartLevel:PersistentLevel.StartLevel' with GeneratedClass '/Game/StartLevel.StartLevel_C' with ClassGeneratedBy '/Game/StartLevel.StartLevel:PersistentLevel.StartLevel'
[2016.10.12-15.21.34:751][500]LogBlueprintUserMessages: [MenuController_C_1] 1
[2016.10.12-15.21.34:936][500]LogCrashTracker: 


[2016.10.12-15.21.34:936][500]LogCrashTracker: 


[2016.10.12-15.21.34:936][500]LogWindows:Error: === Critical error: ===
[2016.10.12-15.21.34:936][500]LogWindows:Error: 
[2016.10.12-15.21.34:936][500]LogWindows:Error: Fatal error!
[2016.10.12-15.21.34:936][500]LogWindows:Error: 
[2016.10.12-15.21.34:936][500]LogWindows:Error: Unhandled Exception: EXCEPTION_ACCESS_VIOLATION writing address 0x00000000
[2016.10.12-15.21.34:936][500]LogWindows:Error: 
[2016.10.12-15.21.34:936][500]LogWindows:Error: UE4Editor-CoreUObject.dll
[2016.10.12-15.21.34:936][500]LogWindows:Error: UE4Editor-CoreUObject.dll
[2016.10.12-15.21.34:936][500]LogWindows:Error: UE4Editor-CoreUObject.dll
[2016.10.12-15.21.34:936][500]LogWindows:Error: UE4Editor-CoreUObject.dll
[2016.10.12-15.21.34:936][500]LogWindows:Error: UE4Editor-CoreUObject.dll
[2016.10.12-15.21.34:936][500]LogWindows:Error: UE4Editor-CoreUObject.dll
[2016.10.12-15.21.34:936][500]LogWindows:Error: UE4Editor-CoreUObject.dll
[2016.10.12-15.21.34:936][500]LogWindows:Error: UE4Editor-CoreUObject.dll
[2016.10.12-15.21.34:936][500]LogWindows:Error: UE4Editor-Engine.dll
[2016.10.12-15.21.34:936][500]LogWindows:Error: UE4Editor-Engine.dll
[2016.10.12-15.21.34:936][500]LogWindows:Error: UE4Editor-Engine.dll
[2016.10.12-15.21.34:936][500]LogWindows:Error: UE4Editor-Engine.dll
[2016.10.12-15.21.34:936][500]LogWindows:Error: UE4Editor-Engine.dll
[2016.10.12-15.21.34:936][500]LogWindows:Error: UE4Editor-Engine.dll
[2016.10.12-15.21.34:936][500]LogWindows:Error: UE4Editor-Engine.dll
[2016.10.12-15.21.34:936][500]LogWindows:Error: UE4Editor-Engine.dll
[2016.10.12-15.21.34:936][500]LogWindows:Error: UE4Editor-Engine.dll
[2016.10.12-15.21.34:936][500]LogWindows:Error: UE4Editor-Engine.dll
[2016.10.12-15.21.34:936][500]LogWindows:Error: UE4Editor-Engine.dll
[2016.10.12-15.21.34:936][500]LogWindows:Error: UE4Editor-Core.dll
[2016.10.12-15.21.34:936][500]LogWindows:Error: UE4Editor-Core.dll
[2016.10.12-15.21.34:936][500]LogWindows:Error: UE4Editor-Core.dll
[2016.10.12-15.21.34:936][500]LogWindows:Error: UE4Editor-Engine.dll
[2016.10.12-15.21.34:936][500]LogWindows:Error: UE4Editor-Engine.dll
[2016.10.12-15.21.34:936][500]LogWindows:Error: UE4Editor-Engine.dll
[2016.10.12-15.21.34:936][500]LogWindows:Error: UE4Editor-Engine.dll
[2016.10.12-15.21.34:936][500]LogWindows:Error: UE4Editor-UnrealEd.dll
[2016.10.12-15.21.34:936][500]LogWindows:Error: UE4Editor-UnrealEd.dll
[2016.10.12-15.21.34:936][500]LogWindows:Error: UE4Editor.exe
[2016.10.12-15.21.34:936][500]LogWindows:Error: UE4Editor.exe
[2016.10.12-15.21.34:936][500]LogWindows:Error: UE4Editor.exe
[2016.10.12-15.21.34:936][500]LogWindows:Error: UE4Editor.exe
[2016.10.12-15.21.34:936][500]LogWindows:Error: UE4Editor.exe
[2016.10.12-15.21.34:937][500]LogWindows:Error: kernel32.dll
[2016.10.12-15.21.34:937][500]LogWindows:Error: ntdll.dll
[2016.10.12-15.21.34:937][500]LogWindows:Error: ntdll.dll
[2016.10.12-15.21.34:937][500]LogWindows:Error: 
[2016.10.12-15.21.34:952][500]LogExit: Executing StaticShutdownAfterError
[2016.10.12-15.21.34:955][500]LogWindows: FPlatformMisc::RequestExit(1)
[2016.10.12-15.21.34:956][500]Log file closed, 10/12/16 17:21:34
