Log file open, 10/12/16 17:18:38
LogInit:Display: Running engine for game: PartyGame
LogPlatformFile: Not using cached read wrapper
LogInit:Display: RandInit(-1710983812) SRandInit(-1710983812).
LogTaskGraph: Started task graph with 5 named threads and 8 total threads with 1 sets of task threads.
LogStats: Stats thread started at 0.070604
LogPluginManager: Loaded Plugin Paper2D, From C:/Program Files (x86)/Epic Games/4.13/Engine/Plugins/2D/Paper2D/Paper2D.uplugin
LogPluginManager: Loaded Plugin LightPropagationVolume, From C:/Program Files (x86)/Epic Games/4.13/Engine/Plugins/Blendables/LightPropagationVolume/LightPropagationVolume.uplugin
LogPluginManager: Loaded Plugin BlankPlugin, From C:/Program Files (x86)/Epic Games/4.13/Engine/Plugins/Developer/BlankPlugin/BlankPlugin.uplugin
LogPluginManager: Loaded Plugin CodeLiteSourceCodeAccess, From C:/Program Files (x86)/Epic Games/4.13/Engine/Plugins/Developer/CodeLiteSourceCodeAccess/CodeLiteSourceCodeAccess.uplugin
LogPluginManager: Loaded Plugin GitSourceControl, From C:/Program Files (x86)/Epic Games/4.13/Engine/Plugins/Developer/GitSourceControl/GitSourceControl.uplugin
LogPluginManager: Loaded Plugin KDevelopSourceCodeAccess, From C:/Program Files (x86)/Epic Games/4.13/Engine/Plugins/Developer/KDevelopSourceCodeAccess/KDevelopSourceCodeAccess.uplugin
LogPluginManager: Loaded Plugin NullSourceCodeAccess, From C:/Program Files (x86)/Epic Games/4.13/Engine/Plugins/Developer/NullSourceCodeAccess/NullSourceCodeAccess.uplugin
LogPluginManager: Loaded Plugin OneSkyLocalizationService, From C:/Program Files (x86)/Epic Games/4.13/Engine/Plugins/Developer/OneSkyLocalizationService/OneSkyLocalizationService.uplugin
LogPluginManager: Loaded Plugin PerforceSourceControl, From C:/Program Files (x86)/Epic Games/4.13/Engine/Plugins/Developer/PerforceSourceControl/PerforceSourceControl.uplugin
LogPluginManager: Loaded Plugin SubversionSourceControl, From C:/Program Files (x86)/Epic Games/4.13/Engine/Plugins/Developer/SubversionSourceControl/SubversionSourceControl.uplugin
LogPluginManager: Loaded Plugin UObjectPlugin, From C:/Program Files (x86)/Epic Games/4.13/Engine/Plugins/Developer/UObjectPlugin/UObjectPlugin.uplugin
LogPluginManager: Loaded Plugin VisualStudioSourceCodeAccess, From C:/Program Files (x86)/Epic Games/4.13/Engine/Plugins/Developer/VisualStudioSourceCodeAccess/VisualStudioSourceCodeAccess.uplugin
LogPluginManager: Loaded Plugin XCodeSourceCodeAccess, From C:/Program Files (x86)/Epic Games/4.13/Engine/Plugins/Developer/XCodeSourceCodeAccess/XCodeSourceCodeAccess.uplugin
LogPluginManager: Loaded Plugin EpicSurvey, From C:/Program Files (x86)/Epic Games/4.13/Engine/Plugins/Editor/EpicSurvey/EpicSurvey.uplugin
LogPluginManager: Loaded Plugin MacGraphicsSwitching, From C:/Program Files (x86)/Epic Games/4.13/Engine/Plugins/Editor/MacGraphicsSwitching/MacGraphicsSwitching.uplugin
LogPluginManager: Loaded Plugin MobileLauncherProfileWizard, From C:/Program Files (x86)/Epic Games/4.13/Engine/Plugins/Editor/MobileLauncherProfileWizard/MobileLauncherProfileWizard.uplugin
LogPluginManager: Loaded Plugin PluginBrowser, From C:/Program Files (x86)/Epic Games/4.13/Engine/Plugins/Editor/PluginBrowser/PluginBrowser.uplugin
LogPluginManager: Loaded Plugin SpeedTreeImporter, From C:/Program Files (x86)/Epic Games/4.13/Engine/Plugins/Editor/SpeedTreeImporter/SpeedTreeImporter.uplugin
LogPluginManager: Loaded Plugin SuperSearchEditor, From C:/Program Files (x86)/Epic Games/4.13/Engine/Plugins/Editor/SuperSearchEditor/SuperSearchEditor.uplugin
LogPluginManager: Loaded Plugin AlembicImporter, From C:/Program Files (x86)/Epic Games/4.13/Engine/Plugins/Experimental/AlembicImporter/AlembicImporter.uplugin
LogPluginManager: Loaded Plugin BlueprintStats, From C:/Program Files (x86)/Epic Games/4.13/Engine/Plugins/Experimental/BlueprintStats/BlueprintStats.uplugin
LogPluginManager: Loaded Plugin CharacterAI, From C:/Program Files (x86)/Epic Games/4.13/Engine/Plugins/Experimental/CharacterAI/CharacterAI.uplugin
LogPluginManager: Loaded Plugin CodeEditor, From C:/Program Files (x86)/Epic Games/4.13/Engine/Plugins/Experimental/CodeEditor/CodeEditor.uplugin
LogPluginManager: Loaded Plugin CodeView, From C:/Program Files (x86)/Epic Games/4.13/Engine/Plugins/Experimental/CodeView/CodeView.uplugin
LogPluginManager: Loaded Plugin HTML5Networking, From C:/Program Files (x86)/Epic Games/4.13/Engine/Plugins/Experimental/HTML5Networking/HTML5Networking.uplugin
LogPluginManager: Loaded Plugin LiveEditor, From C:/Program Files (x86)/Epic Games/4.13/Engine/Plugins/Experimental/LiveEditor/LiveEditor.uplugin
LogPluginManager: Loaded Plugin OSVR, From C:/Program Files (x86)/Epic Games/4.13/Engine/Plugins/Experimental/OSVR/OSVR.uplugin
LogPluginManager: Loaded Plugin Phya, From C:/Program Files (x86)/Epic Games/4.13/Engine/Plugins/Experimental/Phya/Phya.uplugin
LogPluginManager: Loaded Plugin SignificanceManager, From C:/Program Files (x86)/Epic Games/4.13/Engine/Plugins/Experimental/SignificanceManager/SignificanceManager.uplugin
LogPluginManager: Loaded Plugin SimpleHMD, From C:/Program Files (x86)/Epic Games/4.13/Engine/Plugins/Experimental/SimpleHMD/SimpleHMD.uplugin
LogPluginManager: Loaded Plugin StereoPanorama, From C:/Program Files (x86)/Epic Games/4.13/Engine/Plugins/Experimental/StereoPanorama/StereoPanorama.uplugin
LogPluginManager: Loaded Plugin StructBox, From C:/Program Files (x86)/Epic Games/4.13/Engine/Plugins/Experimental/StructBox/StructBox.uplugin
LogPluginManager: Loaded Plugin AndroidMedia, From C:/Program Files (x86)/Epic Games/4.13/Engine/Plugins/Media/AndroidMedia/AndroidMedia.uplugin
LogPluginManager: Loaded Plugin AvfMedia, From C:/Program Files (x86)/Epic Games/4.13/Engine/Plugins/Media/AvfMedia/AvfMedia.uplugin
LogPluginManager: Loaded Plugin MediaPlayerEditor, From C:/Program Files (x86)/Epic Games/4.13/Engine/Plugins/Media/MediaPlayerEditor/MediaPlayerEditor.uplugin
LogPluginManager: Loaded Plugin WmfMedia, From C:/Program Files (x86)/Epic Games/4.13/Engine/Plugins/Media/WmfMedia/WmfMedia.uplugin
LogPluginManager: Loaded Plugin MessagingDebugger, From C:/Program Files (x86)/Epic Games/4.13/Engine/Plugins/Messaging/MessagingDebugger/MessagingDebugger.uplugin
LogPluginManager: Loaded Plugin TcpMessaging, From C:/Program Files (x86)/Epic Games/4.13/Engine/Plugins/Messaging/TcpMessaging/TcpMessaging.uplugin
LogPluginManager: Loaded Plugin UdpMessaging, From C:/Program Files (x86)/Epic Games/4.13/Engine/Plugins/Messaging/UdpMessaging/UdpMessaging.uplugin
LogPluginManager: Loaded Plugin LevelSequenceEditor, From C:/Program Files (x86)/Epic Games/4.13/Engine/Plugins/MovieScene/LevelSequenceEditor/LevelSequenceEditor.uplugin
LogPluginManager: Loaded Plugin MatineeToLevelSequence, From C:/Program Files (x86)/Epic Games/4.13/Engine/Plugins/MovieScene/MatineeToLevelSequence/MatineeToLevelSequence.uplugin
LogPluginManager: Loaded Plugin NetcodeUnitTest, From C:/Program Files (x86)/Epic Games/4.13/Engine/Plugins/NetcodeUnitTest/NetcodeUnitTest/NetcodeUnitTest.uplugin
LogPluginManager: Loaded Plugin NUTUnrealEngine4, From C:/Program Files (x86)/Epic Games/4.13/Engine/Plugins/NetcodeUnitTest/NUTUnrealEngine4/NUTUnrealEngine4.uplugin
LogPluginManager: Loaded Plugin OnlineSubsystemGooglePlay, From C:/Program Files (x86)/Epic Games/4.13/Engine/Plugins/Online/Android/OnlineSubsystemGooglePlay/OnlineSubsystemGooglePlay.uplugin
LogPluginManager: Loaded Plugin OnlineSubsystemIOS, From C:/Program Files (x86)/Epic Games/4.13/Engine/Plugins/Online/IOS/OnlineSubsystemIOS/OnlineSubsystemIOS.uplugin
LogPluginManager: Loaded Plugin OnlineFramework, From C:/Program Files (x86)/Epic Games/4.13/Engine/Plugins/Online/OnlineFramework/OnlineFramework.uplugin
LogPluginManager: Loaded Plugin OnlineSubsystem, From C:/Program Files (x86)/Epic Games/4.13/Engine/Plugins/Online/OnlineSubsystem/OnlineSubsystem.uplugin
LogPluginManager: Loaded Plugin OnlineSubsystemAmazon, From C:/Program Files (x86)/Epic Games/4.13/Engine/Plugins/Online/OnlineSubsystemAmazon/OnlineSubsystemAmazon.uplugin
LogPluginManager: Loaded Plugin OnlineSubsystemFacebook, From C:/Program Files (x86)/Epic Games/4.13/Engine/Plugins/Online/OnlineSubsystemFacebook/OnlineSubsystemFacebook.uplugin
LogPluginManager: Loaded Plugin OnlineSubsystemNull, From C:/Program Files (x86)/Epic Games/4.13/Engine/Plugins/Online/OnlineSubsystemNull/OnlineSubsystemNull.uplugin
LogPluginManager: Loaded Plugin OnlineSubsystemOculus, From C:/Program Files (x86)/Epic Games/4.13/Engine/Plugins/Online/OnlineSubsystemOculus/OnlineSubsystemOculus.uplugin
LogPluginManager: Loaded Plugin OnlineSubsystemSteam, From C:/Program Files (x86)/Epic Games/4.13/Engine/Plugins/Online/OnlineSubsystemSteam/OnlineSubsystemSteam.uplugin
LogPluginManager: Loaded Plugin OnlineSubsystemUtils, From C:/Program Files (x86)/Epic Games/4.13/Engine/Plugins/Online/OnlineSubsystemUtils/OnlineSubsystemUtils.uplugin
LogPluginManager: Loaded Plugin IOSTapJoy, From C:/Program Files (x86)/Epic Games/4.13/Engine/Plugins/Runtime/Advertising/IOSTapJoy/IOSTapJoy.uplugin
LogPluginManager: Loaded Plugin AnalyticsBlueprintLibrary, From C:/Program Files (x86)/Epic Games/4.13/Engine/Plugins/Runtime/Analytics/AnalyticsBlueprintLibrary/AnalyticsBlueprintLibrary.uplugin
LogPluginManager: Loaded Plugin AnalyticsMulticast, From C:/Program Files (x86)/Epic Games/4.13/Engine/Plugins/Runtime/Analytics/AnalyticsMulticast/AnalyticsMulticast.uplugin
LogPluginManager: Loaded Plugin Apsalar, From C:/Program Files (x86)/Epic Games/4.13/Engine/Plugins/Runtime/Analytics/Apsalar/Apsalar.uplugin
LogPluginManager: Loaded Plugin FileLogging, From C:/Program Files (x86)/Epic Games/4.13/Engine/Plugins/Runtime/Analytics/FileLogging/FileLogging.uplugin
LogPluginManager: Loaded Plugin Flurry, From C:/Program Files (x86)/Epic Games/4.13/Engine/Plugins/Runtime/Analytics/Flurry/Flurry.uplugin
LogPluginManager: Loaded Plugin AndroidDeviceProfileSelector, From C:/Program Files (x86)/Epic Games/4.13/Engine/Plugins/Runtime/AndroidDeviceProfileSelector/AndroidDeviceProfileSelector.uplugin
LogPluginManager: Loaded Plugin AndroidMoviePlayer, From C:/Program Files (x86)/Epic Games/4.13/Engine/Plugins/Runtime/AndroidMoviePlayer/AndroidMoviePlayer.uplugin
LogPluginManager: Loaded Plugin AppleMoviePlayer, From C:/Program Files (x86)/Epic Games/4.13/Engine/Plugins/Runtime/AppleMoviePlayer/AppleMoviePlayer.uplugin
LogPluginManager: Loaded Plugin ArchVisCharacter, From C:/Program Files (x86)/Epic Games/4.13/Engine/Plugins/Runtime/ArchVisCharacter/ArchVisCharacter.uplugin
LogPluginManager: Loaded Plugin CableComponent, From C:/Program Files (x86)/Epic Games/4.13/Engine/Plugins/Runtime/CableComponent/CableComponent.uplugin
LogPluginManager: Loaded Plugin CustomMeshComponent, From C:/Program Files (x86)/Epic Games/4.13/Engine/Plugins/Runtime/CustomMeshComponent/CustomMeshComponent.uplugin
LogPluginManager: Loaded Plugin ExampleDeviceProfileSelector, From C:/Program Files (x86)/Epic Games/4.13/Engine/Plugins/Runtime/ExampleDeviceProfileSelector/ExampleDeviceProfileSelector.uplugin
LogPluginManager: Loaded Plugin GearVR, From C:/Program Files (x86)/Epic Games/4.13/Engine/Plugins/Runtime/GearVR/GearVR.uplugin
LogPluginManager: Loaded Plugin GoogleVRController, From C:/Program Files (x86)/Epic Games/4.13/Engine/Plugins/Runtime/GoogleVR/GoogleVRController/GoogleVRController.uplugin
LogPluginManager: Loaded Plugin GoogleVRHMD, From C:/Program Files (x86)/Epic Games/4.13/Engine/Plugins/Runtime/GoogleVR/GoogleVRHMD/GoogleVRHMD.uplugin
LogPluginManager: Loaded Plugin IOSDeviceProfileSelector, From C:/Program Files (x86)/Epic Games/4.13/Engine/Plugins/Runtime/IOSDeviceProfileSelector/IOSDeviceProfileSelector.uplugin
LogPluginManager: Loaded Plugin LeapMotion, From C:/Program Files (x86)/Epic Games/4.13/Engine/Plugins/Runtime/LeapMotion/LeapMotion.uplugin
LogPluginManager: Loaded Plugin LinuxDeviceProfileSelector, From C:/Program Files (x86)/Epic Games/4.13/Engine/Plugins/Runtime/LinuxDeviceProfileSelector/LinuxDeviceProfileSelector.uplugin
LogPluginManager: Loaded Plugin LiveEditorListenServer, From C:/Program Files (x86)/Epic Games/4.13/Engine/Plugins/Runtime/LiveEditorListenServer/LiveEditorListenServer.uplugin
LogPluginManager: Loaded Plugin OculusAudio, From C:/Program Files (x86)/Epic Games/4.13/Engine/Plugins/Runtime/OculusAudio/OculusAudio.uplugin
LogPluginManager: Loaded Plugin OculusInput, From C:/Program Files (x86)/Epic Games/4.13/Engine/Plugins/Runtime/OculusInput/OculusInput.uplugin
LogPluginManager: Loaded Plugin OculusLibrary, From C:/Program Files (x86)/Epic Games/4.13/Engine/Plugins/Runtime/OculusLibrary/OculusLibrary.uplugin
LogPluginManager: Loaded Plugin OculusRift, From C:/Program Files (x86)/Epic Games/4.13/Engine/Plugins/Runtime/OculusRift/OculusRift.uplugin
LogPluginManager: Loaded Plugin Oodle, From C:/Program Files (x86)/Epic Games/4.13/Engine/Plugins/Runtime/PacketHandlers/CompressionComponents/Oodle/Oodle.uplugin
LogPluginManager: Loaded Plugin ProceduralMeshComponent, From C:/Program Files (x86)/Epic Games/4.13/Engine/Plugins/Runtime/ProceduralMeshComponent/ProceduralMeshComponent.uplugin
LogPluginManager: Loaded Plugin SoundMod, From C:/Program Files (x86)/Epic Games/4.13/Engine/Plugins/Runtime/SoundMod/SoundMod.uplugin
LogPluginManager: Loaded Plugin SoundVisualizations, From C:/Program Files (x86)/Epic Games/4.13/Engine/Plugins/Runtime/SoundVisualizations/SoundVisualizations.uplugin
LogPluginManager: Loaded Plugin SteamController, From C:/Program Files (x86)/Epic Games/4.13/Engine/Plugins/Runtime/Steam/SteamController/SteamController.uplugin
LogPluginManager: Loaded Plugin SteamVR, From C:/Program Files (x86)/Epic Games/4.13/Engine/Plugins/Runtime/Steam/SteamVR/SteamVR.uplugin
LogPluginManager: Loaded Plugin WebBrowserWidget, From C:/Program Files (x86)/Epic Games/4.13/Engine/Plugins/Runtime/WebBrowserWidget/WebBrowserWidget.uplugin
LogPluginManager: Loaded Plugin WindowsDeviceProfileSelector, From C:/Program Files (x86)/Epic Games/4.13/Engine/Plugins/Runtime/WindowsDeviceProfileSelector/WindowsDeviceProfileSelector.uplugin
LogPluginManager: Loaded Plugin WindowsMoviePlayer, From C:/Program Files (x86)/Epic Games/4.13/Engine/Plugins/Runtime/WindowsMoviePlayer/WindowsMoviePlayer.uplugin
LogPluginManager: Loaded Plugin ScriptPlugin, From C:/Program Files (x86)/Epic Games/4.13/Engine/Plugins/ScriptPlugin/ScriptPlugin.uplugin
LogPluginManager: Loaded Plugin SlateRemote, From C:/Program Files (x86)/Epic Games/4.13/Engine/Plugins/Slate/SlateRemote/SlateRemote.uplugin
LogInit: Using libcurl 7.47.1
LogInit:  - built for x86_64-pc-win32
LogInit:  - supports SSL with WinSSL
LogInit:  - other features:
LogInit:      CURL_VERSION_SSL
LogInit:      CURL_VERSION_IPV6
LogInit:      CURL_VERSION_ASYNCHDNS
LogInit:      CURL_VERSION_LARGEFILE
LogInit:      CURL_VERSION_IDN
LogInit:  CurlRequestOptions (configurable via config and command line):
LogInit:  - bVerifyPeer = false  - Libcurl will NOT verify peer certificate
LogInit:  - bUseHttpProxy = false  - Libcurl will NOT use HTTP proxy
LogInit:  - bDontReuseConnections = false  - Libcurl will reuse connections
LogInit:  - CertBundlePath = nullptr  - Libcurl will use whatever was configured at build time.
LogInit: Build: ++UE4+Release-4.13-CL-3142249
LogInit: Engine Version: 4.13.1-3142249+++UE4+Release-4.13
LogInit: Compatible Engine Version: 4.13.0-3106830+++UE4+Release-4.13
LogInit: Net CL: 3142249
LogDevObjectVersion: Number of dev versions registered: 13
LogDevObjectVersion:   Dev-Blueprints (B0D832E4-1F89-4F0D-ACCF-7EB736FD4AA2): 5
LogDevObjectVersion:   Dev-Build (E1C64328-A22C-4D53-A36C-8E866417BD8C): 0
LogDevObjectVersion:   Dev-Core (375EC13C-06E4-48FB-B500-84F0262A717E): 1
LogDevObjectVersion:   Dev-Editor (E4B068ED-F494-42E9-A231-DA0B2E46BB41): 6
LogDevObjectVersion:   Dev-Framework (CFFC743F-43B0-4480-9391-14DF171D2073): 12
LogDevObjectVersion:   Dev-Mobile (B02B49B5-BB20-44E9-A304-32B752E40360): 0
LogDevObjectVersion:   Dev-Networking (A4E4105C-59A1-49B5-A7C5-40C4547EDFEE): 0
LogDevObjectVersion:   Dev-Online (39C831C9-5AE6-47DC-9A44-9C173E1C8E7C): 0
LogDevObjectVersion:   Dev-Physics (78F01B33-EBEA-4F98-B9B4-84EACCB95AA2): 0
LogDevObjectVersion:   Dev-Platform (6631380F-2D4D-43E0-8009-CF276956A95A): 0
LogDevObjectVersion:   Dev-Rendering (12F88B9F-8875-4AFC-A67C-D90C383ABD29): 4
LogDevObjectVersion:   Dev-Sequencer (7B5AE74C-D270-4C10-A958-57980B212A5A): 0
LogDevObjectVersion:   Dev-VR (D7296918-1DD6-4BDD-9DE2-64A83CC13884): 0
LogInit: Compiled (64-bit): Sep 28 2016 02:12:12
LogInit: Compiled with Visual C++: 19.00.23026.00
LogInit: Build Configuration: Development
LogInit: Branch Name: ++UE4+Release-4.13
LogInit: Command line:  
LogInit: Base directory: C:/Program Files (x86)/Epic Games/4.13/Engine/Binaries/Win64/
LogInit: Installed Engine Build: 1
LogInit: Presizing for max 8388607 objects, including 0 objects not considered by GC, pre-allocating 0 bytes for permanent pool.
LogInit: Object subsystem initialized
[2016.10.12-15.18.39:117][  0]LogInit: Selected Device Profile: [Windows]
[2016.10.12-15.18.39:118][  0]LogInit: Applying CVar settings loaded from the selected device profile: [Windows]
[2016.10.12-15.18.39:126][  0]LogInit: Computer: FGWH030
[2016.10.12-15.18.39:126][  0]LogInit: User: fredriktumlin
[2016.10.12-15.18.39:126][  0]LogInit: CPU Page size=65536, Cores=4
[2016.10.12-15.18.39:126][  0]LogInit: High frequency timer resolution =3.416015 MHz
[2016.10.12-15.18.39:126][  0]LogMemory: Memory total: Physical=15.9GB (16GB approx)
[2016.10.12-15.18.39:126][  0]LogMemory: Platform Memory Stats for Windows
[2016.10.12-15.18.39:126][  0]LogMemory: Process Physical Memory: 256.46 MB used, 256.46 MB peak
[2016.10.12-15.18.39:126][  0]LogMemory: Process Virtual Memory: 260.63 MB used, 260.63 MB peak
[2016.10.12-15.18.39:126][  0]LogMemory: Physical Memory: 8077.20 MB used, 16327.00 MB total
[2016.10.12-15.18.39:126][  0]LogMemory: Virtual Memory: 591.65 MB used, 8388608.00 MB total
[2016.10.12-15.18.39:153][  0]LogTextLocalizationManager: No translations for ('sv-SE') exist, falling back to 'en' for localization and internationalization data.
[2016.10.12-15.18.39:646][  0]LogD3D11RHI: D3D11 adapters:
[2016.10.12-15.18.39:657][  0]LogD3D11RHI:    0. 'NVIDIA GeForce GTX 960' (Feature Level 11_0)
[2016.10.12-15.18.39:657][  0]LogD3D11RHI:       1969/0/2048 MB DedicatedVideo/DedicatedSystem/SharedSystem, Outputs:2, VendorId:0x10de
[2016.10.12-15.18.39:657][  0]LogD3D11RHI: Chosen D3D11 Adapter: 0
[2016.10.12-15.18.39:661][  0]LogD3D11RHI: Creating new Direct3DDevice
[2016.10.12-15.18.39:661][  0]LogD3D11RHI:     GPU DeviceId: 0x1401 (for the marketing name, search the web for "GPU Device Id")
[2016.10.12-15.18.39:661][  0]LogWindows: EnumDisplayDevices:
[2016.10.12-15.18.39:661][  0]LogWindows:    0. 'NVIDIA GeForce GTX 960' (P:1 D:1)
[2016.10.12-15.18.39:662][  0]LogWindows:    1. 'NVIDIA GeForce GTX 960' (P:0 D:1)
[2016.10.12-15.18.39:662][  0]LogWindows:    2. 'NVIDIA GeForce GTX 960' (P:0 D:0)
[2016.10.12-15.18.39:662][  0]LogWindows:    3. 'NVIDIA GeForce GTX 960' (P:0 D:0)
[2016.10.12-15.18.39:662][  0]LogWindows:    4. 'RDPDD Chained DD' (P:0 D:0)
[2016.10.12-15.18.39:662][  0]LogWindows:    5. 'RDP Encoder Mirror Driver' (P:0 D:0)
[2016.10.12-15.18.39:662][  0]LogWindows:    6. 'RDP Reflector Display Driver' (P:0 D:0)
[2016.10.12-15.18.39:662][  0]LogWindows: DebugString: GetVideoDriverDetailsInvalid PrimaryIsNotTheChoosenAdapter GetVideoDriverDetailsInvalid PrimaryIsNotTheChoosenAdapter GetVideoDriverDetailsInvalid PrimaryIsNotTheChoosenAdapter FoundDriverCount:4 
[2016.10.12-15.18.39:662][  0]LogD3D11RHI:     Adapter Name: NVIDIA GeForce GTX 960
[2016.10.12-15.18.39:662][  0]LogD3D11RHI:   Driver Version: 359.00 (internal:10.18.13.5900, unified:359.00)
[2016.10.12-15.18.39:662][  0]LogD3D11RHI:      Driver Date: 11-13-2015
[2016.10.12-15.18.39:662][  0]LogRHI: Texture pool is 1361 MB (70% of 1945 MB)
[2016.10.12-15.18.39:668][  0]LogD3D11RHI: Async texture creation enabled
[2016.10.12-15.18.39:682][  0]LogD3D11RHI: GPU Timing Frequency: 1000.000000 (Debug: 2 2)
[2016.10.12-15.18.39:682][  0]LogShaderCompilers: Guid format shader working directory is 18 characters bigger than the processId version (D:/GITProjects/PartyGame/PartyGame/Intermediate/Shaders/WorkingDirectory/10056/).
[2016.10.12-15.18.39:682][  0]LogShaderCompilers: Cleaned the shader compiler working directory 'C:/Users/FREDRI~1.TUM/AppData/Local/Temp/UnrealShaderWorkingDir/858D4E9A4BB6CB9519C962BBF22E6035/'.
[2016.10.12-15.18.39:682][  0]LogShaderCompilers:Display: Using Local Shader Compiler.
[2016.10.12-15.18.40:507][  0]LogTemp:Display: Loaded TP AllDesktopTargetPlatform
[2016.10.12-15.18.40:514][  0]LogTemp:Display: Loaded TP WindowsClientTargetPlatform
[2016.10.12-15.18.40:520][  0]LogTemp:Display: Loaded TP WindowsNoEditorTargetPlatform
[2016.10.12-15.18.40:528][  0]LogTemp:Display: Loaded TP WindowsServerTargetPlatform
[2016.10.12-15.18.40:534][  0]LogTemp:Display: Loaded TP WindowsTargetPlatform
[2016.10.12-15.18.40:540][  0]LogTemp:Display: Loaded TP AndroidTargetPlatform
[2016.10.12-15.18.40:546][  0]LogTemp:Display: Loaded TP Android_ASTCTargetPlatform
[2016.10.12-15.18.40:551][  0]LogTemp:Display: Loaded TP Android_ATCTargetPlatform
[2016.10.12-15.18.40:556][  0]LogTemp:Display: Loaded TP Android_DXTTargetPlatform
[2016.10.12-15.18.40:562][  0]LogTemp:Display: Loaded TP Android_ETC1TargetPlatform
[2016.10.12-15.18.40:568][  0]LogTemp:Display: Loaded TP Android_ETC2TargetPlatform
[2016.10.12-15.18.40:579][  0]LogTemp:Display: Loaded TP Android_MultiTargetPlatform
[2016.10.12-15.18.40:579][  0]LogTemp:Display: Loaded TP Android_PVRTCTargetPlatform
[2016.10.12-15.18.40:580][  0]LogTemp:Display: Loaded TP HTML5TargetPlatform
[2016.10.12-15.18.40:597][  0]LogTemp:Display: Loaded TP IOSTargetPlatform
[2016.10.12-15.18.40:602][  0]LogTemp:Display: Loaded TP TVOSTargetPlatform
[2016.10.12-15.18.40:608][  0]LogTemp:Display: Loaded TP LinuxClientTargetPlatform
[2016.10.12-15.18.40:613][  0]LogTemp:Display: Loaded TP LinuxNoEditorTargetPlatform
[2016.10.12-15.18.40:619][  0]LogTemp:Display: Loaded TP LinuxServerTargetPlatform
[2016.10.12-15.18.40:625][  0]LogTemp:Display: Loaded TP LinuxTargetPlatform
[2016.10.12-15.18.40:625][  0]LogTargetPlatformManager:Display: Building Assets For Windows
[2016.10.12-15.18.40:692][  0]LogDerivedDataCache:Display: Max Cache Size: 512 MB
[2016.10.12-15.18.40:747][  0]LogDerivedDataCache: Loaded boot cache 0.06s 62MB C:/Users/Fredrik.tumlin/AppData/Local/UnrealEngine/4.13/DerivedDataCache/Boot.ddc.
[2016.10.12-15.18.40:747][  0]LogDerivedDataCache:Display: Loaded Boot cache: C:/Users/Fredrik.tumlin/AppData/Local/UnrealEngine/4.13/DerivedDataCache/Boot.ddc
[2016.10.12-15.18.40:747][  0]LogDerivedDataCache: FDerivedDataBackendGraph:  Pak pak cache file D:/GITProjects/PartyGame/PartyGame/DerivedDataCache/DDC.ddp not found, will not use a pak cache.
[2016.10.12-15.18.40:747][  0]LogDerivedDataCache: Unable to find inner node Pak for hierarchical cache Hierarchy.
[2016.10.12-15.18.40:747][  0]LogDerivedDataCache: FDerivedDataBackendGraph:  CompressedPak pak cache file D:/GITProjects/PartyGame/PartyGame/DerivedDataCache/Compressed.ddp not found, will not use a pak cache.
[2016.10.12-15.18.40:747][  0]LogDerivedDataCache: Unable to find inner node CompressedPak for hierarchical cache Hierarchy.
[2016.10.12-15.18.40:763][  0]LogDerivedDataCache:Display: Pak cache opened for reading ../../../Engine/DerivedDataCache/Compressed.ddp.
[2016.10.12-15.18.40:774][  0]LogDerivedDataCache: Using Local data cache path C:/Users/Fredrik.tumlin/AppData/Local/UnrealEngine/Common/DerivedDataCache: Writable
[2016.10.12-15.18.40:945][  0]LogInit: Selected Device Profile: [Windows]
[2016.10.12-15.18.40:947][  0]LogMaterial: Uniform references updated for custom material expression Custom.
[2016.10.12-15.18.40:948][  0]LogContentStreaming: Texture pool size is 0.00 MB
[2016.10.12-15.18.41:072][  0]LogMeshUtilities: No automatic mesh reduction module available
[2016.10.12-15.18.41:072][  0]LogMeshUtilities: No automatic mesh merging module available
[2016.10.12-15.18.41:072][  0]LogMeshUtilities: No distributed automatic mesh merging module available
[2016.10.12-15.18.41:326][  0]LogNetVersion: GetLocalNetworkVersion: CL: 3106830, ProjectName: partygame, ProjectVersion: , EngineNetworkVersion: 1, GameNetworkVersion: 0, NetworkChecksum: 1851925081
[2016.10.12-15.18.41:359][  0]LogAssetRegistry: FAssetRegistry took 0.0194 seconds to start up
[2016.10.12-15.18.41:369][  0]LogPackageLocalizationCache: Processed 3 localized package path(s) for 1 prioritized culture(s) in 0.008257 seconds
[2016.10.12-15.18.41:373][  0]LogUObjectArray: 29778 objects as part of root set at end of initial load.
[2016.10.12-15.18.41:373][  0]LogUObjectAllocator: 6125456 out of 0 bytes used by permanent object pool.
[2016.10.12-15.18.41:373][  0]LogUObjectArray: CloseDisregardForGC: 0/0 objects in disregard for GC pool
[2016.10.12-15.18.41:377][  0]LogInit: WinSock: version 1.1 (2.2), MaxSocks=32767, MaxUdp=65467
[2016.10.12-15.18.41:539][  0]LogSlate: SlateFontCache - WITH_FREETYPE: 1, WITH_HARFBUZZ: 1
[2016.10.12-15.18.41:539][  0]LogSlate: SlateFontCache - WITH_FREETYPE: 1, WITH_HARFBUZZ: 1
[2016.10.12-15.18.42:067][  0]LogTcpMessaging: Initializing TcpMessaging bridge
[2016.10.12-15.18.42:088][  0]LogUdpMessaging: Initializing bridge on interface 0.0.0.0:0 to multicast group 230.0.0.1:6666.
[2016.10.12-15.18.42:311][  0]SourceControl: Info Source control is disabled
[2016.10.12-15.18.42:329][  0]SourceControl: Info Source control is disabled
[2016.10.12-15.18.42:340][  0]SourceControl: Info Source control is disabled
[2016.10.12-15.18.42:351][  0]SourceControl: Info Source control is disabled
[2016.10.12-15.18.42:728][  0]LogEngine: Initializing Engine...
[2016.10.12-15.18.42:728][  0]LogHMD: Failed to initialize OpenVR with code 110
[2016.10.12-15.18.42:850][  0]LogAIModule: Creating AISystem for world Untitled
[2016.10.12-15.18.42:860][  0]LogInit: XAudio2 using 'Högtalare (Realtek High Definition Audio)' : 2 channels at 48 kHz using 32 bits per sample (channel mask 0x3)
[2016.10.12-15.18.42:881][  0]LogInit: FAudioDevice initialized.
[2016.10.12-15.18.42:912][  0]LogDerivedDataCache: Saved boot cache 0.03s 62MB C:/Users/Fredrik.tumlin/AppData/Local/UnrealEngine/4.13/DerivedDataCache/Boot.ddc.
[2016.10.12-15.18.42:920][  0]LogInit: Texture streaming: Enabled
[2016.10.12-15.18.42:937][  0]LogInit: Transaction tracking system initialized
[2016.10.12-15.18.42:952][  0]BlueprintLog: New page: Editor Load
[2016.10.12-15.18.43:023][  0]LocalizationService: Info Localization service is disabled
[2016.10.12-15.18.43:088][  0]LogConsoleResponse:Display: 
[2016.10.12-15.18.43:178][  0]LogCook:Display: Max memory allowance for cook 16384mb min free memory 0mb
[2016.10.12-15.18.43:178][  0]LogCook:Display: Mobile HDR setting 1
[2016.10.12-15.18.43:331][  0]LogFileCache: Scanning file cache for directory 'D:/GITProjects/PartyGame/PartyGame/Content/' took 0.01s
[2016.10.12-15.18.43:331][  0]SourceControl: Info Source control is disabled
[2016.10.12-15.18.43:331][  0]Cmd: MAP LOAD FILE="../../../Engine/Content/Maps/Templates/Template_Default.umap" TEMPLATE=1 SHOWPROGRESS=1 FEATURELEVEL=3
[2016.10.12-15.18.43:332][  0]LightingResults: New page: Lighting Build
[2016.10.12-15.18.43:334][  0]MapCheck: New page: Map Check
[2016.10.12-15.18.43:334][  0]LightingResults: New page: Lighting Build
[2016.10.12-15.18.43:468][  0]LogAIModule: Creating AISystem for world Untitled_1
[2016.10.12-15.18.43:472][  0]LogEditorServer: Finished looking for orphan Actors (0.000 secs)
[2016.10.12-15.18.43:476][  0]Cmd: MAP CHECKDEP NOCLEARLOG
[2016.10.12-15.18.43:504][  0]MapCheck: Info Map check complete: 0 Error(s), 0 Warning(s), took 28.067ms to complete.
[2016.10.12-15.18.43:504][  0]LogFileHelpers: Loading map 'Template_Default' took 0.173
[2016.10.12-15.18.43:629][  0]LogCollectionManager: Loaded 0 collections in 0.001318 seconds
[2016.10.12-15.18.43:668][  0]LogFileCache: Scanning file cache for directory 'D:/GITProjects/PartyGame/PartyGame/Saved/Collections/' took 0.01s
[2016.10.12-15.18.43:668][  0]LogFileCache: Scanning file cache for directory 'D:/GITProjects/PartyGame/PartyGame/Content/Developers/fredriktumlin/Collections/' took 0.01s
[2016.10.12-15.18.43:668][  0]LogFileCache: Scanning file cache for directory 'D:/GITProjects/PartyGame/PartyGame/Content/Collections/' took 0.01s
[2016.10.12-15.18.43:668][  0]LogCollectionManager: Rebuilt the GUID cache for 0 collections in 0.000002 seconds
[2016.10.12-15.18.43:677][  0]LogContentBrowser: Native class hierarchy populated in 0.0085 seconds. Added 2146 classes and 418 folders.
[2016.10.12-15.18.43:679][  0]LogStats: UGameplayTagsManager::ConstructGameplayTagTree: Construct from data asset -  0.000 s
[2016.10.12-15.18.43:680][  0]LogStats: UGameplayTagsManager::ConstructGameplayTagTree: GameplayTagTreeChangedEvent.Broadcast -  0.000 s
[2016.10.12-15.18.43:681][  0]LogContentBrowser: Native class hierarchy updated for 'GameplayTags' in 0.0010 seconds. Added 12 classes and 0 folders.
[2016.10.12-15.18.43:684][  0]LogContentBrowser: Native class hierarchy updated for 'WidgetCarousel' in 0.0009 seconds. Added 0 classes and 0 folders.
[2016.10.12-15.18.43:714][  0]LogContentBrowser: Native class hierarchy updated for 'AddContentDialog' in 0.0009 seconds. Added 0 classes and 0 folders.
[2016.10.12-15.18.43:718][  0]LogContentBrowser: Native class hierarchy updated for 'SceneOutliner' in 0.0009 seconds. Added 1 classes and 2 folders.
[2016.10.12-15.18.43:756][  0]LogCrashTracker: Crashtracker disabled due to settings.
[2016.10.12-15.18.43:772][  0]LogUObjectGlobals:Warning: Failed to find object 'Class None.'
[2016.10.12-15.18.43:796][  0]LogContentBrowser: Native class hierarchy updated for 'HierarchicalLODOutliner' in 0.0010 seconds. Added 1 classes and 2 folders.
[2016.10.12-15.18.43:796][  0]LogLoad: (Engine Initialization) Total time: 5.63 seconds
[2016.10.12-15.18.43:796][  0]LogLoad: (Engine Initialization) Total Blueprint compile time: 0.05 seconds
[2016.10.12-15.18.43:796][  0]LogExternalProfiler: Found external profiler: VSPerf
[2016.10.12-15.18.43:796][  0]LogExternalProfiler: Using external profiler: VSPerf
[2016.10.12-15.18.43:809][  0]LogOcInput: OculusInput pre-init called
[2016.10.12-15.18.43:824][  0]LogAssetRegistry: Asset discovery search completed in 2.4851 seconds
[2016.10.12-15.18.43:824][  0]LogCollectionManager: Rebuilt the object cache for 0 collections in 0.000001 seconds (found 0 objects)
[2016.10.12-15.18.43:824][  0]LogCollectionManager: Fixed up redirectors for 0 collections in 0.000016 seconds (updated 0 objects)
[2016.10.12-15.18.43:827][  0]LogContentStreaming: Texture pool size now 1000 MB
[2016.10.12-15.18.43:953][  0]LogRenderer: Reallocating scene render targets to support 1196x556 (Frame:2).
[2016.10.12-15.18.46:839][305]LogAIModule: Creating AISystem for world StartLevel
[2016.10.12-15.18.46:853][305]Cmd: MAP LOAD FILE="D:/GITProjects/PartyGame/PartyGame/Content/StartLevel.umap" TEMPLATE=0 SHOWPROGRESS=1 FEATURELEVEL=3
[2016.10.12-15.18.46:853][305]LightingResults: New page: Lighting Build
[2016.10.12-15.18.46:854][305]LoadErrors: New page: Loading map: StartLevel.umap
[2016.10.12-15.18.46:854][305]MapCheck: New page: Map Check
[2016.10.12-15.18.46:854][305]LightingResults: New page: Lighting Build
[2016.10.12-15.18.46:897][305]LogEditorServer: Finished looking for orphan Actors (0.000 secs)
[2016.10.12-15.18.46:913][305]Cmd: MAP CHECKDEP NOCLEARLOG
[2016.10.12-15.18.46:942][305]MapCheck: Info Map check complete: 0 Error(s), 0 Warning(s), took 29.133ms to complete.
[2016.10.12-15.18.46:942][305]LogFileHelpers: Loading map 'StartLevel' took 0.090
[2016.10.12-15.18.53:235][ 10]LogContentBrowser: Native class hierarchy updated for 'BlueprintGraph' in 0.0013 seconds. Added 112 classes and 0 folders.
[2016.10.12-15.19.03:330][ 83]BlueprintLog: New page: Compile PartyGameInstance
[2016.10.12-15.19.03:754][121]Cmd: OBJ SAVEPACKAGE PACKAGE="/Game/Libs/PartyGameInstance" FILE="D:/GITProjects/PartyGame/PartyGame/Content/Libs/PartyGameInstance.uasset" SILENT=true
[2016.10.12-15.19.03:768][121]LogSavePackage: Save=11.42ms
[2016.10.12-15.19.03:768][121]LogSavePackage: Moving 'D:/GITProjects/PartyGame/PartyGame/Saved/PartyGameInstanceDFF205EF402196DC98F981A7AB48E663.tmp' to 'D:/GITProjects/PartyGame/PartyGame/Content/Libs/PartyGameInstance.uasset'
[2016.10.12-15.19.03:769][121]LogSavePackage:Display: Finished SavePackage D:/GITProjects/PartyGame/PartyGame/Content/Libs/PartyGameInstance.uasset
[2016.10.12-15.19.04:191][169]LogBlueprintUserMessages: Early PlayInEditor Detection: Level '/Game/StartLevel.StartLevel:PersistentLevel' has LevelScriptBlueprint '/Game/StartLevel.StartLevel:PersistentLevel.StartLevel' with GeneratedClass '/Game/StartLevel.StartLevel_C' with ClassGeneratedBy '/Game/StartLevel.StartLevel:PersistentLevel.StartLevel'
[2016.10.12-15.19.04:191][169]LogPlayLevel: PlayLevel: No blueprints needed recompiling
[2016.10.12-15.19.04:191][169]PIE: New page: PIE session: StartLevel (Oct 12, 2016, 6:19:04 PM)
[2016.10.12-15.19.04:193][169]LogPlayLevel: Creating play world package: /Game/UEDPIE_0_StartLevel
[2016.10.12-15.19.04:194][169]LogPlayLevel: PIE: StaticDuplicateObject took: (0.000647s)
[2016.10.12-15.19.04:194][169]LogAIModule: Creating AISystem for world StartLevel
[2016.10.12-15.19.04:195][169]LogPlayLevel: PIE: World Init took: (0.000802s)
[2016.10.12-15.19.04:195][169]LogPlayLevel: PIE: Created PIE world by copying editor world from /Game/StartLevel.StartLevel to /Game/UEDPIE_0_StartLevel.StartLevel (0.001680s)
[2016.10.12-15.19.04:210][169]LogInit: XAudio2 using 'Högtalare (Realtek High Definition Audio)' : 2 channels at 48 kHz using 32 bits per sample (channel mask 0x3)
[2016.10.12-15.19.04:217][169]LogInit: FAudioDevice initialized.
[2016.10.12-15.19.04:261][169]LogWorld: Game class is 'PlayerSelectionGameMode_C'
[2016.10.12-15.19.04:262][169]LogWorld: Bringing World /Game/UEDPIE_0_StartLevel.StartLevel up for play (max tick rate 0) at 2016.10.12-17.19.04
[2016.10.12-15.19.04:263][169]LogWorld: Bringing up level for play took: 0.000798
[2016.10.12-15.19.04:267][169]LogContentBrowser: Native class hierarchy updated for 'MovieSceneCapture' in 0.0010 seconds. Added 11 classes and 0 folders.
[2016.10.12-15.19.04:268][169]LogGameMode:Display: Match State Changed from EnteringMap to WaitingToStart
[2016.10.12-15.19.04:268][169]LogGameState: Match State Changed from EnteringMap to WaitingToStart
[2016.10.12-15.19.04:268][169]LogGameMode:Display: Match State Changed from WaitingToStart to InProgress
[2016.10.12-15.19.04:268][169]LogBlueprintUserMessages: [MenuController_C_0] Hello
[2016.10.12-15.19.04:269][169]LogPlayerController:Error: EnableInput can only be specified on a PlayerController for itself
[2016.10.12-15.19.04:269][169]LogPlayerController:Error: EnableInput can only be specified on a PlayerController for itself
[2016.10.12-15.19.04:270][169]LogPlayerController:Error: EnableInput can only be specified on a PlayerController for itself
[2016.10.12-15.19.04:271][169]LogPlayerManagement:Error: Failed to Create Player: Maximum number of players (4) already created.  Unable to create more.
[2016.10.12-15.19.04:271][169]LogPlayerManagement:Error: Failed to Create Player: Maximum number of players (4) already created.  Unable to create more.
[2016.10.12-15.19.04:271][169]LogPlayerManagement:Error: Failed to Create Player: Maximum number of players (4) already created.  Unable to create more.
[2016.10.12-15.19.04:271][169]LogBlueprintUserMessages: [MenuController_C_1] Hello
[2016.10.12-15.19.04:271][169]LogBlueprintUserMessages: [MenuController_C_2] Hello
[2016.10.12-15.19.04:271][169]LogBlueprintUserMessages: [MenuController_C_3] Hello
[2016.10.12-15.19.04:271][169]LogGameState: Match State Changed from WaitingToStart to InProgress
[2016.10.12-15.19.04:271][169]PIE: Info Play in editor start time for /Game/UEDPIE_0_StartLevel -0.117
[2016.10.12-15.19.04:271][169]LogBlueprintUserMessages: Late PlayInEditor Detection: Level '/Game/StartLevel.StartLevel:PersistentLevel' has LevelScriptBlueprint '/Game/StartLevel.StartLevel:PersistentLevel.StartLevel' with GeneratedClass '/Game/StartLevel.StartLevel_C' with ClassGeneratedBy '/Game/StartLevel.StartLevel:PersistentLevel.StartLevel'
[2016.10.12-15.19.09:028][716]LogBlueprintUserMessages: [MenuController_C_0] 0
[2016.10.12-15.19.09:206][716]LogCrashTracker: 


[2016.10.12-15.19.09:206][716]LogCrashTracker: 


[2016.10.12-15.19.09:206][716]LogWindows:Error: === Critical error: ===
[2016.10.12-15.19.09:206][716]LogWindows:Error: 
[2016.10.12-15.19.09:206][716]LogWindows:Error: Fatal error!
[2016.10.12-15.19.09:206][716]LogWindows:Error: 
[2016.10.12-15.19.09:206][716]LogWindows:Error: Unhandled Exception: EXCEPTION_ACCESS_VIOLATION writing address 0x00000000
[2016.10.12-15.19.09:206][716]LogWindows:Error: 
[2016.10.12-15.19.09:206][716]LogWindows:Error: UE4Editor-CoreUObject.dll
[2016.10.12-15.19.09:206][716]LogWindows:Error: UE4Editor-CoreUObject.dll
[2016.10.12-15.19.09:206][716]LogWindows:Error: UE4Editor-CoreUObject.dll
[2016.10.12-15.19.09:206][716]LogWindows:Error: UE4Editor-CoreUObject.dll
[2016.10.12-15.19.09:206][716]LogWindows:Error: UE4Editor-CoreUObject.dll
[2016.10.12-15.19.09:206][716]LogWindows:Error: UE4Editor-CoreUObject.dll
[2016.10.12-15.19.09:206][716]LogWindows:Error: UE4Editor-CoreUObject.dll
[2016.10.12-15.19.09:206][716]LogWindows:Error: UE4Editor-CoreUObject.dll
[2016.10.12-15.19.09:206][716]LogWindows:Error: UE4Editor-Engine.dll
[2016.10.12-15.19.09:206][716]LogWindows:Error: UE4Editor-Engine.dll
[2016.10.12-15.19.09:206][716]LogWindows:Error: UE4Editor-Engine.dll
[2016.10.12-15.19.09:206][716]LogWindows:Error: UE4Editor-Engine.dll
[2016.10.12-15.19.09:206][716]LogWindows:Error: UE4Editor-Engine.dll
[2016.10.12-15.19.09:206][716]LogWindows:Error: UE4Editor-Engine.dll
[2016.10.12-15.19.09:206][716]LogWindows:Error: UE4Editor-Engine.dll
[2016.10.12-15.19.09:206][716]LogWindows:Error: UE4Editor-Engine.dll
[2016.10.12-15.19.09:206][716]LogWindows:Error: UE4Editor-Engine.dll
[2016.10.12-15.19.09:206][716]LogWindows:Error: UE4Editor-Engine.dll
[2016.10.12-15.19.09:206][716]LogWindows:Error: UE4Editor-Engine.dll
[2016.10.12-15.19.09:206][716]LogWindows:Error: UE4Editor-Core.dll
[2016.10.12-15.19.09:206][716]LogWindows:Error: UE4Editor-Core.dll
[2016.10.12-15.19.09:206][716]LogWindows:Error: UE4Editor-Core.dll
[2016.10.12-15.19.09:206][716]LogWindows:Error: UE4Editor-Engine.dll
[2016.10.12-15.19.09:206][716]LogWindows:Error: UE4Editor-Engine.dll
[2016.10.12-15.19.09:206][716]LogWindows:Error: UE4Editor-Engine.dll
[2016.10.12-15.19.09:206][716]LogWindows:Error: UE4Editor-Engine.dll
[2016.10.12-15.19.09:206][716]LogWindows:Error: UE4Editor-UnrealEd.dll
[2016.10.12-15.19.09:206][716]LogWindows:Error: UE4Editor-UnrealEd.dll
[2016.10.12-15.19.09:206][716]LogWindows:Error: UE4Editor.exe
[2016.10.12-15.19.09:206][716]LogWindows:Error: UE4Editor.exe
[2016.10.12-15.19.09:206][716]LogWindows:Error: UE4Editor.exe
[2016.10.12-15.19.09:206][716]LogWindows:Error: UE4Editor.exe
[2016.10.12-15.19.09:206][716]LogWindows:Error: UE4Editor.exe
[2016.10.12-15.19.09:206][716]LogWindows:Error: kernel32.dll
[2016.10.12-15.19.09:206][716]LogWindows:Error: ntdll.dll
[2016.10.12-15.19.09:206][716]LogWindows:Error: ntdll.dll
[2016.10.12-15.19.09:206][716]LogWindows:Error: 
[2016.10.12-15.19.09:222][716]LogExit: Executing StaticShutdownAfterError
[2016.10.12-15.19.09:225][716]LogWindows: FPlatformMisc::RequestExit(1)
[2016.10.12-15.19.09:225][716]Log file closed, 10/12/16 17:19:09
