Log file open, 10/12/16 17:17:16
LogInit:Display: Running engine for game: PartyGame
LogPlatformFile: Not using cached read wrapper
LogInit:Display: RandInit(-1991566225) SRandInit(-1991566225).
LogTaskGraph: Started task graph with 5 named threads and 8 total threads with 1 sets of task threads.
LogStats: Stats thread started at 0.065040
LogPluginManager: Loaded Plugin Paper2D, From C:/Program Files (x86)/Epic Games/4.13/Engine/Plugins/2D/Paper2D/Paper2D.uplugin
LogPluginManager: Loaded Plugin LightPropagationVolume, From C:/Program Files (x86)/Epic Games/4.13/Engine/Plugins/Blendables/LightPropagationVolume/LightPropagationVolume.uplugin
LogPluginManager: Loaded Plugin BlankPlugin, From C:/Program Files (x86)/Epic Games/4.13/Engine/Plugins/Developer/BlankPlugin/BlankPlugin.uplugin
LogPluginManager: Loaded Plugin CodeLiteSourceCodeAccess, From C:/Program Files (x86)/Epic Games/4.13/Engine/Plugins/Developer/CodeLiteSourceCodeAccess/CodeLiteSourceCodeAccess.uplugin
LogPluginManager: Loaded Plugin GitSourceControl, From C:/Program Files (x86)/Epic Games/4.13/Engine/Plugins/Developer/GitSourceControl/GitSourceControl.uplugin
LogPluginManager: Loaded Plugin KDevelopSourceCodeAccess, From C:/Program Files (x86)/Epic Games/4.13/Engine/Plugins/Developer/KDevelopSourceCodeAccess/KDevelopSourceCodeAccess.uplugin
LogPluginManager: Loaded Plugin NullSourceCodeAccess, From C:/Program Files (x86)/Epic Games/4.13/Engine/Plugins/Developer/NullSourceCodeAccess/NullSourceCodeAccess.uplugin
LogPluginManager: Loaded Plugin OneSkyLocalizationService, From C:/Program Files (x86)/Epic Games/4.13/Engine/Plugins/Developer/OneSkyLocalizationService/OneSkyLocalizationService.uplugin
LogPluginManager: Loaded Plugin PerforceSourceControl, From C:/Program Files (x86)/Epic Games/4.13/Engine/Plugins/Developer/PerforceSourceControl/PerforceSourceControl.uplugin
LogPluginManager: Loaded Plugin SubversionSourceControl, From C:/Program Files (x86)/Epic Games/4.13/Engine/Plugins/Developer/SubversionSourceControl/SubversionSourceControl.uplugin
LogPluginManager: Loaded Plugin UObjectPlugin, From C:/Program Files (x86)/Epic Games/4.13/Engine/Plugins/Developer/UObjectPlugin/UObjectPlugin.uplugin
LogPluginManager: Loaded Plugin VisualStudioSourceCodeAccess, From C:/Program Files (x86)/Epic Games/4.13/Engine/Plugins/Developer/VisualStudioSourceCodeAccess/VisualStudioSourceCodeAccess.uplugin
LogPluginManager: Loaded Plugin XCodeSourceCodeAccess, From C:/Program Files (x86)/Epic Games/4.13/Engine/Plugins/Developer/XCodeSourceCodeAccess/XCodeSourceCodeAccess.uplugin
LogPluginManager: Loaded Plugin EpicSurvey, From C:/Program Files (x86)/Epic Games/4.13/Engine/Plugins/Editor/EpicSurvey/EpicSurvey.uplugin
LogPluginManager: Loaded Plugin MacGraphicsSwitching, From C:/Program Files (x86)/Epic Games/4.13/Engine/Plugins/Editor/MacGraphicsSwitching/MacGraphicsSwitching.uplugin
LogPluginManager: Loaded Plugin MobileLauncherProfileWizard, From C:/Program Files (x86)/Epic Games/4.13/Engine/Plugins/Editor/MobileLauncherProfileWizard/MobileLauncherProfileWizard.uplugin
LogPluginManager: Loaded Plugin PluginBrowser, From C:/Program Files (x86)/Epic Games/4.13/Engine/Plugins/Editor/PluginBrowser/PluginBrowser.uplugin
LogPluginManager: Loaded Plugin SpeedTreeImporter, From C:/Program Files (x86)/Epic Games/4.13/Engine/Plugins/Editor/SpeedTreeImporter/SpeedTreeImporter.uplugin
LogPluginManager: Loaded Plugin SuperSearchEditor, From C:/Program Files (x86)/Epic Games/4.13/Engine/Plugins/Editor/SuperSearchEditor/SuperSearchEditor.uplugin
LogPluginManager: Loaded Plugin AlembicImporter, From C:/Program Files (x86)/Epic Games/4.13/Engine/Plugins/Experimental/AlembicImporter/AlembicImporter.uplugin
LogPluginManager: Loaded Plugin BlueprintStats, From C:/Program Files (x86)/Epic Games/4.13/Engine/Plugins/Experimental/BlueprintStats/BlueprintStats.uplugin
LogPluginManager: Loaded Plugin CharacterAI, From C:/Program Files (x86)/Epic Games/4.13/Engine/Plugins/Experimental/CharacterAI/CharacterAI.uplugin
LogPluginManager: Loaded Plugin CodeEditor, From C:/Program Files (x86)/Epic Games/4.13/Engine/Plugins/Experimental/CodeEditor/CodeEditor.uplugin
LogPluginManager: Loaded Plugin CodeView, From C:/Program Files (x86)/Epic Games/4.13/Engine/Plugins/Experimental/CodeView/CodeView.uplugin
LogPluginManager: Loaded Plugin HTML5Networking, From C:/Program Files (x86)/Epic Games/4.13/Engine/Plugins/Experimental/HTML5Networking/HTML5Networking.uplugin
LogPluginManager: Loaded Plugin LiveEditor, From C:/Program Files (x86)/Epic Games/4.13/Engine/Plugins/Experimental/LiveEditor/LiveEditor.uplugin
LogPluginManager: Loaded Plugin OSVR, From C:/Program Files (x86)/Epic Games/4.13/Engine/Plugins/Experimental/OSVR/OSVR.uplugin
LogPluginManager: Loaded Plugin Phya, From C:/Program Files (x86)/Epic Games/4.13/Engine/Plugins/Experimental/Phya/Phya.uplugin
LogPluginManager: Loaded Plugin SignificanceManager, From C:/Program Files (x86)/Epic Games/4.13/Engine/Plugins/Experimental/SignificanceManager/SignificanceManager.uplugin
LogPluginManager: Loaded Plugin SimpleHMD, From C:/Program Files (x86)/Epic Games/4.13/Engine/Plugins/Experimental/SimpleHMD/SimpleHMD.uplugin
LogPluginManager: Loaded Plugin StereoPanorama, From C:/Program Files (x86)/Epic Games/4.13/Engine/Plugins/Experimental/StereoPanorama/StereoPanorama.uplugin
LogPluginManager: Loaded Plugin StructBox, From C:/Program Files (x86)/Epic Games/4.13/Engine/Plugins/Experimental/StructBox/StructBox.uplugin
LogPluginManager: Loaded Plugin AndroidMedia, From C:/Program Files (x86)/Epic Games/4.13/Engine/Plugins/Media/AndroidMedia/AndroidMedia.uplugin
LogPluginManager: Loaded Plugin AvfMedia, From C:/Program Files (x86)/Epic Games/4.13/Engine/Plugins/Media/AvfMedia/AvfMedia.uplugin
LogPluginManager: Loaded Plugin MediaPlayerEditor, From C:/Program Files (x86)/Epic Games/4.13/Engine/Plugins/Media/MediaPlayerEditor/MediaPlayerEditor.uplugin
LogPluginManager: Loaded Plugin WmfMedia, From C:/Program Files (x86)/Epic Games/4.13/Engine/Plugins/Media/WmfMedia/WmfMedia.uplugin
LogPluginManager: Loaded Plugin MessagingDebugger, From C:/Program Files (x86)/Epic Games/4.13/Engine/Plugins/Messaging/MessagingDebugger/MessagingDebugger.uplugin
LogPluginManager: Loaded Plugin TcpMessaging, From C:/Program Files (x86)/Epic Games/4.13/Engine/Plugins/Messaging/TcpMessaging/TcpMessaging.uplugin
LogPluginManager: Loaded Plugin UdpMessaging, From C:/Program Files (x86)/Epic Games/4.13/Engine/Plugins/Messaging/UdpMessaging/UdpMessaging.uplugin
LogPluginManager: Loaded Plugin LevelSequenceEditor, From C:/Program Files (x86)/Epic Games/4.13/Engine/Plugins/MovieScene/LevelSequenceEditor/LevelSequenceEditor.uplugin
LogPluginManager: Loaded Plugin MatineeToLevelSequence, From C:/Program Files (x86)/Epic Games/4.13/Engine/Plugins/MovieScene/MatineeToLevelSequence/MatineeToLevelSequence.uplugin
LogPluginManager: Loaded Plugin NetcodeUnitTest, From C:/Program Files (x86)/Epic Games/4.13/Engine/Plugins/NetcodeUnitTest/NetcodeUnitTest/NetcodeUnitTest.uplugin
LogPluginManager: Loaded Plugin NUTUnrealEngine4, From C:/Program Files (x86)/Epic Games/4.13/Engine/Plugins/NetcodeUnitTest/NUTUnrealEngine4/NUTUnrealEngine4.uplugin
LogPluginManager: Loaded Plugin OnlineSubsystemGooglePlay, From C:/Program Files (x86)/Epic Games/4.13/Engine/Plugins/Online/Android/OnlineSubsystemGooglePlay/OnlineSubsystemGooglePlay.uplugin
LogPluginManager: Loaded Plugin OnlineSubsystemIOS, From C:/Program Files (x86)/Epic Games/4.13/Engine/Plugins/Online/IOS/OnlineSubsystemIOS/OnlineSubsystemIOS.uplugin
LogPluginManager: Loaded Plugin OnlineFramework, From C:/Program Files (x86)/Epic Games/4.13/Engine/Plugins/Online/OnlineFramework/OnlineFramework.uplugin
LogPluginManager: Loaded Plugin OnlineSubsystem, From C:/Program Files (x86)/Epic Games/4.13/Engine/Plugins/Online/OnlineSubsystem/OnlineSubsystem.uplugin
LogPluginManager: Loaded Plugin OnlineSubsystemAmazon, From C:/Program Files (x86)/Epic Games/4.13/Engine/Plugins/Online/OnlineSubsystemAmazon/OnlineSubsystemAmazon.uplugin
LogPluginManager: Loaded Plugin OnlineSubsystemFacebook, From C:/Program Files (x86)/Epic Games/4.13/Engine/Plugins/Online/OnlineSubsystemFacebook/OnlineSubsystemFacebook.uplugin
LogPluginManager: Loaded Plugin OnlineSubsystemNull, From C:/Program Files (x86)/Epic Games/4.13/Engine/Plugins/Online/OnlineSubsystemNull/OnlineSubsystemNull.uplugin
LogPluginManager: Loaded Plugin OnlineSubsystemOculus, From C:/Program Files (x86)/Epic Games/4.13/Engine/Plugins/Online/OnlineSubsystemOculus/OnlineSubsystemOculus.uplugin
LogPluginManager: Loaded Plugin OnlineSubsystemSteam, From C:/Program Files (x86)/Epic Games/4.13/Engine/Plugins/Online/OnlineSubsystemSteam/OnlineSubsystemSteam.uplugin
LogPluginManager: Loaded Plugin OnlineSubsystemUtils, From C:/Program Files (x86)/Epic Games/4.13/Engine/Plugins/Online/OnlineSubsystemUtils/OnlineSubsystemUtils.uplugin
LogPluginManager: Loaded Plugin IOSTapJoy, From C:/Program Files (x86)/Epic Games/4.13/Engine/Plugins/Runtime/Advertising/IOSTapJoy/IOSTapJoy.uplugin
LogPluginManager: Loaded Plugin AnalyticsBlueprintLibrary, From C:/Program Files (x86)/Epic Games/4.13/Engine/Plugins/Runtime/Analytics/AnalyticsBlueprintLibrary/AnalyticsBlueprintLibrary.uplugin
LogPluginManager: Loaded Plugin AnalyticsMulticast, From C:/Program Files (x86)/Epic Games/4.13/Engine/Plugins/Runtime/Analytics/AnalyticsMulticast/AnalyticsMulticast.uplugin
LogPluginManager: Loaded Plugin Apsalar, From C:/Program Files (x86)/Epic Games/4.13/Engine/Plugins/Runtime/Analytics/Apsalar/Apsalar.uplugin
LogPluginManager: Loaded Plugin FileLogging, From C:/Program Files (x86)/Epic Games/4.13/Engine/Plugins/Runtime/Analytics/FileLogging/FileLogging.uplugin
LogPluginManager: Loaded Plugin Flurry, From C:/Program Files (x86)/Epic Games/4.13/Engine/Plugins/Runtime/Analytics/Flurry/Flurry.uplugin
LogPluginManager: Loaded Plugin AndroidDeviceProfileSelector, From C:/Program Files (x86)/Epic Games/4.13/Engine/Plugins/Runtime/AndroidDeviceProfileSelector/AndroidDeviceProfileSelector.uplugin
LogPluginManager: Loaded Plugin AndroidMoviePlayer, From C:/Program Files (x86)/Epic Games/4.13/Engine/Plugins/Runtime/AndroidMoviePlayer/AndroidMoviePlayer.uplugin
LogPluginManager: Loaded Plugin AppleMoviePlayer, From C:/Program Files (x86)/Epic Games/4.13/Engine/Plugins/Runtime/AppleMoviePlayer/AppleMoviePlayer.uplugin
LogPluginManager: Loaded Plugin ArchVisCharacter, From C:/Program Files (x86)/Epic Games/4.13/Engine/Plugins/Runtime/ArchVisCharacter/ArchVisCharacter.uplugin
LogPluginManager: Loaded Plugin CableComponent, From C:/Program Files (x86)/Epic Games/4.13/Engine/Plugins/Runtime/CableComponent/CableComponent.uplugin
LogPluginManager: Loaded Plugin CustomMeshComponent, From C:/Program Files (x86)/Epic Games/4.13/Engine/Plugins/Runtime/CustomMeshComponent/CustomMeshComponent.uplugin
LogPluginManager: Loaded Plugin ExampleDeviceProfileSelector, From C:/Program Files (x86)/Epic Games/4.13/Engine/Plugins/Runtime/ExampleDeviceProfileSelector/ExampleDeviceProfileSelector.uplugin
LogPluginManager: Loaded Plugin GearVR, From C:/Program Files (x86)/Epic Games/4.13/Engine/Plugins/Runtime/GearVR/GearVR.uplugin
LogPluginManager: Loaded Plugin GoogleVRController, From C:/Program Files (x86)/Epic Games/4.13/Engine/Plugins/Runtime/GoogleVR/GoogleVRController/GoogleVRController.uplugin
LogPluginManager: Loaded Plugin GoogleVRHMD, From C:/Program Files (x86)/Epic Games/4.13/Engine/Plugins/Runtime/GoogleVR/GoogleVRHMD/GoogleVRHMD.uplugin
LogPluginManager: Loaded Plugin IOSDeviceProfileSelector, From C:/Program Files (x86)/Epic Games/4.13/Engine/Plugins/Runtime/IOSDeviceProfileSelector/IOSDeviceProfileSelector.uplugin
LogPluginManager: Loaded Plugin LeapMotion, From C:/Program Files (x86)/Epic Games/4.13/Engine/Plugins/Runtime/LeapMotion/LeapMotion.uplugin
LogPluginManager: Loaded Plugin LinuxDeviceProfileSelector, From C:/Program Files (x86)/Epic Games/4.13/Engine/Plugins/Runtime/LinuxDeviceProfileSelector/LinuxDeviceProfileSelector.uplugin
LogPluginManager: Loaded Plugin LiveEditorListenServer, From C:/Program Files (x86)/Epic Games/4.13/Engine/Plugins/Runtime/LiveEditorListenServer/LiveEditorListenServer.uplugin
LogPluginManager: Loaded Plugin OculusAudio, From C:/Program Files (x86)/Epic Games/4.13/Engine/Plugins/Runtime/OculusAudio/OculusAudio.uplugin
LogPluginManager: Loaded Plugin OculusInput, From C:/Program Files (x86)/Epic Games/4.13/Engine/Plugins/Runtime/OculusInput/OculusInput.uplugin
LogPluginManager: Loaded Plugin OculusLibrary, From C:/Program Files (x86)/Epic Games/4.13/Engine/Plugins/Runtime/OculusLibrary/OculusLibrary.uplugin
LogPluginManager: Loaded Plugin OculusRift, From C:/Program Files (x86)/Epic Games/4.13/Engine/Plugins/Runtime/OculusRift/OculusRift.uplugin
LogPluginManager: Loaded Plugin Oodle, From C:/Program Files (x86)/Epic Games/4.13/Engine/Plugins/Runtime/PacketHandlers/CompressionComponents/Oodle/Oodle.uplugin
LogPluginManager: Loaded Plugin ProceduralMeshComponent, From C:/Program Files (x86)/Epic Games/4.13/Engine/Plugins/Runtime/ProceduralMeshComponent/ProceduralMeshComponent.uplugin
LogPluginManager: Loaded Plugin SoundMod, From C:/Program Files (x86)/Epic Games/4.13/Engine/Plugins/Runtime/SoundMod/SoundMod.uplugin
LogPluginManager: Loaded Plugin SoundVisualizations, From C:/Program Files (x86)/Epic Games/4.13/Engine/Plugins/Runtime/SoundVisualizations/SoundVisualizations.uplugin
LogPluginManager: Loaded Plugin SteamController, From C:/Program Files (x86)/Epic Games/4.13/Engine/Plugins/Runtime/Steam/SteamController/SteamController.uplugin
LogPluginManager: Loaded Plugin SteamVR, From C:/Program Files (x86)/Epic Games/4.13/Engine/Plugins/Runtime/Steam/SteamVR/SteamVR.uplugin
LogPluginManager: Loaded Plugin WebBrowserWidget, From C:/Program Files (x86)/Epic Games/4.13/Engine/Plugins/Runtime/WebBrowserWidget/WebBrowserWidget.uplugin
LogPluginManager: Loaded Plugin WindowsDeviceProfileSelector, From C:/Program Files (x86)/Epic Games/4.13/Engine/Plugins/Runtime/WindowsDeviceProfileSelector/WindowsDeviceProfileSelector.uplugin
LogPluginManager: Loaded Plugin WindowsMoviePlayer, From C:/Program Files (x86)/Epic Games/4.13/Engine/Plugins/Runtime/WindowsMoviePlayer/WindowsMoviePlayer.uplugin
LogPluginManager: Loaded Plugin ScriptPlugin, From C:/Program Files (x86)/Epic Games/4.13/Engine/Plugins/ScriptPlugin/ScriptPlugin.uplugin
LogPluginManager: Loaded Plugin SlateRemote, From C:/Program Files (x86)/Epic Games/4.13/Engine/Plugins/Slate/SlateRemote/SlateRemote.uplugin
LogInit: Using libcurl 7.47.1
LogInit:  - built for x86_64-pc-win32
LogInit:  - supports SSL with WinSSL
LogInit:  - other features:
LogInit:      CURL_VERSION_SSL
LogInit:      CURL_VERSION_IPV6
LogInit:      CURL_VERSION_ASYNCHDNS
LogInit:      CURL_VERSION_LARGEFILE
LogInit:      CURL_VERSION_IDN
LogInit:  CurlRequestOptions (configurable via config and command line):
LogInit:  - bVerifyPeer = false  - Libcurl will NOT verify peer certificate
LogInit:  - bUseHttpProxy = false  - Libcurl will NOT use HTTP proxy
LogInit:  - bDontReuseConnections = false  - Libcurl will reuse connections
LogInit:  - CertBundlePath = nullptr  - Libcurl will use whatever was configured at build time.
LogInit: Build: ++UE4+Release-4.13-CL-3142249
LogInit: Engine Version: 4.13.1-3142249+++UE4+Release-4.13
LogInit: Compatible Engine Version: 4.13.0-3106830+++UE4+Release-4.13
LogInit: Net CL: 3142249
LogDevObjectVersion: Number of dev versions registered: 13
LogDevObjectVersion:   Dev-Blueprints (B0D832E4-1F89-4F0D-ACCF-7EB736FD4AA2): 5
LogDevObjectVersion:   Dev-Build (E1C64328-A22C-4D53-A36C-8E866417BD8C): 0
LogDevObjectVersion:   Dev-Core (375EC13C-06E4-48FB-B500-84F0262A717E): 1
LogDevObjectVersion:   Dev-Editor (E4B068ED-F494-42E9-A231-DA0B2E46BB41): 6
LogDevObjectVersion:   Dev-Framework (CFFC743F-43B0-4480-9391-14DF171D2073): 12
LogDevObjectVersion:   Dev-Mobile (B02B49B5-BB20-44E9-A304-32B752E40360): 0
LogDevObjectVersion:   Dev-Networking (A4E4105C-59A1-49B5-A7C5-40C4547EDFEE): 0
LogDevObjectVersion:   Dev-Online (39C831C9-5AE6-47DC-9A44-9C173E1C8E7C): 0
LogDevObjectVersion:   Dev-Physics (78F01B33-EBEA-4F98-B9B4-84EACCB95AA2): 0
LogDevObjectVersion:   Dev-Platform (6631380F-2D4D-43E0-8009-CF276956A95A): 0
LogDevObjectVersion:   Dev-Rendering (12F88B9F-8875-4AFC-A67C-D90C383ABD29): 4
LogDevObjectVersion:   Dev-Sequencer (7B5AE74C-D270-4C10-A958-57980B212A5A): 0
LogDevObjectVersion:   Dev-VR (D7296918-1DD6-4BDD-9DE2-64A83CC13884): 0
LogInit: Compiled (64-bit): Sep 28 2016 02:12:12
LogInit: Compiled with Visual C++: 19.00.23026.00
LogInit: Build Configuration: Development
LogInit: Branch Name: ++UE4+Release-4.13
LogInit: Command line:  
LogInit: Base directory: C:/Program Files (x86)/Epic Games/4.13/Engine/Binaries/Win64/
LogInit: Installed Engine Build: 1
LogInit: Presizing for max 8388607 objects, including 0 objects not considered by GC, pre-allocating 0 bytes for permanent pool.
LogInit: Object subsystem initialized
[2016.10.12-15.17.17:054][  0]LogInit: Selected Device Profile: [Windows]
[2016.10.12-15.17.17:054][  0]LogInit: Applying CVar settings loaded from the selected device profile: [Windows]
[2016.10.12-15.17.17:063][  0]LogInit: Computer: FGWH030
[2016.10.12-15.17.17:063][  0]LogInit: User: fredriktumlin
[2016.10.12-15.17.17:063][  0]LogInit: CPU Page size=65536, Cores=4
[2016.10.12-15.17.17:063][  0]LogInit: High frequency timer resolution =3.416015 MHz
[2016.10.12-15.17.17:063][  0]LogMemory: Memory total: Physical=15.9GB (16GB approx)
[2016.10.12-15.17.17:063][  0]LogMemory: Platform Memory Stats for Windows
[2016.10.12-15.17.17:063][  0]LogMemory: Process Physical Memory: 256.43 MB used, 256.43 MB peak
[2016.10.12-15.17.17:063][  0]LogMemory: Process Virtual Memory: 260.63 MB used, 260.63 MB peak
[2016.10.12-15.17.17:063][  0]LogMemory: Physical Memory: 8009.46 MB used, 16327.00 MB total
[2016.10.12-15.17.17:063][  0]LogMemory: Virtual Memory: 591.65 MB used, 8388608.00 MB total
[2016.10.12-15.17.17:091][  0]LogTextLocalizationManager: No translations for ('sv-SE') exist, falling back to 'en' for localization and internationalization data.
[2016.10.12-15.17.17:577][  0]LogD3D11RHI: D3D11 adapters:
[2016.10.12-15.17.17:589][  0]LogD3D11RHI:    0. 'NVIDIA GeForce GTX 960' (Feature Level 11_0)
[2016.10.12-15.17.17:589][  0]LogD3D11RHI:       1969/0/2048 MB DedicatedVideo/DedicatedSystem/SharedSystem, Outputs:2, VendorId:0x10de
[2016.10.12-15.17.17:589][  0]LogD3D11RHI: Chosen D3D11 Adapter: 0
[2016.10.12-15.17.17:593][  0]LogD3D11RHI: Creating new Direct3DDevice
[2016.10.12-15.17.17:593][  0]LogD3D11RHI:     GPU DeviceId: 0x1401 (for the marketing name, search the web for "GPU Device Id")
[2016.10.12-15.17.17:593][  0]LogWindows: EnumDisplayDevices:
[2016.10.12-15.17.17:593][  0]LogWindows:    0. 'NVIDIA GeForce GTX 960' (P:1 D:1)
[2016.10.12-15.17.17:593][  0]LogWindows:    1. 'NVIDIA GeForce GTX 960' (P:0 D:1)
[2016.10.12-15.17.17:593][  0]LogWindows:    2. 'NVIDIA GeForce GTX 960' (P:0 D:0)
[2016.10.12-15.17.17:594][  0]LogWindows:    3. 'NVIDIA GeForce GTX 960' (P:0 D:0)
[2016.10.12-15.17.17:594][  0]LogWindows:    4. 'RDPDD Chained DD' (P:0 D:0)
[2016.10.12-15.17.17:594][  0]LogWindows:    5. 'RDP Encoder Mirror Driver' (P:0 D:0)
[2016.10.12-15.17.17:594][  0]LogWindows:    6. 'RDP Reflector Display Driver' (P:0 D:0)
[2016.10.12-15.17.17:594][  0]LogWindows: DebugString: GetVideoDriverDetailsInvalid PrimaryIsNotTheChoosenAdapter GetVideoDriverDetailsInvalid PrimaryIsNotTheChoosenAdapter GetVideoDriverDetailsInvalid PrimaryIsNotTheChoosenAdapter FoundDriverCount:4 
[2016.10.12-15.17.17:594][  0]LogD3D11RHI:     Adapter Name: NVIDIA GeForce GTX 960
[2016.10.12-15.17.17:594][  0]LogD3D11RHI:   Driver Version: 359.00 (internal:10.18.13.5900, unified:359.00)
[2016.10.12-15.17.17:594][  0]LogD3D11RHI:      Driver Date: 11-13-2015
[2016.10.12-15.17.17:594][  0]LogRHI: Texture pool is 1361 MB (70% of 1945 MB)
[2016.10.12-15.17.17:600][  0]LogD3D11RHI: Async texture creation enabled
[2016.10.12-15.17.17:613][  0]LogD3D11RHI: GPU Timing Frequency: 1000.000000 (Debug: 2 2)
[2016.10.12-15.17.17:613][  0]LogShaderCompilers: Guid format shader working directory is 18 characters bigger than the processId version (D:/GITProjects/PartyGame/PartyGame/Intermediate/Shaders/WorkingDirectory/11156/).
[2016.10.12-15.17.17:613][  0]LogShaderCompilers: Cleaned the shader compiler working directory 'C:/Users/FREDRI~1.TUM/AppData/Local/Temp/UnrealShaderWorkingDir/1A10128D4EC7C75447D2F3A1CDB1F355/'.
[2016.10.12-15.17.17:613][  0]LogShaderCompilers:Display: Using Local Shader Compiler.
[2016.10.12-15.17.18:444][  0]LogTemp:Display: Loaded TP AllDesktopTargetPlatform
[2016.10.12-15.17.18:450][  0]LogTemp:Display: Loaded TP WindowsClientTargetPlatform
[2016.10.12-15.17.18:457][  0]LogTemp:Display: Loaded TP WindowsNoEditorTargetPlatform
[2016.10.12-15.17.18:464][  0]LogTemp:Display: Loaded TP WindowsServerTargetPlatform
[2016.10.12-15.17.18:470][  0]LogTemp:Display: Loaded TP WindowsTargetPlatform
[2016.10.12-15.17.18:476][  0]LogTemp:Display: Loaded TP AndroidTargetPlatform
[2016.10.12-15.17.18:482][  0]LogTemp:Display: Loaded TP Android_ASTCTargetPlatform
[2016.10.12-15.17.18:487][  0]LogTemp:Display: Loaded TP Android_ATCTargetPlatform
[2016.10.12-15.17.18:493][  0]LogTemp:Display: Loaded TP Android_DXTTargetPlatform
[2016.10.12-15.17.18:498][  0]LogTemp:Display: Loaded TP Android_ETC1TargetPlatform
[2016.10.12-15.17.18:504][  0]LogTemp:Display: Loaded TP Android_ETC2TargetPlatform
[2016.10.12-15.17.18:516][  0]LogTemp:Display: Loaded TP Android_MultiTargetPlatform
[2016.10.12-15.17.18:516][  0]LogTemp:Display: Loaded TP Android_PVRTCTargetPlatform
[2016.10.12-15.17.18:516][  0]LogTemp:Display: Loaded TP HTML5TargetPlatform
[2016.10.12-15.17.18:534][  0]LogTemp:Display: Loaded TP IOSTargetPlatform
[2016.10.12-15.17.18:539][  0]LogTemp:Display: Loaded TP TVOSTargetPlatform
[2016.10.12-15.17.18:545][  0]LogTemp:Display: Loaded TP LinuxClientTargetPlatform
[2016.10.12-15.17.18:550][  0]LogTemp:Display: Loaded TP LinuxNoEditorTargetPlatform
[2016.10.12-15.17.18:556][  0]LogTemp:Display: Loaded TP LinuxServerTargetPlatform
[2016.10.12-15.17.18:561][  0]LogTemp:Display: Loaded TP LinuxTargetPlatform
[2016.10.12-15.17.18:561][  0]LogTargetPlatformManager:Display: Building Assets For Windows
[2016.10.12-15.17.18:627][  0]LogDerivedDataCache:Display: Max Cache Size: 512 MB
[2016.10.12-15.17.18:682][  0]LogDerivedDataCache: Loaded boot cache 0.05s 62MB C:/Users/Fredrik.tumlin/AppData/Local/UnrealEngine/4.13/DerivedDataCache/Boot.ddc.
[2016.10.12-15.17.18:682][  0]LogDerivedDataCache:Display: Loaded Boot cache: C:/Users/Fredrik.tumlin/AppData/Local/UnrealEngine/4.13/DerivedDataCache/Boot.ddc
[2016.10.12-15.17.18:682][  0]LogDerivedDataCache: FDerivedDataBackendGraph:  Pak pak cache file D:/GITProjects/PartyGame/PartyGame/DerivedDataCache/DDC.ddp not found, will not use a pak cache.
[2016.10.12-15.17.18:682][  0]LogDerivedDataCache: Unable to find inner node Pak for hierarchical cache Hierarchy.
[2016.10.12-15.17.18:682][  0]LogDerivedDataCache: FDerivedDataBackendGraph:  CompressedPak pak cache file D:/GITProjects/PartyGame/PartyGame/DerivedDataCache/Compressed.ddp not found, will not use a pak cache.
[2016.10.12-15.17.18:682][  0]LogDerivedDataCache: Unable to find inner node CompressedPak for hierarchical cache Hierarchy.
[2016.10.12-15.17.18:697][  0]LogDerivedDataCache:Display: Pak cache opened for reading ../../../Engine/DerivedDataCache/Compressed.ddp.
[2016.10.12-15.17.18:708][  0]LogDerivedDataCache: Using Local data cache path C:/Users/Fredrik.tumlin/AppData/Local/UnrealEngine/Common/DerivedDataCache: Writable
[2016.10.12-15.17.18:878][  0]LogInit: Selected Device Profile: [Windows]
[2016.10.12-15.17.18:881][  0]LogMaterial: Uniform references updated for custom material expression Custom.
[2016.10.12-15.17.18:881][  0]LogContentStreaming: Texture pool size is 0.00 MB
[2016.10.12-15.17.19:004][  0]LogMeshUtilities: No automatic mesh reduction module available
[2016.10.12-15.17.19:004][  0]LogMeshUtilities: No automatic mesh merging module available
[2016.10.12-15.17.19:004][  0]LogMeshUtilities: No distributed automatic mesh merging module available
[2016.10.12-15.17.19:260][  0]LogNetVersion: GetLocalNetworkVersion: CL: 3106830, ProjectName: partygame, ProjectVersion: , EngineNetworkVersion: 1, GameNetworkVersion: 0, NetworkChecksum: 1851925081
[2016.10.12-15.17.19:293][  0]LogAssetRegistry: FAssetRegistry took 0.0194 seconds to start up
[2016.10.12-15.17.19:303][  0]LogPackageLocalizationCache: Processed 3 localized package path(s) for 1 prioritized culture(s) in 0.008237 seconds
[2016.10.12-15.17.19:307][  0]LogUObjectArray: 29778 objects as part of root set at end of initial load.
[2016.10.12-15.17.19:307][  0]LogUObjectAllocator: 6125456 out of 0 bytes used by permanent object pool.
[2016.10.12-15.17.19:307][  0]LogUObjectArray: CloseDisregardForGC: 0/0 objects in disregard for GC pool
[2016.10.12-15.17.19:311][  0]LogInit: WinSock: version 1.1 (2.2), MaxSocks=32767, MaxUdp=65467
[2016.10.12-15.17.19:477][  0]LogSlate: SlateFontCache - WITH_FREETYPE: 1, WITH_HARFBUZZ: 1
[2016.10.12-15.17.19:477][  0]LogSlate: SlateFontCache - WITH_FREETYPE: 1, WITH_HARFBUZZ: 1
[2016.10.12-15.17.20:004][  0]LogTcpMessaging: Initializing TcpMessaging bridge
[2016.10.12-15.17.20:025][  0]LogUdpMessaging: Initializing bridge on interface 0.0.0.0:0 to multicast group 230.0.0.1:6666.
[2016.10.12-15.17.20:264][  0]SourceControl: Info Source control is disabled
[2016.10.12-15.17.20:283][  0]SourceControl: Info Source control is disabled
[2016.10.12-15.17.20:294][  0]SourceControl: Info Source control is disabled
[2016.10.12-15.17.20:305][  0]SourceControl: Info Source control is disabled
[2016.10.12-15.17.20:674][  0]LogEngine: Initializing Engine...
[2016.10.12-15.17.20:674][  0]LogHMD: Failed to initialize OpenVR with code 110
[2016.10.12-15.17.20:793][  0]LogAIModule: Creating AISystem for world Untitled
[2016.10.12-15.17.20:803][  0]LogInit: XAudio2 using 'Högtalare (Realtek High Definition Audio)' : 2 channels at 48 kHz using 32 bits per sample (channel mask 0x3)
[2016.10.12-15.17.20:823][  0]LogInit: FAudioDevice initialized.
[2016.10.12-15.17.20:853][  0]LogDerivedDataCache: Saved boot cache 0.03s 62MB C:/Users/Fredrik.tumlin/AppData/Local/UnrealEngine/4.13/DerivedDataCache/Boot.ddc.
[2016.10.12-15.17.20:861][  0]LogInit: Texture streaming: Enabled
[2016.10.12-15.17.20:878][  0]LogInit: Transaction tracking system initialized
[2016.10.12-15.17.20:894][  0]BlueprintLog: New page: Editor Load
[2016.10.12-15.17.20:966][  0]LocalizationService: Info Localization service is disabled
[2016.10.12-15.17.21:033][  0]LogConsoleResponse:Display: 
[2016.10.12-15.17.21:123][  0]LogCook:Display: Max memory allowance for cook 16384mb min free memory 0mb
[2016.10.12-15.17.21:123][  0]LogCook:Display: Mobile HDR setting 1
[2016.10.12-15.17.21:276][  0]LogFileCache: Scanning file cache for directory 'D:/GITProjects/PartyGame/PartyGame/Content/' took 0.01s
[2016.10.12-15.17.21:276][  0]SourceControl: Info Source control is disabled
[2016.10.12-15.17.21:276][  0]Cmd: MAP LOAD FILE="../../../Engine/Content/Maps/Templates/Template_Default.umap" TEMPLATE=1 SHOWPROGRESS=1 FEATURELEVEL=3
[2016.10.12-15.17.21:276][  0]LightingResults: New page: Lighting Build
[2016.10.12-15.17.21:278][  0]MapCheck: New page: Map Check
[2016.10.12-15.17.21:278][  0]LightingResults: New page: Lighting Build
[2016.10.12-15.17.21:413][  0]LogAIModule: Creating AISystem for world Untitled_1
[2016.10.12-15.17.21:416][  0]LogEditorServer: Finished looking for orphan Actors (0.000 secs)
[2016.10.12-15.17.21:420][  0]Cmd: MAP CHECKDEP NOCLEARLOG
[2016.10.12-15.17.21:448][  0]MapCheck: Info Map check complete: 0 Error(s), 0 Warning(s), took 28.36ms to complete.
[2016.10.12-15.17.21:448][  0]LogFileHelpers: Loading map 'Template_Default' took 0.172
[2016.10.12-15.17.21:557][  0]LogCollectionManager: Loaded 0 collections in 0.001036 seconds
[2016.10.12-15.17.21:613][  0]LogFileCache: Scanning file cache for directory 'D:/GITProjects/PartyGame/PartyGame/Saved/Collections/' took 0.01s
[2016.10.12-15.17.21:613][  0]LogFileCache: Scanning file cache for directory 'D:/GITProjects/PartyGame/PartyGame/Content/Developers/fredriktumlin/Collections/' took 0.01s
[2016.10.12-15.17.21:613][  0]LogFileCache: Scanning file cache for directory 'D:/GITProjects/PartyGame/PartyGame/Content/Collections/' took 0.01s
[2016.10.12-15.17.21:613][  0]LogCollectionManager: Rebuilt the GUID cache for 0 collections in 0.000006 seconds
[2016.10.12-15.17.21:628][  0]LogContentBrowser: Native class hierarchy populated in 0.0148 seconds. Added 2146 classes and 418 folders.
[2016.10.12-15.17.21:632][  0]LogStats: UGameplayTagsManager::ConstructGameplayTagTree: Construct from data asset -  0.000 s
[2016.10.12-15.17.21:632][  0]LogStats: UGameplayTagsManager::ConstructGameplayTagTree: GameplayTagTreeChangedEvent.Broadcast -  0.000 s
[2016.10.12-15.17.21:634][  0]LogContentBrowser: Native class hierarchy updated for 'GameplayTags' in 0.0016 seconds. Added 12 classes and 0 folders.
[2016.10.12-15.17.21:640][  0]LogContentBrowser: Native class hierarchy updated for 'WidgetCarousel' in 0.0015 seconds. Added 0 classes and 0 folders.
[2016.10.12-15.17.21:683][  0]LogContentBrowser: Native class hierarchy updated for 'AddContentDialog' in 0.0012 seconds. Added 0 classes and 0 folders.
[2016.10.12-15.17.21:688][  0]LogContentBrowser: Native class hierarchy updated for 'SceneOutliner' in 0.0009 seconds. Added 1 classes and 2 folders.
[2016.10.12-15.17.21:726][  0]LogCrashTracker: Crashtracker disabled due to settings.
[2016.10.12-15.17.21:740][  0]LogUObjectGlobals:Warning: Failed to find object 'Class None.'
[2016.10.12-15.17.21:765][  0]LogContentBrowser: Native class hierarchy updated for 'HierarchicalLODOutliner' in 0.0013 seconds. Added 1 classes and 2 folders.
[2016.10.12-15.17.21:766][  0]LogLoad: (Engine Initialization) Total time: 5.72 seconds
[2016.10.12-15.17.21:766][  0]LogLoad: (Engine Initialization) Total Blueprint compile time: 0.05 seconds
[2016.10.12-15.17.21:766][  0]LogExternalProfiler: Found external profiler: VSPerf
[2016.10.12-15.17.21:766][  0]LogExternalProfiler: Using external profiler: VSPerf
[2016.10.12-15.17.21:778][  0]LogOcInput: OculusInput pre-init called
[2016.10.12-15.17.21:794][  0]LogAssetRegistry: Asset discovery search completed in 2.5207 seconds
[2016.10.12-15.17.21:794][  0]LogCollectionManager: Rebuilt the object cache for 0 collections in 0.000001 seconds (found 0 objects)
[2016.10.12-15.17.21:794][  0]LogCollectionManager: Fixed up redirectors for 0 collections in 0.000015 seconds (updated 0 objects)
[2016.10.12-15.17.21:797][  0]LogContentStreaming: Texture pool size now 1000 MB
[2016.10.12-15.17.21:923][  0]LogRenderer: Reallocating scene render targets to support 1196x556 (Frame:2).
[2016.10.12-15.17.46:103][822]LogContentBrowser: Native class hierarchy updated for 'BlueprintGraph' in 0.0013 seconds. Added 112 classes and 0 folders.
[2016.10.12-15.17.56:402][947]BlueprintLog: New page: Compile PartyGameInstance
[2016.10.12-15.17.56:763][976]Cmd: OBJ SAVEPACKAGE PACKAGE="/Game/Libs/PartyGameInstance" FILE="D:/GITProjects/PartyGame/PartyGame/Content/Libs/PartyGameInstance.uasset" SILENT=true
[2016.10.12-15.17.56:781][976]LogSavePackage: Save=11.86ms
[2016.10.12-15.17.56:781][976]LogSavePackage: Moving 'D:/GITProjects/PartyGame/PartyGame/Saved/PartyGameInstance78D7C8EA480E2947B3C35EB5ABBF0351.tmp' to 'D:/GITProjects/PartyGame/PartyGame/Content/Libs/PartyGameInstance.uasset'
[2016.10.12-15.17.56:782][976]LogSavePackage:Display: Finished SavePackage D:/GITProjects/PartyGame/PartyGame/Content/Libs/PartyGameInstance.uasset
[2016.10.12-15.17.58:924][222]LogPlayLevel: PlayLevel: No blueprints needed recompiling
[2016.10.12-15.17.58:924][222]PIE: New page: PIE session: Untitled_1 (Oct 12, 2016, 6:17:58 PM)
[2016.10.12-15.17.58:927][222]LogPlayLevel: Creating play world package: /Temp/UEDPIE_0_Untitled_1
[2016.10.12-15.17.58:928][222]LogPlayLevel: PIE: StaticDuplicateObject took: (0.001616s)
[2016.10.12-15.17.58:929][222]LogAIModule: Creating AISystem for world Untitled_1
[2016.10.12-15.17.58:930][222]LogPlayLevel: PIE: World Init took: (0.001222s)
[2016.10.12-15.17.58:930][222]LogPlayLevel: PIE: Created PIE world by copying editor world from /Temp/Untitled_1.Untitled_1 to /Temp/UEDPIE_0_Untitled_1.Untitled_1 (0.003093s)
[2016.10.12-15.17.58:946][222]LogInit: XAudio2 using 'Högtalare (Realtek High Definition Audio)' : 2 channels at 48 kHz using 32 bits per sample (channel mask 0x3)
[2016.10.12-15.17.58:954][222]LogInit: FAudioDevice initialized.
[2016.10.12-15.17.59:015][222]LogWorld: Game class is 'PartyGameMode_C'
[2016.10.12-15.17.59:018][222]LogWorld: Bringing World /Temp/UEDPIE_0_Untitled_1.Untitled_1 up for play (max tick rate 0) at 2016.10.12-17.17.59
[2016.10.12-15.17.59:018][222]LogWorld: Bringing up level for play took: 0.001203
[2016.10.12-15.17.59:021][222]LogContentBrowser: Native class hierarchy updated for 'MovieSceneCapture' in 0.0010 seconds. Added 11 classes and 0 folders.
[2016.10.12-15.17.59:022][222]LogGameMode:Display: Match State Changed from EnteringMap to WaitingToStart
[2016.10.12-15.17.59:022][222]LogGameState: Match State Changed from EnteringMap to WaitingToStart
[2016.10.12-15.17.59:022][222]LogGameMode:Display: Match State Changed from WaitingToStart to InProgress
[2016.10.12-15.17.59:024][222]LogGameState: Match State Changed from WaitingToStart to InProgress
[2016.10.12-15.17.59:024][222]PIE: Info Play in editor start time for /Temp/UEDPIE_0_Untitled_1 0.627
[2016.10.12-15.18.03:521][748]LogAIModule: Creating AISystem for world StartLevel
[2016.10.12-15.18.03:535][748]Cmd: MAP LOAD FILE="D:/GITProjects/PartyGame/PartyGame/Content/StartLevel.umap" TEMPLATE=0 SHOWPROGRESS=1 FEATURELEVEL=3
[2016.10.12-15.18.03:535][748]LightingResults: New page: Lighting Build
[2016.10.12-15.18.03:536][748]LoadErrors: New page: Loading map: StartLevel.umap
[2016.10.12-15.18.03:536][748]MapCheck: New page: Map Check
[2016.10.12-15.18.03:536][748]LightingResults: New page: Lighting Build
[2016.10.12-15.18.03:588][748]LogEditorServer: Finished looking for orphan Actors (0.000 secs)
[2016.10.12-15.18.03:604][748]Cmd: MAP CHECKDEP NOCLEARLOG
[2016.10.12-15.18.03:636][748]MapCheck: Info Map check complete: 0 Error(s), 0 Warning(s), took 31.689ms to complete.
[2016.10.12-15.18.03:636][748]LogFileHelpers: Loading map 'StartLevel' took 0.102
[2016.10.12-15.18.04:530][853]LogBlueprintUserMessages: Early PlayInEditor Detection: Level '/Game/StartLevel.StartLevel:PersistentLevel' has LevelScriptBlueprint '/Game/StartLevel.StartLevel:PersistentLevel.StartLevel' with GeneratedClass '/Game/StartLevel.StartLevel_C' with ClassGeneratedBy '/Game/StartLevel.StartLevel:PersistentLevel.StartLevel'
[2016.10.12-15.18.04:530][853]LogPlayLevel: PlayLevel: No blueprints needed recompiling
[2016.10.12-15.18.04:530][853]PIE: New page: PIE session: StartLevel (Oct 12, 2016, 6:18:04 PM)
[2016.10.12-15.18.04:531][853]LogPlayLevel: Creating play world package: /Game/UEDPIE_0_StartLevel
[2016.10.12-15.18.04:532][853]LogPlayLevel: PIE: StaticDuplicateObject took: (0.000804s)
[2016.10.12-15.18.04:532][853]LogAIModule: Creating AISystem for world StartLevel
[2016.10.12-15.18.04:533][853]LogPlayLevel: PIE: World Init took: (0.000764s)
[2016.10.12-15.18.04:533][853]LogPlayLevel: PIE: Created PIE world by copying editor world from /Game/StartLevel.StartLevel to /Game/UEDPIE_0_StartLevel.StartLevel (0.001749s)
[2016.10.12-15.18.04:547][853]LogInit: XAudio2 using 'Högtalare (Realtek High Definition Audio)' : 2 channels at 48 kHz using 32 bits per sample (channel mask 0x3)
[2016.10.12-15.18.04:554][853]LogInit: FAudioDevice initialized.
[2016.10.12-15.18.04:582][853]LogWorld: Game class is 'PlayerSelectionGameMode_C'
[2016.10.12-15.18.04:584][853]LogWorld: Bringing World /Game/UEDPIE_0_StartLevel.StartLevel up for play (max tick rate 0) at 2016.10.12-17.18.04
[2016.10.12-15.18.04:584][853]LogWorld: Bringing up level for play took: 0.001145
[2016.10.12-15.18.04:585][853]LogGameMode:Display: Match State Changed from EnteringMap to WaitingToStart
[2016.10.12-15.18.04:585][853]LogGameState: Match State Changed from EnteringMap to WaitingToStart
[2016.10.12-15.18.04:585][853]LogGameMode:Display: Match State Changed from WaitingToStart to InProgress
[2016.10.12-15.18.04:585][853]LogBlueprintUserMessages: [MenuController_C_0] Hello
[2016.10.12-15.18.04:586][853]LogPlayerController:Error: EnableInput can only be specified on a PlayerController for itself
[2016.10.12-15.18.04:587][853]LogPlayerController:Error: EnableInput can only be specified on a PlayerController for itself
[2016.10.12-15.18.04:587][853]LogPlayerController:Error: EnableInput can only be specified on a PlayerController for itself
[2016.10.12-15.18.04:588][853]LogPlayerManagement:Error: Failed to Create Player: Maximum number of players (4) already created.  Unable to create more.
[2016.10.12-15.18.04:588][853]LogPlayerManagement:Error: Failed to Create Player: Maximum number of players (4) already created.  Unable to create more.
[2016.10.12-15.18.04:588][853]LogPlayerManagement:Error: Failed to Create Player: Maximum number of players (4) already created.  Unable to create more.
[2016.10.12-15.18.04:588][853]LogBlueprintUserMessages: [MenuController_C_1] Hello
[2016.10.12-15.18.04:588][853]LogBlueprintUserMessages: [MenuController_C_2] Hello
[2016.10.12-15.18.04:588][853]LogBlueprintUserMessages: [MenuController_C_3] Hello
[2016.10.12-15.18.04:588][853]LogGameState: Match State Changed from WaitingToStart to InProgress
[2016.10.12-15.18.04:588][853]PIE: Info Play in editor start time for /Game/UEDPIE_0_StartLevel 0.191
[2016.10.12-15.18.04:588][853]LogBlueprintUserMessages: Late PlayInEditor Detection: Level '/Game/StartLevel.StartLevel:PersistentLevel' has LevelScriptBlueprint '/Game/StartLevel.StartLevel:PersistentLevel.StartLevel' with GeneratedClass '/Game/StartLevel.StartLevel_C' with ClassGeneratedBy '/Game/StartLevel.StartLevel:PersistentLevel.StartLevel'
[2016.10.12-15.18.10:076][511]LogBlueprintUserMessages: Early EndPlayMap Detection: Level '/Game/StartLevel.StartLevel:PersistentLevel' has LevelScriptBlueprint '/Game/StartLevel.StartLevel:PersistentLevel.StartLevel' with GeneratedClass '/Game/StartLevel.StartLevel_C' with ClassGeneratedBy '/Game/StartLevel.StartLevel:PersistentLevel.StartLevel'
[2016.10.12-15.18.10:103][511]LogBlueprintUserMessages: Late EndPlayMap Detection: Level '/Game/StartLevel.StartLevel:PersistentLevel' has LevelScriptBlueprint '/Game/StartLevel.StartLevel:PersistentLevel.StartLevel' with GeneratedClass '/Game/StartLevel.StartLevel_C' with ClassGeneratedBy '/Game/StartLevel.StartLevel:PersistentLevel.StartLevel'
[2016.10.12-15.18.36:663][627]LogBlueprintUserMessages: Early PlayInEditor Detection: Level '/Game/StartLevel.StartLevel:PersistentLevel' has LevelScriptBlueprint '/Game/StartLevel.StartLevel:PersistentLevel.StartLevel' with GeneratedClass '/Game/StartLevel.StartLevel_C' with ClassGeneratedBy '/Game/StartLevel.StartLevel:PersistentLevel.StartLevel'
[2016.10.12-15.18.36:663][627]LogPlayLevel: PlayLevel: No blueprints needed recompiling
[2016.10.12-15.18.36:663][627]PIE: New page: PIE session: StartLevel (Oct 12, 2016, 6:18:36 PM)
[2016.10.12-15.18.36:664][627]LogPlayLevel: Creating play world package: /Game/UEDPIE_0_StartLevel
[2016.10.12-15.18.36:665][627]LogPlayLevel: PIE: StaticDuplicateObject took: (0.000814s)
[2016.10.12-15.18.36:665][627]LogAIModule: Creating AISystem for world StartLevel
[2016.10.12-15.18.36:666][627]LogPlayLevel: PIE: World Init took: (0.000878s)
[2016.10.12-15.18.36:666][627]LogPlayLevel: PIE: Created PIE world by copying editor world from /Game/StartLevel.StartLevel to /Game/UEDPIE_0_StartLevel.StartLevel (0.001927s)
[2016.10.12-15.18.36:683][627]LogInit: XAudio2 using 'Högtalare (Realtek High Definition Audio)' : 2 channels at 48 kHz using 32 bits per sample (channel mask 0x3)
[2016.10.12-15.18.36:690][627]LogInit: FAudioDevice initialized.
[2016.10.12-15.18.36:731][627]LogWorld: Game class is 'PlayerSelectionGameMode_C'
[2016.10.12-15.18.36:732][627]LogWorld: Bringing World /Game/UEDPIE_0_StartLevel.StartLevel up for play (max tick rate 0) at 2016.10.12-17.18.36
[2016.10.12-15.18.36:733][627]LogWorld: Bringing up level for play took: 0.000900
[2016.10.12-15.18.36:733][627]LogGameMode: Warning - PATHS NOT DEFINED or NO PLAYERSTART with positive rating
[2016.10.12-15.18.36:733][627]LogGameMode:Display: Match State Changed from EnteringMap to WaitingToStart
[2016.10.12-15.18.36:733][627]LogGameState: Match State Changed from EnteringMap to WaitingToStart
[2016.10.12-15.18.36:733][627]LogGameMode:Display: Match State Changed from WaitingToStart to InProgress
[2016.10.12-15.18.36:734][627]LogBlueprintUserMessages: [MenuController_C_0] Hello
[2016.10.12-15.18.36:734][627]LogGameMode: Warning - PATHS NOT DEFINED or NO PLAYERSTART with positive rating
[2016.10.12-15.18.36:734][627]LogPlayerController:Error: EnableInput can only be specified on a PlayerController for itself
[2016.10.12-15.18.36:735][627]LogPlayerController:Error: EnableInput can only be specified on a PlayerController for itself
[2016.10.12-15.18.36:735][627]LogGameMode: Warning - PATHS NOT DEFINED or NO PLAYERSTART with positive rating
[2016.10.12-15.18.36:735][627]LogPlayerController:Error: EnableInput can only be specified on a PlayerController for itself
[2016.10.12-15.18.36:735][627]LogGameMode: Warning - PATHS NOT DEFINED or NO PLAYERSTART with positive rating
[2016.10.12-15.18.36:736][627]LogPlayerManagement:Error: Failed to Create Player: Maximum number of players (4) already created.  Unable to create more.
[2016.10.12-15.18.36:736][627]LogPlayerManagement:Error: Failed to Create Player: Maximum number of players (4) already created.  Unable to create more.
[2016.10.12-15.18.36:736][627]LogPlayerManagement:Error: Failed to Create Player: Maximum number of players (4) already created.  Unable to create more.
[2016.10.12-15.18.36:736][627]LogBlueprintUserMessages: [MenuController_C_1] Hello
[2016.10.12-15.18.36:736][627]LogBlueprintUserMessages: [MenuController_C_2] Hello
[2016.10.12-15.18.36:736][627]LogBlueprintUserMessages: [MenuController_C_3] Hello
[2016.10.12-15.18.36:736][627]LogGameState: Match State Changed from WaitingToStart to InProgress
[2016.10.12-15.18.36:738][627]PIE: Info Play in editor start time for /Game/UEDPIE_0_StartLevel 0.346
[2016.10.12-15.18.36:738][627]LogBlueprintUserMessages: Late PlayInEditor Detection: Level '/Game/StartLevel.StartLevel:PersistentLevel' has LevelScriptBlueprint '/Game/StartLevel.StartLevel:PersistentLevel.StartLevel' with GeneratedClass '/Game/StartLevel.StartLevel_C' with ClassGeneratedBy '/Game/StartLevel.StartLevel:PersistentLevel.StartLevel'
[2016.10.12-15.18.36:754][627]LogRenderer: Reallocating scene render targets to support 1292x756 (Frame:8334).
[2016.10.12-15.18.37:800][728]LogBlueprintUserMessages: [MenuController_C_0] 0
[2016.10.12-15.18.37:982][728]LogCrashTracker: 


[2016.10.12-15.18.37:982][728]LogCrashTracker: 


[2016.10.12-15.18.37:982][728]LogWindows:Error: === Critical error: ===
[2016.10.12-15.18.37:982][728]LogWindows:Error: 
[2016.10.12-15.18.37:982][728]LogWindows:Error: Fatal error!
[2016.10.12-15.18.37:982][728]LogWindows:Error: 
[2016.10.12-15.18.37:982][728]LogWindows:Error: Unhandled Exception: EXCEPTION_ACCESS_VIOLATION writing address 0x00000000
[2016.10.12-15.18.37:982][728]LogWindows:Error: 
[2016.10.12-15.18.37:982][728]LogWindows:Error: UE4Editor-CoreUObject.dll
[2016.10.12-15.18.37:982][728]LogWindows:Error: UE4Editor-CoreUObject.dll
[2016.10.12-15.18.37:982][728]LogWindows:Error: UE4Editor-CoreUObject.dll
[2016.10.12-15.18.37:982][728]LogWindows:Error: UE4Editor-CoreUObject.dll
[2016.10.12-15.18.37:982][728]LogWindows:Error: UE4Editor-CoreUObject.dll
[2016.10.12-15.18.37:982][728]LogWindows:Error: UE4Editor-CoreUObject.dll
[2016.10.12-15.18.37:982][728]LogWindows:Error: UE4Editor-CoreUObject.dll
[2016.10.12-15.18.37:982][728]LogWindows:Error: UE4Editor-CoreUObject.dll
[2016.10.12-15.18.37:982][728]LogWindows:Error: UE4Editor-Engine.dll
[2016.10.12-15.18.37:982][728]LogWindows:Error: UE4Editor-Engine.dll
[2016.10.12-15.18.37:982][728]LogWindows:Error: UE4Editor-Engine.dll
[2016.10.12-15.18.37:982][728]LogWindows:Error: UE4Editor-Engine.dll
[2016.10.12-15.18.37:982][728]LogWindows:Error: UE4Editor-Engine.dll
[2016.10.12-15.18.37:982][728]LogWindows:Error: UE4Editor-Engine.dll
[2016.10.12-15.18.37:982][728]LogWindows:Error: UE4Editor-Engine.dll
[2016.10.12-15.18.37:982][728]LogWindows:Error: UE4Editor-Engine.dll
[2016.10.12-15.18.37:982][728]LogWindows:Error: UE4Editor-Engine.dll
[2016.10.12-15.18.37:982][728]LogWindows:Error: UE4Editor-Engine.dll
[2016.10.12-15.18.37:982][728]LogWindows:Error: UE4Editor-Engine.dll
[2016.10.12-15.18.37:982][728]LogWindows:Error: UE4Editor-Core.dll
[2016.10.12-15.18.37:982][728]LogWindows:Error: UE4Editor-Core.dll
[2016.10.12-15.18.37:982][728]LogWindows:Error: UE4Editor-Core.dll
[2016.10.12-15.18.37:982][728]LogWindows:Error: UE4Editor-Engine.dll
[2016.10.12-15.18.37:982][728]LogWindows:Error: UE4Editor-Engine.dll
[2016.10.12-15.18.37:982][728]LogWindows:Error: UE4Editor-Engine.dll
[2016.10.12-15.18.37:982][728]LogWindows:Error: UE4Editor-Engine.dll
[2016.10.12-15.18.37:982][728]LogWindows:Error: UE4Editor-UnrealEd.dll
[2016.10.12-15.18.37:982][728]LogWindows:Error: UE4Editor-UnrealEd.dll
[2016.10.12-15.18.37:982][728]LogWindows:Error: UE4Editor.exe
[2016.10.12-15.18.37:982][728]LogWindows:Error: UE4Editor.exe
[2016.10.12-15.18.37:982][728]LogWindows:Error: UE4Editor.exe
[2016.10.12-15.18.37:982][728]LogWindows:Error: UE4Editor.exe
[2016.10.12-15.18.37:982][728]LogWindows:Error: UE4Editor.exe
[2016.10.12-15.18.37:982][728]LogWindows:Error: kernel32.dll
[2016.10.12-15.18.37:982][728]LogWindows:Error: ntdll.dll
[2016.10.12-15.18.37:982][728]LogWindows:Error: ntdll.dll
[2016.10.12-15.18.37:982][728]LogWindows:Error: 
[2016.10.12-15.18.37:998][728]LogExit: Executing StaticShutdownAfterError
[2016.10.12-15.18.38:001][728]LogWindows: FPlatformMisc::RequestExit(1)
[2016.10.12-15.18.38:001][728]Log file closed, 10/12/16 17:18:38
