Log file open, 10/12/16 12:02:24
LogInit:Display: Running engine for game: PartyGame
LogPlatformFile: Not using cached read wrapper
LogInit:Display: RandInit(-2102709813) SRandInit(-2102709812).
LogTaskGraph: Started task graph with 5 named threads and 8 total threads with 1 sets of task threads.
LogStats: Stats thread started at 0.063683
LogPluginManager: Loaded Plugin Paper2D, From C:/Program Files (x86)/Epic Games/4.13/Engine/Plugins/2D/Paper2D/Paper2D.uplugin
LogPluginManager: Loaded Plugin LightPropagationVolume, From C:/Program Files (x86)/Epic Games/4.13/Engine/Plugins/Blendables/LightPropagationVolume/LightPropagationVolume.uplugin
LogPluginManager: Loaded Plugin BlankPlugin, From C:/Program Files (x86)/Epic Games/4.13/Engine/Plugins/Developer/BlankPlugin/BlankPlugin.uplugin
LogPluginManager: Loaded Plugin CodeLiteSourceCodeAccess, From C:/Program Files (x86)/Epic Games/4.13/Engine/Plugins/Developer/CodeLiteSourceCodeAccess/CodeLiteSourceCodeAccess.uplugin
LogPluginManager: Loaded Plugin GitSourceControl, From C:/Program Files (x86)/Epic Games/4.13/Engine/Plugins/Developer/GitSourceControl/GitSourceControl.uplugin
LogPluginManager: Loaded Plugin KDevelopSourceCodeAccess, From C:/Program Files (x86)/Epic Games/4.13/Engine/Plugins/Developer/KDevelopSourceCodeAccess/KDevelopSourceCodeAccess.uplugin
LogPluginManager: Loaded Plugin NullSourceCodeAccess, From C:/Program Files (x86)/Epic Games/4.13/Engine/Plugins/Developer/NullSourceCodeAccess/NullSourceCodeAccess.uplugin
LogPluginManager: Loaded Plugin OneSkyLocalizationService, From C:/Program Files (x86)/Epic Games/4.13/Engine/Plugins/Developer/OneSkyLocalizationService/OneSkyLocalizationService.uplugin
LogPluginManager: Loaded Plugin PerforceSourceControl, From C:/Program Files (x86)/Epic Games/4.13/Engine/Plugins/Developer/PerforceSourceControl/PerforceSourceControl.uplugin
LogPluginManager: Loaded Plugin SubversionSourceControl, From C:/Program Files (x86)/Epic Games/4.13/Engine/Plugins/Developer/SubversionSourceControl/SubversionSourceControl.uplugin
LogPluginManager: Loaded Plugin UObjectPlugin, From C:/Program Files (x86)/Epic Games/4.13/Engine/Plugins/Developer/UObjectPlugin/UObjectPlugin.uplugin
LogPluginManager: Loaded Plugin VisualStudioSourceCodeAccess, From C:/Program Files (x86)/Epic Games/4.13/Engine/Plugins/Developer/VisualStudioSourceCodeAccess/VisualStudioSourceCodeAccess.uplugin
LogPluginManager: Loaded Plugin XCodeSourceCodeAccess, From C:/Program Files (x86)/Epic Games/4.13/Engine/Plugins/Developer/XCodeSourceCodeAccess/XCodeSourceCodeAccess.uplugin
LogPluginManager: Loaded Plugin EpicSurvey, From C:/Program Files (x86)/Epic Games/4.13/Engine/Plugins/Editor/EpicSurvey/EpicSurvey.uplugin
LogPluginManager: Loaded Plugin MacGraphicsSwitching, From C:/Program Files (x86)/Epic Games/4.13/Engine/Plugins/Editor/MacGraphicsSwitching/MacGraphicsSwitching.uplugin
LogPluginManager: Loaded Plugin MobileLauncherProfileWizard, From C:/Program Files (x86)/Epic Games/4.13/Engine/Plugins/Editor/MobileLauncherProfileWizard/MobileLauncherProfileWizard.uplugin
LogPluginManager: Loaded Plugin PluginBrowser, From C:/Program Files (x86)/Epic Games/4.13/Engine/Plugins/Editor/PluginBrowser/PluginBrowser.uplugin
LogPluginManager: Loaded Plugin SpeedTreeImporter, From C:/Program Files (x86)/Epic Games/4.13/Engine/Plugins/Editor/SpeedTreeImporter/SpeedTreeImporter.uplugin
LogPluginManager: Loaded Plugin SuperSearchEditor, From C:/Program Files (x86)/Epic Games/4.13/Engine/Plugins/Editor/SuperSearchEditor/SuperSearchEditor.uplugin
LogPluginManager: Loaded Plugin AlembicImporter, From C:/Program Files (x86)/Epic Games/4.13/Engine/Plugins/Experimental/AlembicImporter/AlembicImporter.uplugin
LogPluginManager: Loaded Plugin BlueprintStats, From C:/Program Files (x86)/Epic Games/4.13/Engine/Plugins/Experimental/BlueprintStats/BlueprintStats.uplugin
LogPluginManager: Loaded Plugin CharacterAI, From C:/Program Files (x86)/Epic Games/4.13/Engine/Plugins/Experimental/CharacterAI/CharacterAI.uplugin
LogPluginManager: Loaded Plugin CodeEditor, From C:/Program Files (x86)/Epic Games/4.13/Engine/Plugins/Experimental/CodeEditor/CodeEditor.uplugin
LogPluginManager: Loaded Plugin CodeView, From C:/Program Files (x86)/Epic Games/4.13/Engine/Plugins/Experimental/CodeView/CodeView.uplugin
LogPluginManager: Loaded Plugin HTML5Networking, From C:/Program Files (x86)/Epic Games/4.13/Engine/Plugins/Experimental/HTML5Networking/HTML5Networking.uplugin
LogPluginManager: Loaded Plugin LiveEditor, From C:/Program Files (x86)/Epic Games/4.13/Engine/Plugins/Experimental/LiveEditor/LiveEditor.uplugin
LogPluginManager: Loaded Plugin OSVR, From C:/Program Files (x86)/Epic Games/4.13/Engine/Plugins/Experimental/OSVR/OSVR.uplugin
LogPluginManager: Loaded Plugin Phya, From C:/Program Files (x86)/Epic Games/4.13/Engine/Plugins/Experimental/Phya/Phya.uplugin
LogPluginManager: Loaded Plugin SignificanceManager, From C:/Program Files (x86)/Epic Games/4.13/Engine/Plugins/Experimental/SignificanceManager/SignificanceManager.uplugin
LogPluginManager: Loaded Plugin SimpleHMD, From C:/Program Files (x86)/Epic Games/4.13/Engine/Plugins/Experimental/SimpleHMD/SimpleHMD.uplugin
LogPluginManager: Loaded Plugin StereoPanorama, From C:/Program Files (x86)/Epic Games/4.13/Engine/Plugins/Experimental/StereoPanorama/StereoPanorama.uplugin
LogPluginManager: Loaded Plugin StructBox, From C:/Program Files (x86)/Epic Games/4.13/Engine/Plugins/Experimental/StructBox/StructBox.uplugin
LogPluginManager: Loaded Plugin AndroidMedia, From C:/Program Files (x86)/Epic Games/4.13/Engine/Plugins/Media/AndroidMedia/AndroidMedia.uplugin
LogPluginManager: Loaded Plugin AvfMedia, From C:/Program Files (x86)/Epic Games/4.13/Engine/Plugins/Media/AvfMedia/AvfMedia.uplugin
LogPluginManager: Loaded Plugin MediaPlayerEditor, From C:/Program Files (x86)/Epic Games/4.13/Engine/Plugins/Media/MediaPlayerEditor/MediaPlayerEditor.uplugin
LogPluginManager: Loaded Plugin WmfMedia, From C:/Program Files (x86)/Epic Games/4.13/Engine/Plugins/Media/WmfMedia/WmfMedia.uplugin
LogPluginManager: Loaded Plugin MessagingDebugger, From C:/Program Files (x86)/Epic Games/4.13/Engine/Plugins/Messaging/MessagingDebugger/MessagingDebugger.uplugin
LogPluginManager: Loaded Plugin TcpMessaging, From C:/Program Files (x86)/Epic Games/4.13/Engine/Plugins/Messaging/TcpMessaging/TcpMessaging.uplugin
LogPluginManager: Loaded Plugin UdpMessaging, From C:/Program Files (x86)/Epic Games/4.13/Engine/Plugins/Messaging/UdpMessaging/UdpMessaging.uplugin
LogPluginManager: Loaded Plugin LevelSequenceEditor, From C:/Program Files (x86)/Epic Games/4.13/Engine/Plugins/MovieScene/LevelSequenceEditor/LevelSequenceEditor.uplugin
LogPluginManager: Loaded Plugin MatineeToLevelSequence, From C:/Program Files (x86)/Epic Games/4.13/Engine/Plugins/MovieScene/MatineeToLevelSequence/MatineeToLevelSequence.uplugin
LogPluginManager: Loaded Plugin NetcodeUnitTest, From C:/Program Files (x86)/Epic Games/4.13/Engine/Plugins/NetcodeUnitTest/NetcodeUnitTest/NetcodeUnitTest.uplugin
LogPluginManager: Loaded Plugin NUTUnrealEngine4, From C:/Program Files (x86)/Epic Games/4.13/Engine/Plugins/NetcodeUnitTest/NUTUnrealEngine4/NUTUnrealEngine4.uplugin
LogPluginManager: Loaded Plugin OnlineSubsystemGooglePlay, From C:/Program Files (x86)/Epic Games/4.13/Engine/Plugins/Online/Android/OnlineSubsystemGooglePlay/OnlineSubsystemGooglePlay.uplugin
LogPluginManager: Loaded Plugin OnlineSubsystemIOS, From C:/Program Files (x86)/Epic Games/4.13/Engine/Plugins/Online/IOS/OnlineSubsystemIOS/OnlineSubsystemIOS.uplugin
LogPluginManager: Loaded Plugin OnlineFramework, From C:/Program Files (x86)/Epic Games/4.13/Engine/Plugins/Online/OnlineFramework/OnlineFramework.uplugin
LogPluginManager: Loaded Plugin OnlineSubsystem, From C:/Program Files (x86)/Epic Games/4.13/Engine/Plugins/Online/OnlineSubsystem/OnlineSubsystem.uplugin
LogPluginManager: Loaded Plugin OnlineSubsystemAmazon, From C:/Program Files (x86)/Epic Games/4.13/Engine/Plugins/Online/OnlineSubsystemAmazon/OnlineSubsystemAmazon.uplugin
LogPluginManager: Loaded Plugin OnlineSubsystemFacebook, From C:/Program Files (x86)/Epic Games/4.13/Engine/Plugins/Online/OnlineSubsystemFacebook/OnlineSubsystemFacebook.uplugin
LogPluginManager: Loaded Plugin OnlineSubsystemNull, From C:/Program Files (x86)/Epic Games/4.13/Engine/Plugins/Online/OnlineSubsystemNull/OnlineSubsystemNull.uplugin
LogPluginManager: Loaded Plugin OnlineSubsystemOculus, From C:/Program Files (x86)/Epic Games/4.13/Engine/Plugins/Online/OnlineSubsystemOculus/OnlineSubsystemOculus.uplugin
LogPluginManager: Loaded Plugin OnlineSubsystemSteam, From C:/Program Files (x86)/Epic Games/4.13/Engine/Plugins/Online/OnlineSubsystemSteam/OnlineSubsystemSteam.uplugin
LogPluginManager: Loaded Plugin OnlineSubsystemUtils, From C:/Program Files (x86)/Epic Games/4.13/Engine/Plugins/Online/OnlineSubsystemUtils/OnlineSubsystemUtils.uplugin
LogPluginManager: Loaded Plugin IOSTapJoy, From C:/Program Files (x86)/Epic Games/4.13/Engine/Plugins/Runtime/Advertising/IOSTapJoy/IOSTapJoy.uplugin
LogPluginManager: Loaded Plugin AnalyticsBlueprintLibrary, From C:/Program Files (x86)/Epic Games/4.13/Engine/Plugins/Runtime/Analytics/AnalyticsBlueprintLibrary/AnalyticsBlueprintLibrary.uplugin
LogPluginManager: Loaded Plugin AnalyticsMulticast, From C:/Program Files (x86)/Epic Games/4.13/Engine/Plugins/Runtime/Analytics/AnalyticsMulticast/AnalyticsMulticast.uplugin
LogPluginManager: Loaded Plugin Apsalar, From C:/Program Files (x86)/Epic Games/4.13/Engine/Plugins/Runtime/Analytics/Apsalar/Apsalar.uplugin
LogPluginManager: Loaded Plugin FileLogging, From C:/Program Files (x86)/Epic Games/4.13/Engine/Plugins/Runtime/Analytics/FileLogging/FileLogging.uplugin
LogPluginManager: Loaded Plugin Flurry, From C:/Program Files (x86)/Epic Games/4.13/Engine/Plugins/Runtime/Analytics/Flurry/Flurry.uplugin
LogPluginManager: Loaded Plugin AndroidDeviceProfileSelector, From C:/Program Files (x86)/Epic Games/4.13/Engine/Plugins/Runtime/AndroidDeviceProfileSelector/AndroidDeviceProfileSelector.uplugin
LogPluginManager: Loaded Plugin AndroidMoviePlayer, From C:/Program Files (x86)/Epic Games/4.13/Engine/Plugins/Runtime/AndroidMoviePlayer/AndroidMoviePlayer.uplugin
LogPluginManager: Loaded Plugin AppleMoviePlayer, From C:/Program Files (x86)/Epic Games/4.13/Engine/Plugins/Runtime/AppleMoviePlayer/AppleMoviePlayer.uplugin
LogPluginManager: Loaded Plugin ArchVisCharacter, From C:/Program Files (x86)/Epic Games/4.13/Engine/Plugins/Runtime/ArchVisCharacter/ArchVisCharacter.uplugin
LogPluginManager: Loaded Plugin CableComponent, From C:/Program Files (x86)/Epic Games/4.13/Engine/Plugins/Runtime/CableComponent/CableComponent.uplugin
LogPluginManager: Loaded Plugin CustomMeshComponent, From C:/Program Files (x86)/Epic Games/4.13/Engine/Plugins/Runtime/CustomMeshComponent/CustomMeshComponent.uplugin
LogPluginManager: Loaded Plugin ExampleDeviceProfileSelector, From C:/Program Files (x86)/Epic Games/4.13/Engine/Plugins/Runtime/ExampleDeviceProfileSelector/ExampleDeviceProfileSelector.uplugin
LogPluginManager: Loaded Plugin GearVR, From C:/Program Files (x86)/Epic Games/4.13/Engine/Plugins/Runtime/GearVR/GearVR.uplugin
LogPluginManager: Loaded Plugin GoogleVRController, From C:/Program Files (x86)/Epic Games/4.13/Engine/Plugins/Runtime/GoogleVR/GoogleVRController/GoogleVRController.uplugin
LogPluginManager: Loaded Plugin GoogleVRHMD, From C:/Program Files (x86)/Epic Games/4.13/Engine/Plugins/Runtime/GoogleVR/GoogleVRHMD/GoogleVRHMD.uplugin
LogPluginManager: Loaded Plugin IOSDeviceProfileSelector, From C:/Program Files (x86)/Epic Games/4.13/Engine/Plugins/Runtime/IOSDeviceProfileSelector/IOSDeviceProfileSelector.uplugin
LogPluginManager: Loaded Plugin LeapMotion, From C:/Program Files (x86)/Epic Games/4.13/Engine/Plugins/Runtime/LeapMotion/LeapMotion.uplugin
LogPluginManager: Loaded Plugin LinuxDeviceProfileSelector, From C:/Program Files (x86)/Epic Games/4.13/Engine/Plugins/Runtime/LinuxDeviceProfileSelector/LinuxDeviceProfileSelector.uplugin
LogPluginManager: Loaded Plugin LiveEditorListenServer, From C:/Program Files (x86)/Epic Games/4.13/Engine/Plugins/Runtime/LiveEditorListenServer/LiveEditorListenServer.uplugin
LogPluginManager: Loaded Plugin OculusAudio, From C:/Program Files (x86)/Epic Games/4.13/Engine/Plugins/Runtime/OculusAudio/OculusAudio.uplugin
LogPluginManager: Loaded Plugin OculusInput, From C:/Program Files (x86)/Epic Games/4.13/Engine/Plugins/Runtime/OculusInput/OculusInput.uplugin
LogPluginManager: Loaded Plugin OculusLibrary, From C:/Program Files (x86)/Epic Games/4.13/Engine/Plugins/Runtime/OculusLibrary/OculusLibrary.uplugin
LogPluginManager: Loaded Plugin OculusRift, From C:/Program Files (x86)/Epic Games/4.13/Engine/Plugins/Runtime/OculusRift/OculusRift.uplugin
LogPluginManager: Loaded Plugin Oodle, From C:/Program Files (x86)/Epic Games/4.13/Engine/Plugins/Runtime/PacketHandlers/CompressionComponents/Oodle/Oodle.uplugin
LogPluginManager: Loaded Plugin ProceduralMeshComponent, From C:/Program Files (x86)/Epic Games/4.13/Engine/Plugins/Runtime/ProceduralMeshComponent/ProceduralMeshComponent.uplugin
LogPluginManager: Loaded Plugin SoundMod, From C:/Program Files (x86)/Epic Games/4.13/Engine/Plugins/Runtime/SoundMod/SoundMod.uplugin
LogPluginManager: Loaded Plugin SoundVisualizations, From C:/Program Files (x86)/Epic Games/4.13/Engine/Plugins/Runtime/SoundVisualizations/SoundVisualizations.uplugin
LogPluginManager: Loaded Plugin SteamController, From C:/Program Files (x86)/Epic Games/4.13/Engine/Plugins/Runtime/Steam/SteamController/SteamController.uplugin
LogPluginManager: Loaded Plugin SteamVR, From C:/Program Files (x86)/Epic Games/4.13/Engine/Plugins/Runtime/Steam/SteamVR/SteamVR.uplugin
LogPluginManager: Loaded Plugin WebBrowserWidget, From C:/Program Files (x86)/Epic Games/4.13/Engine/Plugins/Runtime/WebBrowserWidget/WebBrowserWidget.uplugin
LogPluginManager: Loaded Plugin WindowsDeviceProfileSelector, From C:/Program Files (x86)/Epic Games/4.13/Engine/Plugins/Runtime/WindowsDeviceProfileSelector/WindowsDeviceProfileSelector.uplugin
LogPluginManager: Loaded Plugin WindowsMoviePlayer, From C:/Program Files (x86)/Epic Games/4.13/Engine/Plugins/Runtime/WindowsMoviePlayer/WindowsMoviePlayer.uplugin
LogPluginManager: Loaded Plugin ScriptPlugin, From C:/Program Files (x86)/Epic Games/4.13/Engine/Plugins/ScriptPlugin/ScriptPlugin.uplugin
LogPluginManager: Loaded Plugin SlateRemote, From C:/Program Files (x86)/Epic Games/4.13/Engine/Plugins/Slate/SlateRemote/SlateRemote.uplugin
LogInit: Using libcurl 7.47.1
LogInit:  - built for x86_64-pc-win32
LogInit:  - supports SSL with WinSSL
LogInit:  - other features:
LogInit:      CURL_VERSION_SSL
LogInit:      CURL_VERSION_IPV6
LogInit:      CURL_VERSION_ASYNCHDNS
LogInit:      CURL_VERSION_LARGEFILE
LogInit:      CURL_VERSION_IDN
LogInit:  CurlRequestOptions (configurable via config and command line):
LogInit:  - bVerifyPeer = false  - Libcurl will NOT verify peer certificate
LogInit:  - bUseHttpProxy = false  - Libcurl will NOT use HTTP proxy
LogInit:  - bDontReuseConnections = false  - Libcurl will reuse connections
LogInit:  - CertBundlePath = nullptr  - Libcurl will use whatever was configured at build time.
LogInit: Build: ++UE4+Release-4.13-CL-3142249
LogInit: Engine Version: 4.13.1-3142249+++UE4+Release-4.13
LogInit: Compatible Engine Version: 4.13.0-3106830+++UE4+Release-4.13
LogInit: Net CL: 3142249
LogDevObjectVersion: Number of dev versions registered: 13
LogDevObjectVersion:   Dev-Blueprints (B0D832E4-1F89-4F0D-ACCF-7EB736FD4AA2): 5
LogDevObjectVersion:   Dev-Build (E1C64328-A22C-4D53-A36C-8E866417BD8C): 0
LogDevObjectVersion:   Dev-Core (375EC13C-06E4-48FB-B500-84F0262A717E): 1
LogDevObjectVersion:   Dev-Editor (E4B068ED-F494-42E9-A231-DA0B2E46BB41): 6
LogDevObjectVersion:   Dev-Framework (CFFC743F-43B0-4480-9391-14DF171D2073): 12
LogDevObjectVersion:   Dev-Mobile (B02B49B5-BB20-44E9-A304-32B752E40360): 0
LogDevObjectVersion:   Dev-Networking (A4E4105C-59A1-49B5-A7C5-40C4547EDFEE): 0
LogDevObjectVersion:   Dev-Online (39C831C9-5AE6-47DC-9A44-9C173E1C8E7C): 0
LogDevObjectVersion:   Dev-Physics (78F01B33-EBEA-4F98-B9B4-84EACCB95AA2): 0
LogDevObjectVersion:   Dev-Platform (6631380F-2D4D-43E0-8009-CF276956A95A): 0
LogDevObjectVersion:   Dev-Rendering (12F88B9F-8875-4AFC-A67C-D90C383ABD29): 4
LogDevObjectVersion:   Dev-Sequencer (7B5AE74C-D270-4C10-A958-57980B212A5A): 0
LogDevObjectVersion:   Dev-VR (D7296918-1DD6-4BDD-9DE2-64A83CC13884): 0
LogInit: Compiled (64-bit): Sep 28 2016 02:12:12
LogInit: Compiled with Visual C++: 19.00.23026.00
LogInit: Build Configuration: Development
LogInit: Branch Name: ++UE4+Release-4.13
LogInit: Command line:  
LogInit: Base directory: C:/Program Files (x86)/Epic Games/4.13/Engine/Binaries/Win64/
LogInit: Installed Engine Build: 1
LogInit: Presizing for max 8388607 objects, including 0 objects not considered by GC, pre-allocating 0 bytes for permanent pool.
LogInit: Object subsystem initialized
[2016.10.12-10.02.24:739][  0]LogInit: Selected Device Profile: [Windows]
[2016.10.12-10.02.24:739][  0]LogInit: Applying CVar settings loaded from the selected device profile: [Windows]
[2016.10.12-10.02.24:747][  0]LogInit: Computer: FGWH030
[2016.10.12-10.02.24:747][  0]LogInit: User: fredriktumlin
[2016.10.12-10.02.24:747][  0]LogInit: CPU Page size=65536, Cores=4
[2016.10.12-10.02.24:747][  0]LogInit: High frequency timer resolution =3.416015 MHz
[2016.10.12-10.02.24:747][  0]LogMemory: Memory total: Physical=15.9GB (16GB approx)
[2016.10.12-10.02.24:747][  0]LogMemory: Platform Memory Stats for Windows
[2016.10.12-10.02.24:747][  0]LogMemory: Process Physical Memory: 255.95 MB used, 255.95 MB peak
[2016.10.12-10.02.24:747][  0]LogMemory: Process Virtual Memory: 260.61 MB used, 260.61 MB peak
[2016.10.12-10.02.24:747][  0]LogMemory: Physical Memory: 5789.60 MB used, 16327.00 MB total
[2016.10.12-10.02.24:747][  0]LogMemory: Virtual Memory: 591.65 MB used, 8388608.00 MB total
[2016.10.12-10.02.24:775][  0]LogTextLocalizationManager: No translations for ('sv-SE') exist, falling back to 'en' for localization and internationalization data.
[2016.10.12-10.02.25:251][  0]LogD3D11RHI: D3D11 adapters:
[2016.10.12-10.02.25:268][  0]LogD3D11RHI:    0. 'NVIDIA GeForce GTX 960' (Feature Level 11_0)
[2016.10.12-10.02.25:268][  0]LogD3D11RHI:       1969/0/2048 MB DedicatedVideo/DedicatedSystem/SharedSystem, Outputs:2, VendorId:0x10de
[2016.10.12-10.02.25:268][  0]LogD3D11RHI: Chosen D3D11 Adapter: 0
[2016.10.12-10.02.25:271][  0]LogD3D11RHI: Creating new Direct3DDevice
[2016.10.12-10.02.25:271][  0]LogD3D11RHI:     GPU DeviceId: 0x1401 (for the marketing name, search the web for "GPU Device Id")
[2016.10.12-10.02.25:271][  0]LogWindows: EnumDisplayDevices:
[2016.10.12-10.02.25:272][  0]LogWindows:    0. 'NVIDIA GeForce GTX 960' (P:1 D:1)
[2016.10.12-10.02.25:272][  0]LogWindows:    1. 'NVIDIA GeForce GTX 960' (P:0 D:1)
[2016.10.12-10.02.25:272][  0]LogWindows:    2. 'NVIDIA GeForce GTX 960' (P:0 D:0)
[2016.10.12-10.02.25:272][  0]LogWindows:    3. 'NVIDIA GeForce GTX 960' (P:0 D:0)
[2016.10.12-10.02.25:272][  0]LogWindows:    4. 'RDPDD Chained DD' (P:0 D:0)
[2016.10.12-10.02.25:272][  0]LogWindows:    5. 'RDP Encoder Mirror Driver' (P:0 D:0)
[2016.10.12-10.02.25:272][  0]LogWindows:    6. 'RDP Reflector Display Driver' (P:0 D:0)
[2016.10.12-10.02.25:272][  0]LogWindows: DebugString: GetVideoDriverDetailsInvalid PrimaryIsNotTheChoosenAdapter GetVideoDriverDetailsInvalid PrimaryIsNotTheChoosenAdapter GetVideoDriverDetailsInvalid PrimaryIsNotTheChoosenAdapter FoundDriverCount:4 
[2016.10.12-10.02.25:272][  0]LogD3D11RHI:     Adapter Name: NVIDIA GeForce GTX 960
[2016.10.12-10.02.25:272][  0]LogD3D11RHI:   Driver Version: 359.00 (internal:10.18.13.5900, unified:359.00)
[2016.10.12-10.02.25:272][  0]LogD3D11RHI:      Driver Date: 11-13-2015
[2016.10.12-10.02.25:272][  0]LogRHI: Texture pool is 1361 MB (70% of 1945 MB)
[2016.10.12-10.02.25:278][  0]LogD3D11RHI: Async texture creation enabled
[2016.10.12-10.02.25:291][  0]LogD3D11RHI: GPU Timing Frequency: 1000.000000 (Debug: 2 2)
[2016.10.12-10.02.25:291][  0]LogShaderCompilers: Guid format shader working directory is 19 characters bigger than the processId version (D:/GITProjects/PartyGame/PartyGame/Intermediate/Shaders/WorkingDirectory/6964/).
[2016.10.12-10.02.25:291][  0]LogShaderCompilers: Cleaned the shader compiler working directory 'C:/Users/FREDRI~1.TUM/AppData/Local/Temp/UnrealShaderWorkingDir/C44016AE4E0CA7390F4AEBB193C807D2/'.
[2016.10.12-10.02.25:291][  0]LogShaderCompilers:Display: Using Local Shader Compiler.
[2016.10.12-10.02.26:092][  0]LogTemp:Display: Loaded TP AllDesktopTargetPlatform
[2016.10.12-10.02.26:098][  0]LogTemp:Display: Loaded TP WindowsClientTargetPlatform
[2016.10.12-10.02.26:105][  0]LogTemp:Display: Loaded TP WindowsNoEditorTargetPlatform
[2016.10.12-10.02.26:111][  0]LogTemp:Display: Loaded TP WindowsServerTargetPlatform
[2016.10.12-10.02.26:117][  0]LogTemp:Display: Loaded TP WindowsTargetPlatform
[2016.10.12-10.02.26:123][  0]LogTemp:Display: Loaded TP AndroidTargetPlatform
[2016.10.12-10.02.26:128][  0]LogTemp:Display: Loaded TP Android_ASTCTargetPlatform
[2016.10.12-10.02.26:133][  0]LogTemp:Display: Loaded TP Android_ATCTargetPlatform
[2016.10.12-10.02.26:139][  0]LogTemp:Display: Loaded TP Android_DXTTargetPlatform
[2016.10.12-10.02.26:144][  0]LogTemp:Display: Loaded TP Android_ETC1TargetPlatform
[2016.10.12-10.02.26:149][  0]LogTemp:Display: Loaded TP Android_ETC2TargetPlatform
[2016.10.12-10.02.26:160][  0]LogTemp:Display: Loaded TP Android_MultiTargetPlatform
[2016.10.12-10.02.26:160][  0]LogTemp:Display: Loaded TP Android_PVRTCTargetPlatform
[2016.10.12-10.02.26:161][  0]LogTemp:Display: Loaded TP HTML5TargetPlatform
[2016.10.12-10.02.26:178][  0]LogTemp:Display: Loaded TP IOSTargetPlatform
[2016.10.12-10.02.26:183][  0]LogTemp:Display: Loaded TP TVOSTargetPlatform
[2016.10.12-10.02.26:188][  0]LogTemp:Display: Loaded TP LinuxClientTargetPlatform
[2016.10.12-10.02.26:194][  0]LogTemp:Display: Loaded TP LinuxNoEditorTargetPlatform
[2016.10.12-10.02.26:199][  0]LogTemp:Display: Loaded TP LinuxServerTargetPlatform
[2016.10.12-10.02.26:204][  0]LogTemp:Display: Loaded TP LinuxTargetPlatform
[2016.10.12-10.02.26:204][  0]LogTargetPlatformManager:Display: Building Assets For Windows
[2016.10.12-10.02.26:261][  0]LogDerivedDataCache:Display: Max Cache Size: 512 MB
[2016.10.12-10.02.26:315][  0]LogDerivedDataCache: Loaded boot cache 0.05s 62MB C:/Users/Fredrik.tumlin/AppData/Local/UnrealEngine/4.13/DerivedDataCache/Boot.ddc.
[2016.10.12-10.02.26:315][  0]LogDerivedDataCache:Display: Loaded Boot cache: C:/Users/Fredrik.tumlin/AppData/Local/UnrealEngine/4.13/DerivedDataCache/Boot.ddc
[2016.10.12-10.02.26:315][  0]LogDerivedDataCache: FDerivedDataBackendGraph:  Pak pak cache file D:/GITProjects/PartyGame/PartyGame/DerivedDataCache/DDC.ddp not found, will not use a pak cache.
[2016.10.12-10.02.26:315][  0]LogDerivedDataCache: Unable to find inner node Pak for hierarchical cache Hierarchy.
[2016.10.12-10.02.26:315][  0]LogDerivedDataCache: FDerivedDataBackendGraph:  CompressedPak pak cache file D:/GITProjects/PartyGame/PartyGame/DerivedDataCache/Compressed.ddp not found, will not use a pak cache.
[2016.10.12-10.02.26:315][  0]LogDerivedDataCache: Unable to find inner node CompressedPak for hierarchical cache Hierarchy.
[2016.10.12-10.02.26:330][  0]LogDerivedDataCache:Display: Pak cache opened for reading ../../../Engine/DerivedDataCache/Compressed.ddp.
[2016.10.12-10.02.26:341][  0]LogDerivedDataCache: Using Local data cache path C:/Users/Fredrik.tumlin/AppData/Local/UnrealEngine/Common/DerivedDataCache: Writable
[2016.10.12-10.02.26:503][  0]LogInit: Selected Device Profile: [Windows]
[2016.10.12-10.02.26:504][  0]LogMaterial: Uniform references updated for custom material expression Custom.
[2016.10.12-10.02.26:506][  0]LogContentStreaming: Texture pool size is 0.00 MB
[2016.10.12-10.02.26:618][  0]LogMeshUtilities: No automatic mesh reduction module available
[2016.10.12-10.02.26:618][  0]LogMeshUtilities: No automatic mesh merging module available
[2016.10.12-10.02.26:618][  0]LogMeshUtilities: No distributed automatic mesh merging module available
[2016.10.12-10.02.26:878][  0]LogNetVersion: GetLocalNetworkVersion: CL: 3106830, ProjectName: partygame, ProjectVersion: , EngineNetworkVersion: 1, GameNetworkVersion: 0, NetworkChecksum: 1851925081
[2016.10.12-10.02.26:912][  0]LogAssetRegistry: FAssetRegistry took 0.0196 seconds to start up
[2016.10.12-10.02.26:922][  0]LogPackageLocalizationCache: Processed 3 localized package path(s) for 1 prioritized culture(s) in 0.008200 seconds
[2016.10.12-10.02.26:927][  0]LogUObjectArray: 29778 objects as part of root set at end of initial load.
[2016.10.12-10.02.26:927][  0]LogUObjectAllocator: 6125456 out of 0 bytes used by permanent object pool.
[2016.10.12-10.02.26:927][  0]LogUObjectArray: CloseDisregardForGC: 0/0 objects in disregard for GC pool
[2016.10.12-10.02.26:931][  0]LogInit: WinSock: version 1.1 (2.2), MaxSocks=32767, MaxUdp=65467
[2016.10.12-10.02.27:091][  0]LogSlate: SlateFontCache - WITH_FREETYPE: 1, WITH_HARFBUZZ: 1
[2016.10.12-10.02.27:091][  0]LogSlate: SlateFontCache - WITH_FREETYPE: 1, WITH_HARFBUZZ: 1
[2016.10.12-10.02.27:584][  0]LogTcpMessaging: Initializing TcpMessaging bridge
[2016.10.12-10.02.27:603][  0]LogUdpMessaging: Initializing bridge on interface 0.0.0.0:0 to multicast group 230.0.0.1:6666.
[2016.10.12-10.02.27:843][  0]SourceControl: Info Source control is disabled
[2016.10.12-10.02.27:862][  0]SourceControl: Info Source control is disabled
[2016.10.12-10.02.27:870][  0]SourceControl: Info Source control is disabled
[2016.10.12-10.02.27:878][  0]SourceControl: Info Source control is disabled
[2016.10.12-10.02.28:164][  0]LogEngine: Initializing Engine...
[2016.10.12-10.02.28:164][  0]LogHMD: Failed to initialize OpenVR with code 110
[2016.10.12-10.02.28:282][  0]LogAIModule: Creating AISystem for world Untitled
[2016.10.12-10.02.28:291][  0]LogInit: XAudio2 using 'Högtalare (Realtek High Definition Audio)' : 2 channels at 48 kHz using 32 bits per sample (channel mask 0x3)
[2016.10.12-10.02.28:310][  0]LogInit: FAudioDevice initialized.
[2016.10.12-10.02.28:342][  0]LogDerivedDataCache: Saved boot cache 0.03s 62MB C:/Users/Fredrik.tumlin/AppData/Local/UnrealEngine/4.13/DerivedDataCache/Boot.ddc.
[2016.10.12-10.02.28:350][  0]LogInit: Texture streaming: Enabled
[2016.10.12-10.02.28:367][  0]LogInit: Transaction tracking system initialized
[2016.10.12-10.02.28:382][  0]BlueprintLog: New page: Editor Load
[2016.10.12-10.02.28:452][  0]LocalizationService: Info Localization service is disabled
[2016.10.12-10.02.28:510][  0]LogConsoleResponse:Display: 
[2016.10.12-10.02.28:598][  0]LogCook:Display: Max memory allowance for cook 16384mb min free memory 0mb
[2016.10.12-10.02.28:598][  0]LogCook:Display: Mobile HDR setting 1
[2016.10.12-10.02.28:721][  0]LogFileCache: Scanning file cache for directory 'D:/GITProjects/PartyGame/PartyGame/Content/' took 0.01s
[2016.10.12-10.02.28:721][  0]SourceControl: Info Source control is disabled
[2016.10.12-10.02.28:721][  0]Cmd: MAP LOAD FILE="../../../Engine/Content/Maps/Templates/Template_Default.umap" TEMPLATE=1 SHOWPROGRESS=1 FEATURELEVEL=3
[2016.10.12-10.02.28:721][  0]LightingResults: New page: Lighting Build
[2016.10.12-10.02.28:723][  0]MapCheck: New page: Map Check
[2016.10.12-10.02.28:723][  0]LightingResults: New page: Lighting Build
[2016.10.12-10.02.28:856][  0]LogAIModule: Creating AISystem for world Untitled_1
[2016.10.12-10.02.28:860][  0]LogEditorServer: Finished looking for orphan Actors (0.000 secs)
[2016.10.12-10.02.28:864][  0]Cmd: MAP CHECKDEP NOCLEARLOG
[2016.10.12-10.02.28:892][  0]MapCheck: Info Map check complete: 0 Error(s), 0 Warning(s), took 27.098ms to complete.
[2016.10.12-10.02.28:892][  0]LogFileHelpers: Loading map 'Template_Default' took 0.171
[2016.10.12-10.02.29:030][  0]LogCollectionManager: Loaded 0 collections in 0.001148 seconds
[2016.10.12-10.02.29:069][  0]LogFileCache: Scanning file cache for directory 'D:/GITProjects/PartyGame/PartyGame/Saved/Collections/' took 0.01s
[2016.10.12-10.02.29:069][  0]LogFileCache: Scanning file cache for directory 'D:/GITProjects/PartyGame/PartyGame/Content/Developers/fredriktumlin/Collections/' took 0.01s
[2016.10.12-10.02.29:069][  0]LogFileCache: Scanning file cache for directory 'D:/GITProjects/PartyGame/PartyGame/Content/Collections/' took 0.01s
[2016.10.12-10.02.29:069][  0]LogCollectionManager: Rebuilt the GUID cache for 0 collections in 0.000002 seconds
[2016.10.12-10.02.29:076][  0]LogContentBrowser: Native class hierarchy populated in 0.0075 seconds. Added 2144 classes and 417 folders.
[2016.10.12-10.02.29:079][  0]LogStats: UGameplayTagsManager::ConstructGameplayTagTree: Construct from data asset -  0.000 s
[2016.10.12-10.02.29:079][  0]LogStats: UGameplayTagsManager::ConstructGameplayTagTree: GameplayTagTreeChangedEvent.Broadcast -  0.000 s
[2016.10.12-10.02.29:080][  0]LogContentBrowser: Native class hierarchy updated for 'GameplayTags' in 0.0008 seconds. Added 12 classes and 0 folders.
[2016.10.12-10.02.29:083][  0]LogContentBrowser: Native class hierarchy updated for 'WidgetCarousel' in 0.0007 seconds. Added 0 classes and 0 folders.
[2016.10.12-10.02.29:112][  0]LogContentBrowser: Native class hierarchy updated for 'AddContentDialog' in 0.0008 seconds. Added 0 classes and 0 folders.
[2016.10.12-10.02.29:115][  0]LogContentBrowser: Native class hierarchy updated for 'SceneOutliner' in 0.0007 seconds. Added 1 classes and 2 folders.
[2016.10.12-10.02.29:153][  0]LogCrashTracker: Crashtracker disabled due to settings.
[2016.10.12-10.02.29:166][  0]LogUObjectGlobals:Warning: Failed to find object 'Class None.'
[2016.10.12-10.02.29:190][  0]LogContentBrowser: Native class hierarchy updated for 'HierarchicalLODOutliner' in 0.0007 seconds. Added 1 classes and 2 folders.
[2016.10.12-10.02.29:191][  0]LogLoad: (Engine Initialization) Total time: 5.27 seconds
[2016.10.12-10.02.29:191][  0]LogLoad: (Engine Initialization) Total Blueprint compile time: 0.04 seconds
[2016.10.12-10.02.29:191][  0]LogExternalProfiler: Found external profiler: VSPerf
[2016.10.12-10.02.29:191][  0]LogExternalProfiler: Using external profiler: VSPerf
[2016.10.12-10.02.29:203][  0]LogOcInput: OculusInput pre-init called
[2016.10.12-10.02.29:223][  0]LogContentStreaming: Texture pool size now 1000 MB
[2016.10.12-10.02.29:346][  0]LogRenderer: Reallocating scene render targets to support 1196x556 (Frame:2).
[2016.10.12-10.02.29:410][  1]LogAssetRegistry: Asset discovery search completed in 2.5184 seconds
[2016.10.12-10.02.29:410][  1]LogCollectionManager: Rebuilt the object cache for 0 collections in 0.000001 seconds (found 0 objects)
[2016.10.12-10.02.29:410][  1]LogCollectionManager: Fixed up redirectors for 0 collections in 0.000018 seconds (updated 0 objects)
[2016.10.12-10.02.35:256][691]LogLinker:Warning: CreateExport: Failed to load Parent for BlueprintGeneratedClass /Game/PlayerCharacter/Camera.Camera_C
[2016.10.12-10.02.35:257][691]LogLinker:Warning: CreateExport: Failed to load Parent for BlueprintGeneratedClass /Game/PlayerCharacter/Camera.Camera_C
[2016.10.12-10.02.35:257][691]LogLinker:Warning: CreateExport: Failed to load Parent for BlueprintGeneratedClass /Game/PlayerCharacter/Camera.Camera_C
[2016.10.12-10.02.35:257][691]LogLinker:Warning: CreateExport: Failed to load Parent for BlueprintGeneratedClass /Game/PlayerCharacter/Camera.Camera_C
[2016.10.12-10.02.35:257][691]LogLinker:Warning: CreateExport: Failed to load Parent for BlueprintGeneratedClass /Game/PlayerCharacter/Camera.Camera_C
[2016.10.12-10.02.35:257][691]LogLinker:Warning: CreateExport: Failed to load Parent for BlueprintGeneratedClass /Game/PlayerCharacter/Camera.Camera_C
[2016.10.12-10.02.35:257][691]LogLinker:Warning: CreateExport: Failed to load Parent for BlueprintGeneratedClass /Game/PlayerCharacter/Camera.Camera_C
[2016.10.12-10.02.35:257][691]LogLinker:Warning: CreateExport: Failed to load Parent for BlueprintGeneratedClass /Game/PlayerCharacter/Camera.Camera_C
[2016.10.12-10.02.35:257][691]LogLinker:Warning: CreateExport: Failed to load Parent for BlueprintGeneratedClass /Game/PlayerCharacter/Camera.Camera_C
[2016.10.12-10.02.35:257][691]LogLinker:Warning: CreateExport: Failed to load Parent for BlueprintGeneratedClass /Game/PlayerCharacter/Camera.Camera_C
[2016.10.12-10.02.35:257][691]LogLinker:Warning: CreateExport: Failed to load Parent for BlueprintGeneratedClass /Game/PlayerCharacter/Camera.Camera_C
[2016.10.12-10.02.35:258][691]LogLinker:Warning: CreateExport: Failed to load Parent for BlueprintGeneratedClass /Game/PlayerCharacter/Camera.Camera_C
[2016.10.12-10.02.35:258][691]LogLinker:Warning: CreateExport: Failed to load Parent for BlueprintGeneratedClass /Game/PlayerCharacter/Camera.Camera_C
[2016.10.12-10.02.35:260][691]LogLinker:Warning: CreateExport: Failed to load Parent for BlueprintGeneratedClass /Game/PlayerCharacter/Camera.Camera_C
[2016.10.12-10.02.35:260][691]LogLinker:Warning: CreateExport: Failed to load Parent for BlueprintGeneratedClass /Game/PlayerCharacter/Camera.Camera_C
[2016.10.12-10.02.35:260][691]LogLinker:Warning: CreateExport: Failed to load Parent for BlueprintGeneratedClass /Game/PlayerCharacter/Camera.Camera_C
[2016.10.12-10.02.35:260][691]LogLinker:Warning: CreateExport: Failed to load Parent for BlueprintGeneratedClass /Game/PlayerCharacter/Camera.Camera_C
[2016.10.12-10.02.35:260][691]LogLinker:Warning: CreateExport: Failed to load Parent for BlueprintGeneratedClass /Game/PlayerCharacter/Camera.Camera_C
[2016.10.12-10.02.35:262][691]LogBlueprint:Warning: [Compiler PersistentLevel.TestLevel] Warning Node  K2Node_Literal_0  is not referencing a valid level actor
[2016.10.12-10.02.35:263][691]LogBlueprint:Warning: [Compiler PersistentLevel.TestLevel] Warning [0011.34] Compile of PersistentLevel.TestLevel successful, but with 1 Warning(s) [in 0 ms] (/Game/TestLevel.TestLevel:PersistentLevel.TestLevel)
[2016.10.12-10.02.35:263][691]LogBlueprint:Warning: [Compiler PersistentLevel.TestLevel] Warning [0011.34] Compile of PersistentLevel.TestLevel successful, but with 2 Warning(s) [in 0 ms] (/Game/TestLevel.TestLevel:PersistentLevel.TestLevel)
[2016.10.12-10.02.35:263][691]LogBlueprint:Warning: [Compiler PersistentLevel.TestLevel] Warning [0011.34] Compile of PersistentLevel.TestLevel successful, but with 3 Warning(s) [in 0 ms] (/Game/TestLevel.TestLevel:PersistentLevel.TestLevel)
[2016.10.12-10.02.35:264][691]LogBlueprint:Warning: [Compiler PersistentLevel.TestLevel] Warning Node  K2Node_Literal_0  is not referencing a valid level actor
[2016.10.12-10.02.35:264][691]LogBlueprint:Warning: [Compiler PersistentLevel.TestLevel] Warning [0011.34] Compile of PersistentLevel.TestLevel successful, but with 1 Warning(s) [in 0 ms] (/Game/TestLevel.TestLevel:PersistentLevel.TestLevel)
[2016.10.12-10.02.35:264][691]LogBlueprint:Warning: [Compiler PersistentLevel.TestLevel] Warning [0011.34] Compile of PersistentLevel.TestLevel successful, but with 2 Warning(s) [in 0 ms] (/Game/TestLevel.TestLevel:PersistentLevel.TestLevel)
[2016.10.12-10.02.35:264][691]LogBlueprint:Warning: [Compiler PersistentLevel.TestLevel] Warning [0011.34] Compile of PersistentLevel.TestLevel successful, but with 3 Warning(s) [in 0 ms] (/Game/TestLevel.TestLevel:PersistentLevel.TestLevel)
[2016.10.12-10.02.35:265][691]LogLinker:Warning: CreateExport: Failed to load Parent for BlueprintGeneratedClass /Game/PlayerCharacter/Camera.Camera_C
[2016.10.12-10.02.35:265][691]LogLinker:Warning: CreateExport: Failed to load Parent for BlueprintGeneratedClass /Game/PlayerCharacter/Camera.Camera_C
[2016.10.12-10.02.35:265][691]LogLinker:Warning: CreateExport: Failed to load Parent for BlueprintGeneratedClass /Game/PlayerCharacter/Camera.Camera_C
[2016.10.12-10.02.35:266][691]LogLinker:Warning: CreateExport: Failed to load Parent for BlueprintGeneratedClass /Game/PlayerCharacter/Camera.Camera_C
[2016.10.12-10.02.35:266][691]LogLinker:Warning: CreateExport: Failed to load Parent for BlueprintGeneratedClass /Game/PlayerCharacter/Camera.Camera_C
[2016.10.12-10.02.35:266][691]LogLinker:Warning: CreateExport: Failed to load Parent for BlueprintGeneratedClass /Game/PlayerCharacter/Camera.Camera_C
[2016.10.12-10.02.35:266][691]LogLinker:Warning: CreateExport: Failed to load Parent for BlueprintGeneratedClass /Game/PlayerCharacter/Camera.Camera_C
[2016.10.12-10.02.35:269][691]LogAIModule: Creating AISystem for world TestLevel
[2016.10.12-10.02.35:285][691]Cmd: MAP LOAD FILE="D:/GITProjects/PartyGame/PartyGame/Content/TestLevel.umap" TEMPLATE=0 SHOWPROGRESS=1 FEATURELEVEL=3
[2016.10.12-10.02.35:285][691]LightingResults: New page: Lighting Build
[2016.10.12-10.02.35:286][691]LoadErrors: New page: Loading map: TestLevel.umap
[2016.10.12-10.02.35:286][691]MapCheck: New page: Map Check
[2016.10.12-10.02.35:286][691]LightingResults: New page: Lighting Build
[2016.10.12-10.02.35:326][691]LogEditorServer: Finished looking for orphan Actors (0.000 secs)
[2016.10.12-10.02.35:341][691]Cmd: MAP CHECKDEP NOCLEARLOG
[2016.10.12-10.02.35:367][691]MapCheck: Info Map check complete: 0 Error(s), 0 Warning(s), took 26.265ms to complete.
[2016.10.12-10.02.35:367][691]LogFileHelpers: Loading map 'TestLevel' took 0.083
[2016.10.12-10.02.35:373][691]LoadErrors:Warning: Warning CreateExport: Failed to load Outer for resource 'DefaultSceneRoot': BlueprintGeneratedClass /Game/PlayerCharacter/Camera.Camera_C
[2016.10.12-10.02.35:373][691]LoadErrors:Warning: Warning CreateExport: Failed to load Outer for resource 'SpringArm': BlueprintGeneratedClass /Game/PlayerCharacter/Camera.Camera_C
[2016.10.12-10.02.35:373][691]LoadErrors:Warning: Warning CreateExport: Failed to load Outer for resource 'Camera': BlueprintGeneratedClass /Game/PlayerCharacter/Camera.Camera_C
[2016.10.12-10.02.35:373][691]LoadErrors:Warning: Warning CreateExport: Failed to load Outer for resource 'ExecuteUbergraph_Camera': BlueprintGeneratedClass /Game/PlayerCharacter/Camera.Camera_C
[2016.10.12-10.02.35:373][691]LoadErrors:Warning: Warning CreateExport: Failed to load Outer for resource 'K2Node_Event_DeltaSeconds': Function /Game/PlayerCharacter/Camera.Camera_C:ExecuteUbergraph_Camera
[2016.10.12-10.02.35:373][691]LoadErrors:Warning: Warning CreateExport: Failed to load Outer for resource 'EntryPoint': Function /Game/PlayerCharacter/Camera.Camera_C:ExecuteUbergraph_Camera
[2016.10.12-10.02.35:373][691]LoadErrors:Warning: Warning CreateExport: Failed to load Outer for resource 'ReceiveTick': BlueprintGeneratedClass /Game/PlayerCharacter/Camera.Camera_C
[2016.10.12-10.02.35:373][691]LoadErrors:Warning: Warning CreateExport: Failed to load Outer for resource 'DeltaSeconds': Function /Game/PlayerCharacter/Camera.Camera_C:ReceiveTick
[2016.10.12-10.02.35:373][691]LoadErrors:Warning: Warning CreateExport: Failed to load Outer for resource 'UserConstructionScript': BlueprintGeneratedClass /Game/PlayerCharacter/Camera.Camera_C
[2016.10.12-10.02.35:373][691]LoadErrors:Warning: Warning CreateExport: Failed to load Outer for resource 'UberGraphFrame': BlueprintGeneratedClass /Game/PlayerCharacter/Camera.Camera_C
[2016.10.12-10.02.35:373][691]LoadErrors:Warning: Warning CreateExport: Failed to load Outer for resource 'Camera_GEN_VARIABLE': BlueprintGeneratedClass /Game/PlayerCharacter/Camera.Camera_C
[2016.10.12-10.02.35:373][691]LoadErrors:Warning: Warning CreateExport: Failed to load Outer for resource 'DefaultSceneRoot_GEN_VARIABLE': BlueprintGeneratedClass /Game/PlayerCharacter/Camera.Camera_C
[2016.10.12-10.02.35:373][691]LoadErrors:Warning: Warning CreateExport: Failed to load Outer for resource 'SimpleConstructionScript_0': BlueprintGeneratedClass /Game/PlayerCharacter/Camera.Camera_C
[2016.10.12-10.02.35:373][691]LoadErrors:Warning: Warning CreateExport: Failed to load Outer for resource 'SCS_Node_0': SimpleConstructionScript /Game/PlayerCharacter/Camera.Camera_C:SimpleConstructionScript_0
[2016.10.12-10.02.35:373][691]LoadErrors:Warning: Warning CreateExport: Failed to load Outer for resource 'SCS_Node_1': SimpleConstructionScript /Game/PlayerCharacter/Camera.Camera_C:SimpleConstructionScript_0
[2016.10.12-10.02.35:373][691]LoadErrors:Warning: Warning CreateExport: Failed to load Outer for resource 'SCS_Node_2': SimpleConstructionScript /Game/PlayerCharacter/Camera.Camera_C:SimpleConstructionScript_0
[2016.10.12-10.02.35:373][691]LoadErrors:Warning: Warning CreateExport: Failed to load Outer for resource 'SpringArm_GEN_VARIABLE': BlueprintGeneratedClass /Game/PlayerCharacter/Camera.Camera_C
[2016.10.12-10.02.35:373][691]LoadErrors:Warning: Warning CreateExport: Failed to load Outer for resource 'Camera': Camera_C /Game/TestLevel.TestLevel:PersistentLevel.Camera_344
[2016.10.12-10.02.35:373][691]LoadErrors:Warning: Warning CreateExport: Failed to load Outer for resource 'DefaultSceneRoot': Camera_C /Game/TestLevel.TestLevel:PersistentLevel.Camera_344
[2016.10.12-10.02.35:373][691]LoadErrors:Warning: Warning CreateExport: Failed to load Outer for resource 'SpringArm': Camera_C /Game/TestLevel.TestLevel:PersistentLevel.Camera_344
[2016.10.12-10.02.37:039][886]LogBlueprintUserMessages: Early PlayInEditor Detection: Level '/Game/TestLevel.TestLevel:PersistentLevel' has LevelScriptBlueprint '/Game/TestLevel.TestLevel:PersistentLevel.TestLevel' with GeneratedClass '/Game/TestLevel.TestLevel_C' with ClassGeneratedBy '/Game/TestLevel.TestLevel:PersistentLevel.TestLevel'
[2016.10.12-10.02.37:039][886]LogPlayLevel: PlayLevel: No blueprints needed recompiling
[2016.10.12-10.02.37:039][886]PIE: New page: PIE session: TestLevel (Oct 12, 2016, 1:02:37 PM)
[2016.10.12-10.02.37:039][886]LogPlayLevel: Creating play world package: /Game/UEDPIE_0_TestLevel
[2016.10.12-10.02.37:042][886]LogPlayLevel: PIE: StaticDuplicateObject took: (0.002347s)
[2016.10.12-10.02.37:043][886]LogAIModule: Creating AISystem for world TestLevel
[2016.10.12-10.02.37:043][886]LogPlayLevel: PIE: World Init took: (0.001477s)
[2016.10.12-10.02.37:043][886]LogPlayLevel: PIE: Created PIE world by copying editor world from /Game/TestLevel.TestLevel to /Game/UEDPIE_0_TestLevel.TestLevel (0.004027s)
[2016.10.12-10.02.37:054][886]LogInit: XAudio2 using 'Högtalare (Realtek High Definition Audio)' : 2 channels at 48 kHz using 32 bits per sample (channel mask 0x3)
[2016.10.12-10.02.37:060][886]LogInit: FAudioDevice initialized.
[2016.10.12-10.02.37:143][886]LogWorld: Game class is 'PartyGameMode_C'
[2016.10.12-10.02.37:147][886]LogWorld: Bringing World /Game/UEDPIE_0_TestLevel.TestLevel up for play (max tick rate 0) at 2016.10.12-12.02.37
[2016.10.12-10.02.37:147][886]LogWorld: Bringing up level for play took: 0.001578
[2016.10.12-10.02.37:150][886]LogContentBrowser: Native class hierarchy updated for 'MovieSceneCapture' in 0.0008 seconds. Added 11 classes and 0 folders.
[2016.10.12-10.02.37:151][886]LogGameMode:Display: Match State Changed from EnteringMap to WaitingToStart
[2016.10.12-10.02.37:151][886]LogGameState: Match State Changed from EnteringMap to WaitingToStart
[2016.10.12-10.02.37:151][886]LogGameMode:Display: Match State Changed from WaitingToStart to InProgress
[2016.10.12-10.02.37:153][886]LogGameState: Match State Changed from WaitingToStart to InProgress
[2016.10.12-10.02.37:153][886]PIE: Info Play in editor start time for /Game/UEDPIE_0_TestLevel 0.785
[2016.10.12-10.02.37:153][886]LogBlueprintUserMessages: Late PlayInEditor Detection: Level '/Game/TestLevel.TestLevel:PersistentLevel' has LevelScriptBlueprint '/Game/TestLevel.TestLevel:PersistentLevel.TestLevel' with GeneratedClass '/Game/TestLevel.TestLevel_C' with ClassGeneratedBy '/Game/TestLevel.TestLevel:PersistentLevel.TestLevel'
[2016.10.12-10.02.39:589][176]LogBlueprintUserMessages: Early EndPlayMap Detection: Level '/Game/TestLevel.TestLevel:PersistentLevel' has LevelScriptBlueprint '/Game/TestLevel.TestLevel:PersistentLevel.TestLevel' with GeneratedClass '/Game/TestLevel.TestLevel_C' with ClassGeneratedBy '/Game/TestLevel.TestLevel:PersistentLevel.TestLevel'
[2016.10.12-10.02.39:617][176]LogBlueprintUserMessages: Late EndPlayMap Detection: Level '/Game/TestLevel.TestLevel:PersistentLevel' has LevelScriptBlueprint '/Game/TestLevel.TestLevel:PersistentLevel.TestLevel' with GeneratedClass '/Game/TestLevel.TestLevel_C' with ClassGeneratedBy '/Game/TestLevel.TestLevel:PersistentLevel.TestLevel'
[2016.10.12-10.02.47:107][ 64]Cmd: MAP LOAD FILE="D:/GITProjects/PartyGame/PartyGame/Content/TestLevel.umap" TEMPLATE=0 SHOWPROGRESS=1 FEATURELEVEL=3
[2016.10.12-10.02.47:107][ 64]LightingResults: New page: Lighting Build
[2016.10.12-10.02.47:107][ 64]LoadErrors: New page: Loading map: TestLevel.umap
[2016.10.12-10.02.47:108][ 64]MapCheck: New page: Map Check
[2016.10.12-10.02.47:108][ 64]LightingResults: New page: Lighting Build
[2016.10.12-10.02.47:119][ 64]LogLinker:Warning: CreateExport: Failed to load Parent for BlueprintGeneratedClass /Game/PlayerCharacter/Camera.Camera_C
[2016.10.12-10.02.47:119][ 64]LogLinker:Warning: CreateExport: Failed to load Parent for BlueprintGeneratedClass /Game/PlayerCharacter/Camera.Camera_C
[2016.10.12-10.02.47:119][ 64]LogLinker:Warning: CreateExport: Failed to load Parent for BlueprintGeneratedClass /Game/PlayerCharacter/Camera.Camera_C
[2016.10.12-10.02.47:119][ 64]LogLinker:Warning: CreateExport: Failed to load Parent for BlueprintGeneratedClass /Game/PlayerCharacter/Camera.Camera_C
[2016.10.12-10.02.47:119][ 64]LogLinker:Warning: CreateExport: Failed to load Parent for BlueprintGeneratedClass /Game/PlayerCharacter/Camera.Camera_C
[2016.10.12-10.02.47:121][ 64]LogBlueprint:Warning: [Compiler PersistentLevel.TestLevel] Warning Node  K2Node_Literal_0  is not referencing a valid level actor
[2016.10.12-10.02.47:122][ 64]LogBlueprint:Warning: [Compiler PersistentLevel.TestLevel] Warning [0023.20] Compile of PersistentLevel.TestLevel successful, but with 1 Warning(s) [in 1 ms] (/Game/TestLevel.TestLevel:PersistentLevel.TestLevel)
[2016.10.12-10.02.47:122][ 64]LogBlueprint:Warning: [Compiler PersistentLevel.TestLevel] Warning [0023.20] Compile of PersistentLevel.TestLevel successful, but with 2 Warning(s) [in 0 ms] (/Game/TestLevel.TestLevel:PersistentLevel.TestLevel)
[2016.10.12-10.02.47:122][ 64]LogBlueprint:Warning: [Compiler PersistentLevel.TestLevel] Warning [0023.20] Compile of PersistentLevel.TestLevel successful, but with 3 Warning(s) [in 0 ms] (/Game/TestLevel.TestLevel:PersistentLevel.TestLevel)
[2016.10.12-10.02.47:123][ 64]LogBlueprint:Warning: [Compiler PersistentLevel.TestLevel] Warning Node  K2Node_Literal_0  is not referencing a valid level actor
[2016.10.12-10.02.47:123][ 64]LogBlueprint:Warning: [Compiler PersistentLevel.TestLevel] Warning [0023.20] Compile of PersistentLevel.TestLevel successful, but with 1 Warning(s) [in 0 ms] (/Game/TestLevel.TestLevel:PersistentLevel.TestLevel)
[2016.10.12-10.02.47:123][ 64]LogBlueprint:Warning: [Compiler PersistentLevel.TestLevel] Warning [0023.20] Compile of PersistentLevel.TestLevel successful, but with 2 Warning(s) [in 0 ms] (/Game/TestLevel.TestLevel:PersistentLevel.TestLevel)
[2016.10.12-10.02.47:123][ 64]LogBlueprint:Warning: [Compiler PersistentLevel.TestLevel] Warning [0023.20] Compile of PersistentLevel.TestLevel successful, but with 3 Warning(s) [in 0 ms] (/Game/TestLevel.TestLevel:PersistentLevel.TestLevel)
[2016.10.12-10.02.47:124][ 64]LogLinker:Warning: CreateExport: Failed to load Parent for BlueprintGeneratedClass /Game/PlayerCharacter/Camera.Camera_C
[2016.10.12-10.02.47:124][ 64]LogLinker:Warning: CreateExport: Failed to load Parent for BlueprintGeneratedClass /Game/PlayerCharacter/Camera.Camera_C
[2016.10.12-10.02.47:124][ 64]LogLinker:Warning: CreateExport: Failed to load Parent for BlueprintGeneratedClass /Game/PlayerCharacter/Camera.Camera_C
[2016.10.12-10.02.47:125][ 64]LogLinker:Warning: CreateExport: Failed to load Parent for BlueprintGeneratedClass /Game/PlayerCharacter/Camera.Camera_C
[2016.10.12-10.02.47:125][ 64]LogLinker:Warning: CreateExport: Failed to load Parent for BlueprintGeneratedClass /Game/PlayerCharacter/Camera.Camera_C
[2016.10.12-10.02.47:128][ 64]LogAIModule: Creating AISystem for world TestLevel
[2016.10.12-10.02.47:170][ 64]LogEditorServer: Finished looking for orphan Actors (0.000 secs)
[2016.10.12-10.02.47:185][ 64]Cmd: MAP CHECKDEP NOCLEARLOG
[2016.10.12-10.02.47:213][ 64]MapCheck: Info Map check complete: 0 Error(s), 0 Warning(s), took 27.983ms to complete.
[2016.10.12-10.02.47:213][ 64]LogFileHelpers: Loading map 'TestLevel' took 0.107
[2016.10.12-10.02.47:216][ 64]LoadErrors:Warning: Warning CreateExport: Failed to load Outer for resource 'Camera': Camera_C /Game/TestLevel.TestLevel:PersistentLevel.Camera_344
[2016.10.12-10.02.47:216][ 64]LoadErrors:Warning: Warning CreateExport: Failed to load Outer for resource 'DefaultSceneRoot': Camera_C /Game/TestLevel.TestLevel:PersistentLevel.Camera_344
[2016.10.12-10.02.47:216][ 64]LoadErrors:Warning: Warning CreateExport: Failed to load Outer for resource 'SpringArm': Camera_C /Game/TestLevel.TestLevel:PersistentLevel.Camera_344
[2016.10.12-10.03.01:085][709]LogEditorViewport: Clicking on Actor (LMB): StaticMeshActor (Floor)
[2016.10.12-10.04.39:485][937]Recompiling PartyGame...
[2016.10.12-10.04.39:485][937]Launching UnrealBuildTool... [C:/Program Files (x86)/Epic Games/4.13/Engine/Binaries/DotNET/UnrealBuildTool.exe PartyGame -ModuleWithSuffix PartyGame 1999 Win64 Development -editorrecompile -canskiplink "D:/GITProjects/PartyGame/PartyGame/PartyGame.uproject"  -2015]
[2016.10.12-10.04.39:486][937]Warning: Starting HotReload took  0.1s.
[2016.10.12-10.04.39:643][955]CompilerResultsLog: New page: Compilation - Oct 12, 2016, 1:04:39 PM
[2016.10.12-10.04.39:643][955]CompilerResultsLog: Info UnrealBuildTool Exception: ERROR: A conflicting instance of UnrealBuildTool is already running at this location: C:\Program Files (x86)\Epic Games\4.13\Engine\Binaries\DotNET\UnrealBuildTool.exe. A process manager may be used to determine the conflicting process and what tool may have launched it.
[2016.10.12-10.04.39:643][955]LogMainFrame: MainFrame: Module compiling took 0.165 seconds
[2016.10.12-10.04.39:643][955]Warning: HotReload failed, recompile failed
[2016.10.12-10.04.41:429][132]Recompiling PartyGame...
[2016.10.12-10.04.41:429][132]Launching UnrealBuildTool... [C:/Program Files (x86)/Epic Games/4.13/Engine/Binaries/DotNET/UnrealBuildTool.exe PartyGame -ModuleWithSuffix PartyGame 6158 Win64 Development -editorrecompile -canskiplink "D:/GITProjects/PartyGame/PartyGame/PartyGame.uproject"  -2015]
[2016.10.12-10.04.41:430][132]Warning: Starting HotReload took  0.0s.
[2016.10.12-10.04.41:630][153]CompilerResultsLog: New page: Compilation - Oct 12, 2016, 1:04:41 PM
[2016.10.12-10.04.41:630][153]CompilerResultsLog: Info UnrealBuildTool Exception: ERROR: A conflicting instance of UnrealBuildTool is already running at this location: C:\Program Files (x86)\Epic Games\4.13\Engine\Binaries\DotNET\UnrealBuildTool.exe. A process manager may be used to determine the conflicting process and what tool may have launched it.
[2016.10.12-10.04.41:630][153]LogMainFrame: MainFrame: Module compiling took 0.207 seconds
[2016.10.12-10.04.41:630][153]Warning: HotReload failed, recompile failed
[2016.10.12-10.04.52:554][759]Recompiling PartyGame...
[2016.10.12-10.04.52:554][759]Launching UnrealBuildTool... [C:/Program Files (x86)/Epic Games/4.13/Engine/Binaries/DotNET/UnrealBuildTool.exe PartyGame -ModuleWithSuffix PartyGame 3434 Win64 Development -editorrecompile -canskiplink "D:/GITProjects/PartyGame/PartyGame/PartyGame.uproject"  -2015]
[2016.10.12-10.04.52:555][759]Warning: Starting HotReload took  0.0s.
[2016.10.12-10.04.53:199][816]LogBlueprintUserMessages: Early PlayInEditor Detection: Level '/Game/TestLevel.TestLevel:PersistentLevel' has LevelScriptBlueprint '/Game/TestLevel.TestLevel:PersistentLevel.TestLevel' with GeneratedClass '/Game/TestLevel.TestLevel_C' with ClassGeneratedBy '/Game/TestLevel.TestLevel:PersistentLevel.TestLevel'
[2016.10.12-10.04.53:199][816]LogPlayLevel: PlayLevel: No blueprints needed recompiling
[2016.10.12-10.04.53:199][816]PIE: New page: PIE session: TestLevel (Oct 12, 2016, 1:04:53 PM)
[2016.10.12-10.04.53:199][816]LogPlayLevel: Creating play world package: /Game/UEDPIE_0_TestLevel
[2016.10.12-10.04.53:202][816]LogPlayLevel: PIE: StaticDuplicateObject took: (0.002504s)
[2016.10.12-10.04.53:203][816]LogAIModule: Creating AISystem for world TestLevel
[2016.10.12-10.04.53:203][816]LogPlayLevel: PIE: World Init took: (0.000852s)
[2016.10.12-10.04.53:203][816]LogPlayLevel: PIE: Created PIE world by copying editor world from /Game/TestLevel.TestLevel to /Game/UEDPIE_0_TestLevel.TestLevel (0.003558s)
[2016.10.12-10.04.53:214][816]LogInit: XAudio2 using 'Högtalare (Realtek High Definition Audio)' : 2 channels at 48 kHz using 32 bits per sample (channel mask 0x3)
[2016.10.12-10.04.53:220][816]LogInit: FAudioDevice initialized.
[2016.10.12-10.04.53:251][816]LogWorld: Game class is 'PartyGameMode_C'
[2016.10.12-10.04.53:253][816]LogWorld: Bringing World /Game/UEDPIE_0_TestLevel.TestLevel up for play (max tick rate 0) at 2016.10.12-12.04.53
[2016.10.12-10.04.53:253][816]LogWorld: Bringing up level for play took: 0.001284
[2016.10.12-10.04.53:254][816]LogGameMode:Display: Match State Changed from EnteringMap to WaitingToStart
[2016.10.12-10.04.53:254][816]LogGameState: Match State Changed from EnteringMap to WaitingToStart
[2016.10.12-10.04.53:254][816]LogGameMode:Display: Match State Changed from WaitingToStart to InProgress
[2016.10.12-10.04.53:255][816]LogGameState: Match State Changed from WaitingToStart to InProgress
[2016.10.12-10.04.53:256][816]PIE: Info Play in editor start time for /Game/UEDPIE_0_TestLevel 0.881
[2016.10.12-10.04.53:256][816]LogBlueprintUserMessages: Late PlayInEditor Detection: Level '/Game/TestLevel.TestLevel:PersistentLevel' has LevelScriptBlueprint '/Game/TestLevel.TestLevel:PersistentLevel.TestLevel' with GeneratedClass '/Game/TestLevel.TestLevel_C' with ClassGeneratedBy '/Game/TestLevel.TestLevel:PersistentLevel.TestLevel'
[2016.10.12-10.04.54:651][982]CompilerResultsLog: New page: Compilation - Oct 12, 2016, 1:04:54 PM
[2016.10.12-10.04.54:651][982]CompilerResultsLog: Info Creating makefile for hot reloading PartyGame (modules to compile have changed)
[2016.10.12-10.04.54:651][982]CompilerResultsLog: Info Compiling game modules for hot reload
[2016.10.12-10.04.54:651][982]CompilerResultsLog: Info Target is up to date
[2016.10.12-10.04.54:651][982]LogMainFrame: MainFrame: Module compiling took 2.103 seconds
[2016.10.12-10.04.54:672][982]LogContentBrowser: Native class hierarchy populated in 0.0091 seconds. Added 2146 classes and 421 folders.
[2016.10.12-10.04.54:672][982]Display: HotReload took  2.1s.
[2016.10.12-10.04.55:147][ 38]LogBlueprintUserMessages: Early EndPlayMap Detection: Level '/Game/TestLevel.TestLevel:PersistentLevel' has LevelScriptBlueprint '/Game/TestLevel.TestLevel:PersistentLevel.TestLevel' with GeneratedClass '/Game/TestLevel.TestLevel_C' with ClassGeneratedBy '/Game/TestLevel.TestLevel:PersistentLevel.TestLevel'
[2016.10.12-10.04.55:187][ 38]LogBlueprintUserMessages: Late EndPlayMap Detection: Level '/Game/TestLevel.TestLevel:PersistentLevel' has LevelScriptBlueprint '/Game/TestLevel.TestLevel:PersistentLevel.TestLevel' with GeneratedClass '/Game/TestLevel.TestLevel_C' with ClassGeneratedBy '/Game/TestLevel.TestLevel:PersistentLevel.TestLevel'
[2016.10.12-10.08.24:643][ 70]Running C:/Program Files (x86)/Epic Games/4.13/Engine/Binaries/DotNET/UnrealBuildTool.exe  -projectfiles -project="D:/GITProjects/PartyGame/PartyGame/PartyGame.uproject" -game -rocket -progress
[2016.10.12-10.08.24:844][ 70]Discovering modules, targets and source code for project...
[2016.10.12-10.08.41:415][809]LogContentBrowser: Native class hierarchy updated for 'BlueprintGraph' in 0.0012 seconds. Added 112 classes and 0 folders.
[2016.10.12-10.08.41:686][809]LogStats: FPlatformStackWalk::StackWalkAndDump -  0.036 s
[2016.10.12-10.08.41:686][809]LogOutputDevice:Error: === Handled ensure: ===
[2016.10.12-10.08.41:686][809]LogOutputDevice:Error: 
[2016.10.12-10.08.41:686][809]LogOutputDevice:Error: Ensure condition failed: BpClass != nullptr [File:D:\Build\++UE4+Release-4.13+Compile\Sync\Engine\Source\Editor\BlueprintGraph\Private\BlueprintActionFilter.cpp] [Line: 601]
[2016.10.12-10.08.41:686][809]LogOutputDevice:Error: Unable to resolve IsEventUnimplementable() - Blueprint (Camera) missing an authoratative class (skel: [NULL], generated: [NULL], parent: [NULL])
[2016.10.12-10.08.41:686][809]LogOutputDevice:Error: Stack: 
[2016.10.12-10.08.41:686][809]LogOutputDevice:Error: UE4Editor-Core.dll
[2016.10.12-10.08.41:686][809]LogOutputDevice:Error: UE4Editor-Core.dll
[2016.10.12-10.08.41:686][809]LogOutputDevice:Error: UE4Editor-Core.dll
[2016.10.12-10.08.41:686][809]LogOutputDevice:Error: UE4Editor-BlueprintGraph.dll
[2016.10.12-10.08.41:686][809]LogOutputDevice:Error: UE4Editor-BlueprintGraph.dll
[2016.10.12-10.08.41:686][809]LogOutputDevice:Error: UE4Editor-BlueprintGraph.dll
[2016.10.12-10.08.41:686][809]LogOutputDevice:Error: UE4Editor-Kismet.dll
[2016.10.12-10.08.41:686][809]LogOutputDevice:Error: UE4Editor-Kismet.dll
[2016.10.12-10.08.41:686][809]LogOutputDevice:Error: UE4Editor-Kismet.dll
[2016.10.12-10.08.41:686][809]LogOutputDevice:Error: UE4Editor-Kismet.dll
[2016.10.12-10.08.41:686][809]LogOutputDevice:Error: UE4Editor-Kismet.dll
[2016.10.12-10.08.41:686][809]LogOutputDevice:Error: UE4Editor-Kismet.dll
[2016.10.12-10.08.41:686][809]LogOutputDevice:Error: UE4Editor-GraphEditor.dll
[2016.10.12-10.08.41:686][809]LogOutputDevice:Error: UE4Editor-GraphEditor.dll
[2016.10.12-10.08.41:686][809]LogOutputDevice:Error: UE4Editor-Kismet.dll
[2016.10.12-10.08.41:686][809]LogOutputDevice:Error: UE4Editor-Kismet.dll
[2016.10.12-10.08.41:686][809]LogOutputDevice:Error: UE4Editor-Kismet.dll
[2016.10.12-10.08.41:686][809]LogOutputDevice:Error: UE4Editor-Kismet.dll
[2016.10.12-10.08.41:686][809]LogOutputDevice:Error: UE4Editor-Kismet.dll
[2016.10.12-10.08.41:686][809]LogOutputDevice:Error: UE4Editor-Kismet.dll
[2016.10.12-10.08.41:686][809]LogOutputDevice:Error: UE4Editor-Kismet.dll
[2016.10.12-10.08.41:686][809]LogOutputDevice:Error: UE4Editor-Kismet.dll
[2016.10.12-10.08.41:686][809]LogOutputDevice:Error: UE4Editor-Kismet.dll
[2016.10.12-10.08.41:686][809]LogOutputDevice:Error: UE4Editor-Kismet.dll
[2016.10.12-10.08.41:686][809]LogOutputDevice:Error: UE4Editor-AssetTools.dll
[2016.10.12-10.08.41:686][809]LogOutputDevice:Error: UE4Editor-UnrealEd.dll
[2016.10.12-10.08.41:686][809]LogOutputDevice:Error: UE4Editor-AssetTools.dll
[2016.10.12-10.08.41:686][809]LogOutputDevice:Error: UE4Editor-ContentBrowser.dll
[2016.10.12-10.08.41:686][809]LogOutputDevice:Error: UE4Editor-ContentBrowser.dll
[2016.10.12-10.08.41:686][809]LogOutputDevice:Error: UE4Editor-ContentBrowser.dll
[2016.10.12-10.08.41:686][809]LogOutputDevice:Error: UE4Editor-ContentBrowser.dll
[2016.10.12-10.08.41:686][809]LogOutputDevice:Error: UE4Editor-ContentBrowser.dll
[2016.10.12-10.08.41:686][809]LogOutputDevice:Error: UE4Editor-ContentBrowser.dll
[2016.10.12-10.08.41:686][809]LogOutputDevice:Error: UE4Editor-ContentBrowser.dll
[2016.10.12-10.08.41:686][809]LogOutputDevice:Error: UE4Editor-ContentBrowser.dll
[2016.10.12-10.08.41:686][809]LogOutputDevice:Error: UE4Editor-ContentBrowser.dll
[2016.10.12-10.08.41:686][809]LogOutputDevice:Error: UE4Editor-ContentBrowser.dll
[2016.10.12-10.08.41:686][809]LogOutputDevice:Error: UE4Editor-Slate.dll
[2016.10.12-10.08.41:686][809]LogOutputDevice:Error: UE4Editor-Slate.dll
[2016.10.12-10.08.41:686][809]LogOutputDevice:Error: UE4Editor-Slate.dll
[2016.10.12-10.08.41:686][809]LogOutputDevice:Error: UE4Editor-Slate.dll
[2016.10.12-10.08.41:686][809]LogOutputDevice:Error: UE4Editor-Slate.dll
[2016.10.12-10.08.41:686][809]LogOutputDevice:Error: UE4Editor-Core.dll
[2016.10.12-10.08.41:686][809]LogOutputDevice:Error: UE4Editor-Core.dll
[2016.10.12-10.08.41:686][809]LogOutputDevice:Error: UE4Editor-Core.dll
[2016.10.12-10.08.41:686][809]LogOutputDevice:Error: UE4Editor-Core.dll
[2016.10.12-10.08.41:686][809]LogOutputDevice:Error: USER32.dll
[2016.10.12-10.08.41:686][809]LogOutputDevice:Error: USER32.dll
[2016.10.12-10.08.41:686][809]LogOutputDevice:Error: UE4Editor-Core.dll
[2016.10.12-10.08.41:686][809]LogOutputDevice:Error: UE4Editor.exe
[2016.10.12-10.08.41:686][809]LogOutputDevice:Error: UE4Editor.exe
[2016.10.12-10.08.41:686][809]LogOutputDevice:Error: UE4Editor.exe
[2016.10.12-10.08.41:686][809]LogOutputDevice:Error: UE4Editor.exe
[2016.10.12-10.08.41:686][809]LogOutputDevice:Error: UE4Editor.exe
[2016.10.12-10.08.41:686][809]LogOutputDevice:Error: kernel32.dll
[2016.10.12-10.08.41:686][809]LogOutputDevice:Error: ntdll.dll
[2016.10.12-10.08.41:686][809]LogOutputDevice:Error: ntdll.dll
[2016.10.12-10.08.41:686][809]LogOutputDevice:Error: 
OutputDevice:Error: UE4Editor-BlueprintGraph.dll
[2016.10.12-10.08.41:686][809]LogOutputDevice:Error: UE4Editor-BlueprintGraph.dll
[2016.10.12-10.08.41:686][809]LogOutputDevice:Error: UE4Editor-BlueprintGraph.dll
[2016.10.12-10.08.41:686][809]LogOutputDevice:Error: UE4Editor-Kismet.dll
[2016.10.12-10.08.41:686][809]LogOutputDevice:Error: UE4Editor-Kismet.dll
[2016.10.12-10.08.41:686][809]LogOutputDevice:Error: UE4Editor-Kismet.dll
[2016.10.12-10.08.41:686][809]LogOutputDevice:Error: UE4Editor-Kismet.dll
[2016.10.12-10.08.41:686][809]LogOutputDevice:Error: UE4Editor-Kismet.dll
[2016.10.12-10.08.41:686][809]LogOutputDevice:Error: UE4Editor-Kismet.dll
[2016.10.12-10.08.41:686][809]LogOutputDevice:Error: UE4Editor-GraphEditor.dll
[2016.10.12-10.08.41:686][809]LogOutputDevice:Error: UE4Editor-GraphEditor.dll
[2016.10.12-10.08.41:686][809]LogOutputDevice:Error: UE4Editor-Kismet.dll
[2016.10.12-10.08.41:686][809]LogOutputDevice:Error: UE4Editor-Kismet.dll
[2016.10.12-10.08.41:686][809]LogOutputDevice:Error: UE4Editor-Kismet.dll
[2016.10.12-10.08.41:686][809]LogOutputDevice:Error: UE4Editor-Kismet.dll
[2016.10.12-10.08.41:686][809]LogOutputDevice:Error: UE4Editor-Kismet.dll
[2016.10.12-10.08.41:686][809]LogOutputDevice:Error: UE4Editor-Kismet.dll
[2016.10.12-10.08.41:686][809]LogOutputDevice:Error: UE4Editor-Kismet.dll
[2016.10.12-10.08.41:686][809]LogOutputDevice:Error: UE4Editor-Kismet.dll
[2016.10.12-10.08.41:686][809]LogOutputDevice:Error: UE4Editor-Kismet.dll
[2016.10.12-10.08.41:686][809]LogOutputDevice:Error: UE4Editor-Kismet.dll
[2016.10.12-10.08.41:686][809]LogOutputDevice:Error: UE4Editor-AssetTools.dll
[2016.10.12-10.08.41:686][809]LogOutputDevice:Error: UE4Editor-UnrealEd.dll
[2016.10.12-10.08.41:686][809]LogOutputDevice:Error: UE4Editor-AssetTools.dll
[2016.10.12-10.08.41:686][809]LogOutputDevice:Error: UE4Editor-ContentBrowser.dll
[2016.10.12-10.08.41:686][809]LogOutputDevice:Error: UE4Editor-ContentBrowser.dll
[2016.10.12-10.08.41:686][809]LogOutputDevice:Error: UE4Editor-ContentBrowser.dll
[2016.10.12-10.08.41:686][809]LogOutputDevice:Error: UE4Editor-ContentBrowser.dll
[2016.10.12-10.08.41:686][809]LogOutputDevice:Error: UE4Editor-ContentBrowser.dll
[2016.10.12-10.08.41:686][809]LogOutputDevice:Error: UE4Editor-ContentBrowser.dll
[2016.10.12-10.08.41:686][809]LogOutputDevice:Error: UE4Editor-ContentBrowser.dll
[2016.10.12-10.08.41:686][809]LogOutputDevice:Error: UE4Editor-ContentBrowser.dll
[2016.10.12-10.08.41:686][809]LogOutputDevice:Error: UE4Editor-ContentBrowser.dll
[2016.10.12-10.08.41:686][809]LogOutputDevice:Error: UE4Editor-ContentBrowser.dll
[2016.10.12-10.08.41:686][809]LogOutputDevice:Error: UE4Editor-Slate.dll
[2016.10.12-10.08.41:686][809]LogOutputDevice:Error: UE4Editor-Slate.dll
[2016.10.12-10.08.41:686][809]LogOutputDevice:Error: UE4Editor-Slate.dll
[2016.10.12-10.08.41:686][809]LogOutputDevice:Error: UE4Editor-Slate.dll
[2016.10.12-10.08.41:686][809]LogOutputDevice:Error: UE4Editor-Slate.dll
[2016.10.12-10.08.41:686][809]LogOutputDevice:Error: UE4Editor-Core.dll
[2016.10.12-10.08.41:686][809]LogOutputDevice:Error: UE4Editor-Core.dll
[2016.10.12-10.08.41:686][809]LogOutputDevice:Error: UE4Editor-Core.dll
[2016.10.12-10.08.41:686][809]LogOutputDevice:Error: UE4Editor-Core.dll
[2016.10.12-10.08.41:686][809]LogOutputDevice:Error: USER32.dll
[2016.10.12-10.08.41:686][809]LogOutputDevice:Error: USER32.dll
[2016.10.12-10.08.41:686][809]LogOutputDevice:Error: UE4Editor-Core.dll
[2016.10.12-10.08.41:686][809]LogOutputDevice:Error: UE4Editor.exe
[2016.10.12-10.08.41:686][809]LogOutputDevice:Error: UE4Editor.exe
[2016.10.12-10.08.41:686][809]LogOutputDevice:Error: UE4Editor.exe
[2016.10.12-10.08.41:686][809]LogOutputDevice:Error: UE4Editor.exe
[2016.10.12-10.08.41:686][809]LogOutputDevice:Error: UE4Editor.exe
[2016.10.12-10.08.41:686][809]LogOutputDevice:Error: kernel32.dll
[2016.10.12-10.08.41:686][809]LogOutputDevice:Error: ntdll.dll
[2016.10.12-10.08.41:686][809]LogOutputDevice:Error: ntdll.dll
[2016.10.12-[2016.10.12-10.08.41:686][809]LogStats:                SubmitErrorReport -  0.000 s
[2016.10.12-10.08.41:924][809]LogStats:                    SendNewReport -  0.238 s
[2016.10.12-10.08.41:924][809]LogStats:             FDebug::EnsureFailed -  0.275 s
[2016.10.12-10.08.41:946][809]LogStats: FPlatformStackWalk::StackWalkAndDump -  0.015 s
[2016.10.12-10.08.41:946][809]LogOutputDevice:Error: === Handled ensure: ===
[2016.10.12-10.08.41:946][809]LogOutputDevice:Error: 
[2016.10.12-10.08.41:946][809]LogOutputDevice:Error: Ensure condition failed: BpClass != nullptr [File:D:\Build\++UE4+Release-4.13+Compile\Sync\Engine\Source\Editor\BlueprintGraph\Private\BlueprintActionFilter.cpp] [Line: 700]
[2016.10.12-10.08.41:946][809]LogOutputDevice:Error: Unable to resolve IsFieldInaccessible() - Blueprint (Camera) missing an authoratative class (skel: [NULL], generated: [NULL], parent: [NULL])
[2016.10.12-10.08.41:946][809]LogOutputDevice:Error: Stack: 
[2016.10.12-10.08.41:946][809]LogOutputDevice:Error: UE4Editor-Core.dll
[2016.10.12-10.08.41:946][809]LogOutputDevice:Error: UE4Editor-Core.dll
[2016.10.12-10.08.41:946][809]LogOutputDevice:Error: UE4Editor-Core.dll
[2016.10.12-10.08.41:946][809]LogOutputDevice:Error: UE4Editor-BlueprintGraph.dll
[2016.10.12-10.08.41:946][809]LogOutputDevice:Error: UE4Editor-BlueprintGraph.dll
[2016.10.12-10.08.41:946][809]LogOutputDevice:Error: UE4Editor-BlueprintGraph.dll
[2016.10.12-10.08.41:946][809]LogOutputDevice:Error: UE4Editor-Kismet.dll
[2016.10.12-10.08.41:946][809]LogOutputDevice:Error: UE4Editor-Kismet.dll
[2016.10.12-10.08.41:946][809]LogOutputDevice:Error: UE4Editor-Kismet.dll
[2016.10.12-10.08.41:946][809]LogOutputDevice:Error: UE4Editor-Kismet.dll
[2016.10.12-10.08.41:946][809]LogOutputDevice:Error: UE4Editor-Kismet.dll
[2016.10.12-10.08.41:946][809]LogOutputDevice:Error: UE4Editor-Kismet.dll
[2016.10.12-10.08.41:946][809]LogOutputDevice:Error: UE4Editor-GraphEditor.dll
[2016.10.12-10.08.41:946][809]LogOutputDevice:Error: UE4Editor-GraphEditor.dll
[2016.10.12-10.08.41:946][809]LogOutputDevice:Error: UE4Editor-Kismet.dll
[2016.10.12-10.08.41:946][809]LogOutputDevice:Error: UE4Editor-Kismet.dll
[2016.10.12-10.08.41:946][809]LogOutputDevice:Error: UE4Editor-Kismet.dll
[2016.10.12-10.08.41:946][809]LogOutputDevice:Error: UE4Editor-Kismet.dll
[2016.10.12-10.08.41:946][809]LogOutputDevice:Error: UE4Editor-Kismet.dll
[2016.10.12-10.08.41:946][809]LogOutputDevice:Error: UE4Editor-Kismet.dll
[2016.10.12-10.08.41:946][809]LogOutputDevice:Error: UE4Editor-Kismet.dll
[2016.10.12-10.08.41:946][809]LogOutputDevice:Error: UE4Editor-Kismet.dll
[2016.10.12-10.08.41:946][809]LogOutputDevice:Error: UE4Editor-Kismet.dll
[2016.10.12-10.08.41:946][809]LogOutputDevice:Error: UE4Editor-Kismet.dll
[2016.10.12-10.08.41:946][809]LogOutputDevice:Error: UE4Editor-AssetTools.dll
[2016.10.12-10.08.41:946][809]LogOutputDevice:Error: UE4Editor-UnrealEd.dll
[2016.10.12-10.08.41:946][809]LogOutputDevice:Error: UE4Editor-AssetTools.dll
[2016.10.12-10.08.41:946][809]LogOutputDevice:Error: UE4Editor-ContentBrowser.dll
[2016.10.12-10.08.41:946][809]LogOutputDevice:Error: UE4Editor-ContentBrowser.dll
[2016.10.12-10.08.41:946][809]LogOutputDevice:Error: UE4Editor-ContentBrowser.dll
[2016.10.12-10.08.41:946][809]LogOutputDevice:Error: UE4Editor-ContentBrowser.dll
[2016.10.12-10.08.41:946][809]LogOutputDevice:Error: UE4Editor-ContentBrowser.dll
[2016.10.12-10.08.41:946][809]LogOutputDevice:Error: UE4Editor-ContentBrowser.dll
[2016.10.12-10.08.41:946][809]LogOutputDevice:Error: UE4Editor-ContentBrowser.dll
[2016.10.12-10.08.41:946][809]LogOutputDevice:Error: UE4Editor-ContentBrowser.dll
[2016.10.12-10.08.41:946][809]LogOutputDevice:Error: UE4Editor-ContentBrowser.dll
[2016.10.12-10.08.41:946][809]LogOutputDevice:Error: UE4Editor-ContentBrowser.dll
[2016.10.12-10.08.41:946][809]LogOutputDevice:Error: UE4Editor-Slate.dll
[2016.10.12-10.08.41:946][809]LogOutputDevice:Error: UE4Editor-Slate.dll
[2016.10.12-10.08.41:946][809]LogOutputDevice:Error: UE4Editor-Slate.dll
[2016.10.12-10.08.41:946][809]LogOutputDevice:Error: UE4Editor-Slate.dll
[2016.10.12-10.08.41:946][809]LogOutputDevice:Error: UE4Editor-Slate.dll
[2016.10.12-10.08.41:946][809]LogOutputDevice:Error: UE4Editor-Core.dll
[2016.10.12-10.08.41:946][809]LogOutputDevice:Error: UE4Editor-Core.dll
[2016.10.12-10.08.41:946][809]LogOutputDevice:Error: UE4Editor-Core.dll
[2016.10.12-10.08.41:946][809]LogOutputDevice:Error: UE4Editor-Core.dll
[2016.10.12-10.08.41:946][809]LogOutputDevice:Error: USER32.dll
[2016.10.12-10.08.41:946][809]LogOutputDevice:Error: USER32.dll
[2016.10.12-10.08.41:946][809]LogOutputDevice:Error: UE4Editor-Core.dll
[2016.10.12-10.08.41:946][809]LogOutputDevice:Error: UE4Editor.exe
[2016.10.12-10.08.41:946][809]LogOutputDevice:Error: UE4Editor.exe
[2016.10.12-10.08.41:946][809]LogOutputDevice:Error: UE4Editor.exe
[2016.10.12-10.08.41:946][809]LogOutputDevice:Error: UE4Editor.exe
[2016.10.12-10.08.41:946][809]LogOutputDevice:Error: UE4Editor.exe
[2016.10.12-10.08.41:946][809]LogOutputDevice:Error: kernel32.dll
[2016.10.12-10.08.41:946][809]LogOutputDevice:Error: ntdll.dll
[2016.10.12-10.08.41:946][809]LogOutputDevice:Error: ntdll.dll
[2016.10.12-10.08.41:946][809]LogOutputDevice:Error: 
[2016.10.12-10.08.41:946][809]LogStats:                SubmitErrorReport -  0.000 s
[2016.10.12-10.08.42:113][809]LogStats:                    SendNewReport -  0.166 s
[2016.10.12-10.08.42:113][809]LogStats:             FDebug::EnsureFailed -  0.181 s
[2016.10.12-10.08.42:286][809]LogWindows: Windows GetLastError: Åtgärden har slutförts. (0)
[2016.10.12-10.08.42:477][809]LogCrashTracker: 


[2016.10.12-10.08.42:477][809]LogCrashTracker: 


[2016.10.12-10.08.42:477][809]LogWindows:Error: === Critical error: ===
[2016.10.12-10.08.42:477][809]LogWindows:Error: 
[2016.10.12-10.08.42:477][809]LogWindows:Error: Assertion failed: Blueprint != nullptr && Blueprint->ParentClass != nullptr [File:D:\Build\++UE4+Release-4.13+Compile\Sync\Engine\Source\Editor\BlueprintGraph\Private\BlueprintActionFilter.cpp] [Line: 1621] 
[2016.10.12-10.08.42:477][809]LogWindows:Error: 
[2016.10.12-10.08.42:477][809]LogWindows:Error: 
[2016.10.12-10.08.42:477][809]LogWindows:Error: 
[2016.10.12-10.08.42:477][809]LogWindows:Error: KERNELBASE.dll
[2016.10.12-10.08.42:477][809]LogWindows:Error: UE4Editor-Core.dll
[2016.10.12-10.08.42:477][809]LogWindows:Error: UE4Editor-Core.dll
[2016.10.12-10.08.42:477][809]LogWindows:Error: UE4Editor-Core.dll
[2016.10.12-10.08.42:477][809]LogWindows:Error: UE4Editor-BlueprintGraph.dll
[2016.10.12-10.08.42:477][809]LogWindows:Error: UE4Editor-BlueprintGraph.dll
[2016.10.12-10.08.42:477][809]LogWindows:Error: UE4Editor-BlueprintGraph.dll
[2016.10.12-10.08.42:477][809]LogWindows:Error: UE4Editor-Kismet.dll
[2016.10.12-10.08.42:477][809]LogWindows:Error: UE4Editor-Kismet.dll
[2016.10.12-10.08.42:477][809]LogWindows:Error: UE4Editor-Kismet.dll
[2016.10.12-10.08.42:477][809]LogWindows:Error: UE4Editor-Kismet.dll
[2016.10.12-10.08.42:477][809]LogWindows:Error: UE4Editor-Kismet.dll
[2016.10.12-10.08.42:477][809]LogWindows:Error: UE4Editor-Kismet.dll
[2016.10.12-10.08.42:477][809]LogWindows:Error: UE4Editor-GraphEditor.dll
[2016.10.12-10.08.42:477][809]LogWindows:Error: UE4Editor-GraphEditor.dll
[2016.10.12-10.08.42:477][809]LogWindows:Error: UE4Editor-Kismet.dll
[2016.10.12-10.08.42:477][809]LogWindows:Error: UE4Editor-Kismet.dll
[2016.10.12-10.08.42:477][809]LogWindows:Error: UE4Editor-Kismet.dll
[2016.10.12-10.08.42:477][809]LogWindows:Error: UE4Editor-Kismet.dll
[2016.10.12-10.08.42:477][809]LogWindows:Error: UE4Editor-Kismet.dll
[2016.10.12-10.08.42:477][809]LogWindows:Error: UE4Editor-Kismet.dll
[2016.10.12-10.08.42:477][809]LogWindows:Error: UE4Editor-Kismet.dll
[2016.10.12-10.08.42:477][809]LogWindows:Error: UE4Editor-Kismet.dll
[2016.10.12-10.08.42:477][809]LogWindows:Error: UE4Editor-Kismet.dll
[2016.10.12-10.08.42:477][809]LogWindows:Error: UE4Editor-Kismet.dll
[2016.10.12-10.08.42:477][809]LogWindows:Error: UE4Editor-AssetTools.dll
[2016.10.12-10.08.42:477][809]LogWindows:Error: UE4Editor-UnrealEd.dll
[2016.10.12-10.08.42:477][809]LogWindows:Error: UE4Editor-AssetTools.dll
[2016.10.12-10.08.42:477][809]LogWindows:Error: UE4Editor-ContentBrowser.dll
[2016.10.12-10.08.42:477][809]LogWindows:Error: UE4Editor-ContentBrowser.dll
[2016.10.12-10.08.42:477][809]LogWindows:Error: UE4Editor-ContentBrowser.dll
[2016.10.12-10.08.42:477][809]LogWindows:Error: UE4Editor-ContentBrowser.dll
[2016.10.12-10.08.42:477][809]LogWindows:Error: UE4Editor-ContentBrowser.dll
[2016.10.12-10.08.42:477][809]LogWindows:Error: UE4Editor-ContentBrowser.dll
[2016.10.12-10.08.42:477][809]LogWindows:Error: UE4Editor-ContentBrowser.dll
[2016.10.12-10.08.42:477][809]LogWindows:Error: UE4Editor-ContentBrowser.dll
[2016.10.12-10.08.42:477][809]LogWindows:Error: UE4Editor-ContentBrowser.dll
[2016.10.12-10.08.42:477][809]LogWindows:Error: UE4Editor-ContentBrowser.dll
[2016.10.12-10.08.42:477][809]LogWindows:Error: UE4Editor-Slate.dll
[2016.10.12-10.08.42:477][809]LogWindows:Error: UE4Editor-Slate.dll
[2016.10.12-10.08.42:477][809]LogWindows:Error: UE4Editor-Slate.dll
[2016.10.12-10.08.42:477][809]LogWindows:Error: UE4Editor-Slate.dll
[2016.10.12-10.08.42:477][809]LogWindows:Error: UE4Editor-Slate.dll
[2016.10.12-10.08.42:477][809]LogWindows:Error: UE4Editor-Core.dll
[2016.10.12-10.08.42:477][809]LogWindows:Error: UE4Editor-Core.dll
[2016.10.12-10.08.42:477][809]LogWindows:Error: UE4Editor-Core.dll
[2016.10.12-10.08.42:477][809]LogWindows:Error: UE4Editor-Core.dll
[2016.10.12-10.08.42:477][809]LogWindows:Error: USER32.dll
[2016.10.12-10.08.42:477][809]LogWindows:Error: USER32.dll
[2016.10.12-10.08.42:477][809]LogWindows:Error: UE4Editor-Core.dll
[2016.10.12-10.08.42:477][809]LogWindows:Error: UE4Editor.exe
[2016.10.12-10.08.42:477][809]LogWindows:Error: UE4Editor.exe
[2016.10.12-10.08.42:477][809]LogWindows:Error: UE4Editor.exe
[2016.10.12-10.08.42:477][809]LogWindows:Error: UE4Editor.exe
[2016.10.12-10.08.42:477][809]LogWindows:Error: UE4Editor.exe
[2016.10.12-10.08.42:477][809]LogWindows:Error: kernel32.dll
[2016.10.12-10.08.42:477][809]LogWindows:Error: ntdll.dll
[2016.10.12-10.08.42:477][809]LogWindows:Error: ntdll.dll
[2016.10.12-10.08.42:477][809]LogWindows:Error: 
[2016.10.12-10.08.42:494][809]LogExit: Executing StaticShutdownAfterError
[2016.10.12-10.08.42:497][809]LogWindows: FPlatformMisc::RequestExit(1)
[2016.10.12-10.08.42:497][809]Log file closed, 10/12/16 12:08:42
